<?xml version="1.0" encoding="UTF-8" standalone="yes"?><!DOCTYPE report PUBLIC "-//JACOCO//DTD Report 1.1//EN" "report.dtd"><report name="Fabric8 :: Openshift :: Java Client"><sessioninfo id="ecs-b542-f2a26a32" start="1577772581356" dump="1577772582777"/><sessioninfo id="ecs-b542-ef5dd06f" start="1577772583214" dump="1577772585370"/><package name="io/fabric8/openshift/client/handlers"><class name="io/fabric8/openshift/client/handlers/SecurityContextConstraintsHandler" sourcefilename="SecurityContextConstraintsHandler.java"><method name="&lt;init&gt;" desc="()V" line="41"><counter type="INSTRUCTION" missed="3" covered="0"/><counter type="LINE" missed="1" covered="0"/><counter type="COMPLEXITY" missed="1" covered="0"/><counter type="METHOD" missed="1" covered="0"/></method><method name="getKind" desc="()Ljava/lang/String;" line="44"><counter type="INSTRUCTION" missed="3" covered="0"/><counter type="LINE" missed="1" covered="0"/><counter type="COMPLEXITY" missed="1" covered="0"/><counter type="METHOD" missed="1" covered="0"/></method><method name="create" desc="(Lokhttp3/OkHttpClient;Lio/fabric8/kubernetes/client/Config;Ljava/lang/String;Lio/fabric8/openshift/api/model/SecurityContextConstraints;)Lio/fabric8/openshift/api/model/SecurityContextConstraints;" line="49"><counter type="INSTRUCTION" missed="41" covered="0"/><counter type="LINE" missed="1" covered="0"/><counter type="COMPLEXITY" missed="1" covered="0"/><counter type="METHOD" missed="1" covered="0"/></method><method name="replace" desc="(Lokhttp3/OkHttpClient;Lio/fabric8/kubernetes/client/Config;Ljava/lang/String;Lio/fabric8/openshift/api/model/SecurityContextConstraints;)Lio/fabric8/openshift/api/model/SecurityContextConstraints;" line="54"><counter type="INSTRUCTION" missed="40" covered="0"/><counter type="LINE" missed="1" covered="0"/><counter type="COMPLEXITY" missed="1" covered="0"/><counter type="METHOD" missed="1" covered="0"/></method><method name="reload" desc="(Lokhttp3/OkHttpClient;Lio/fabric8/kubernetes/client/Config;Ljava/lang/String;Lio/fabric8/openshift/api/model/SecurityContextConstraints;)Lio/fabric8/openshift/api/model/SecurityContextConstraints;" line="59"><counter type="INSTRUCTION" missed="40" covered="0"/><counter type="LINE" missed="1" covered="0"/><counter type="COMPLEXITY" missed="1" covered="0"/><counter type="METHOD" missed="1" covered="0"/></method><method name="edit" desc="(Lio/fabric8/openshift/api/model/SecurityContextConstraints;)Lio/fabric8/openshift/api/model/SecurityContextConstraintsBuilder;" line="64"><counter type="INSTRUCTION" missed="5" covered="0"/><counter type="LINE" missed="1" covered="0"/><counter type="COMPLEXITY" missed="1" covered="0"/><counter type="METHOD" missed="1" covered="0"/></method><method name="delete" desc="(Lokhttp3/OkHttpClient;Lio/fabric8/kubernetes/client/Config;Ljava/lang/String;Lio/fabric8/openshift/api/model/SecurityContextConstraints;)Ljava/lang/Boolean;" line="69"><counter type="INSTRUCTION" missed="44" covered="0"/><counter type="LINE" missed="1" covered="0"/><counter type="COMPLEXITY" missed="1" covered="0"/><counter type="METHOD" missed="1" covered="0"/></method><method name="watch" desc="(Lokhttp3/OkHttpClient;Lio/fabric8/kubernetes/client/Config;Ljava/lang/String;Lio/fabric8/openshift/api/model/SecurityContextConstraints;Lio/fabric8/kubernetes/client/Watcher;)Lio/fabric8/kubernetes/client/Watch;" line="74"><counter type="INSTRUCTION" missed="39" covered="0"/><counter type="LINE" missed="1" covered="0"/><counter type="COMPLEXITY" missed="1" covered="0"/><counter type="METHOD" missed="1" covered="0"/></method><method name="watch" desc="(Lokhttp3/OkHttpClient;Lio/fabric8/kubernetes/client/Config;Ljava/lang/String;Lio/fabric8/openshift/api/model/SecurityContextConstraints;Ljava/lang/String;Lio/fabric8/kubernetes/client/Watcher;)Lio/fabric8/kubernetes/client/Watch;" line="79"><counter type="INSTRUCTION" missed="40" covered="0"/><counter type="LINE" missed="1" covered="0"/><counter type="COMPLEXITY" missed="1" covered="0"/><counter type="METHOD" missed="1" covered="0"/></method><method name="waitUntilReady" desc="(Lokhttp3/OkHttpClient;Lio/fabric8/kubernetes/client/Config;Ljava/lang/String;Lio/fabric8/openshift/api/model/SecurityContextConstraints;JLjava/util/concurrent/TimeUnit;)Lio/fabric8/openshift/api/model/SecurityContextConstraints;" line="84"><counter type="INSTRUCTION" missed="41" covered="0"/><counter type="LINE" missed="1" covered="0"/><counter type="COMPLEXITY" missed="1" covered="0"/><counter type="METHOD" missed="1" covered="0"/></method><method name="waitUntilCondition" desc="(Lokhttp3/OkHttpClient;Lio/fabric8/kubernetes/client/Config;Ljava/lang/String;Lio/fabric8/openshift/api/model/SecurityContextConstraints;Ljava/util/function/Predicate;JLjava/util/concurrent/TimeUnit;)Lio/fabric8/openshift/api/model/SecurityContextConstraints;" line="89"><counter type="INSTRUCTION" missed="42" covered="0"/><counter type="LINE" missed="1" covered="0"/><counter type="COMPLEXITY" missed="1" covered="0"/><counter type="METHOD" missed="1" covered="0"/></method><counter type="INSTRUCTION" missed="338" covered="0"/><counter type="LINE" missed="11" covered="0"/><counter type="COMPLEXITY" missed="11" covered="0"/><counter type="METHOD" missed="11" covered="0"/><counter type="CLASS" missed="1" covered="0"/></class><class name="io/fabric8/openshift/client/handlers/NetNamespaceHandler" sourcefilename="NetNamespaceHandler.java"><method name="&lt;init&gt;" desc="()V" line="41"><counter type="INSTRUCTION" missed="3" covered="0"/><counter type="LINE" missed="1" covered="0"/><counter type="COMPLEXITY" missed="1" covered="0"/><counter type="METHOD" missed="1" covered="0"/></method><method name="getKind" desc="()Ljava/lang/String;" line="44"><counter type="INSTRUCTION" missed="3" covered="0"/><counter type="LINE" missed="1" covered="0"/><counter type="COMPLEXITY" missed="1" covered="0"/><counter type="METHOD" missed="1" covered="0"/></method><method name="create" desc="(Lokhttp3/OkHttpClient;Lio/fabric8/kubernetes/client/Config;Ljava/lang/String;Lio/fabric8/openshift/api/model/NetNamespace;)Lio/fabric8/openshift/api/model/NetNamespace;" line="49"><counter type="INSTRUCTION" missed="41" covered="0"/><counter type="LINE" missed="1" covered="0"/><counter type="COMPLEXITY" missed="1" covered="0"/><counter type="METHOD" missed="1" covered="0"/></method><method name="replace" desc="(Lokhttp3/OkHttpClient;Lio/fabric8/kubernetes/client/Config;Ljava/lang/String;Lio/fabric8/openshift/api/model/NetNamespace;)Lio/fabric8/openshift/api/model/NetNamespace;" line="54"><counter type="INSTRUCTION" missed="40" covered="0"/><counter type="LINE" missed="1" covered="0"/><counter type="COMPLEXITY" missed="1" covered="0"/><counter type="METHOD" missed="1" covered="0"/></method><method name="reload" desc="(Lokhttp3/OkHttpClient;Lio/fabric8/kubernetes/client/Config;Ljava/lang/String;Lio/fabric8/openshift/api/model/NetNamespace;)Lio/fabric8/openshift/api/model/NetNamespace;" line="59"><counter type="INSTRUCTION" missed="40" covered="0"/><counter type="LINE" missed="1" covered="0"/><counter type="COMPLEXITY" missed="1" covered="0"/><counter type="METHOD" missed="1" covered="0"/></method><method name="edit" desc="(Lio/fabric8/openshift/api/model/NetNamespace;)Lio/fabric8/openshift/api/model/NetNamespaceBuilder;" line="64"><counter type="INSTRUCTION" missed="5" covered="0"/><counter type="LINE" missed="1" covered="0"/><counter type="COMPLEXITY" missed="1" covered="0"/><counter type="METHOD" missed="1" covered="0"/></method><method name="delete" desc="(Lokhttp3/OkHttpClient;Lio/fabric8/kubernetes/client/Config;Ljava/lang/String;Lio/fabric8/openshift/api/model/NetNamespace;)Ljava/lang/Boolean;" line="69"><counter type="INSTRUCTION" missed="44" covered="0"/><counter type="LINE" missed="1" covered="0"/><counter type="COMPLEXITY" missed="1" covered="0"/><counter type="METHOD" missed="1" covered="0"/></method><method name="watch" desc="(Lokhttp3/OkHttpClient;Lio/fabric8/kubernetes/client/Config;Ljava/lang/String;Lio/fabric8/openshift/api/model/NetNamespace;Lio/fabric8/kubernetes/client/Watcher;)Lio/fabric8/kubernetes/client/Watch;" line="74"><counter type="INSTRUCTION" missed="39" covered="0"/><counter type="LINE" missed="1" covered="0"/><counter type="COMPLEXITY" missed="1" covered="0"/><counter type="METHOD" missed="1" covered="0"/></method><method name="watch" desc="(Lokhttp3/OkHttpClient;Lio/fabric8/kubernetes/client/Config;Ljava/lang/String;Lio/fabric8/openshift/api/model/NetNamespace;Ljava/lang/String;Lio/fabric8/kubernetes/client/Watcher;)Lio/fabric8/kubernetes/client/Watch;" line="79"><counter type="INSTRUCTION" missed="40" covered="0"/><counter type="LINE" missed="1" covered="0"/><counter type="COMPLEXITY" missed="1" covered="0"/><counter type="METHOD" missed="1" covered="0"/></method><method name="waitUntilReady" desc="(Lokhttp3/OkHttpClient;Lio/fabric8/kubernetes/client/Config;Ljava/lang/String;Lio/fabric8/openshift/api/model/NetNamespace;JLjava/util/concurrent/TimeUnit;)Lio/fabric8/openshift/api/model/NetNamespace;" line="84"><counter type="INSTRUCTION" missed="41" covered="0"/><counter type="LINE" missed="1" covered="0"/><counter type="COMPLEXITY" missed="1" covered="0"/><counter type="METHOD" missed="1" covered="0"/></method><method name="waitUntilCondition" desc="(Lokhttp3/OkHttpClient;Lio/fabric8/kubernetes/client/Config;Ljava/lang/String;Lio/fabric8/openshift/api/model/NetNamespace;Ljava/util/function/Predicate;JLjava/util/concurrent/TimeUnit;)Lio/fabric8/openshift/api/model/NetNamespace;" line="89"><counter type="INSTRUCTION" missed="42" covered="0"/><counter type="LINE" missed="1" covered="0"/><counter type="COMPLEXITY" missed="1" covered="0"/><counter type="METHOD" missed="1" covered="0"/></method><counter type="INSTRUCTION" missed="338" covered="0"/><counter type="LINE" missed="11" covered="0"/><counter type="COMPLEXITY" missed="11" covered="0"/><counter type="METHOD" missed="11" covered="0"/><counter type="CLASS" missed="1" covered="0"/></class><class name="io/fabric8/openshift/client/handlers/OAuthClientHandler" sourcefilename="OAuthClientHandler.java"><method name="&lt;init&gt;" desc="()V" line="41"><counter type="INSTRUCTION" missed="3" covered="0"/><counter type="LINE" missed="1" covered="0"/><counter type="COMPLEXITY" missed="1" covered="0"/><counter type="METHOD" missed="1" covered="0"/></method><method name="getKind" desc="()Ljava/lang/String;" line="44"><counter type="INSTRUCTION" missed="3" covered="0"/><counter type="LINE" missed="1" covered="0"/><counter type="COMPLEXITY" missed="1" covered="0"/><counter type="METHOD" missed="1" covered="0"/></method><method name="create" desc="(Lokhttp3/OkHttpClient;Lio/fabric8/kubernetes/client/Config;Ljava/lang/String;Lio/fabric8/openshift/api/model/OAuthClient;)Lio/fabric8/openshift/api/model/OAuthClient;" line="49"><counter type="INSTRUCTION" missed="41" covered="0"/><counter type="LINE" missed="1" covered="0"/><counter type="COMPLEXITY" missed="1" covered="0"/><counter type="METHOD" missed="1" covered="0"/></method><method name="replace" desc="(Lokhttp3/OkHttpClient;Lio/fabric8/kubernetes/client/Config;Ljava/lang/String;Lio/fabric8/openshift/api/model/OAuthClient;)Lio/fabric8/openshift/api/model/OAuthClient;" line="54"><counter type="INSTRUCTION" missed="40" covered="0"/><counter type="LINE" missed="1" covered="0"/><counter type="COMPLEXITY" missed="1" covered="0"/><counter type="METHOD" missed="1" covered="0"/></method><method name="reload" desc="(Lokhttp3/OkHttpClient;Lio/fabric8/kubernetes/client/Config;Ljava/lang/String;Lio/fabric8/openshift/api/model/OAuthClient;)Lio/fabric8/openshift/api/model/OAuthClient;" line="59"><counter type="INSTRUCTION" missed="40" covered="0"/><counter type="LINE" missed="1" covered="0"/><counter type="COMPLEXITY" missed="1" covered="0"/><counter type="METHOD" missed="1" covered="0"/></method><method name="edit" desc="(Lio/fabric8/openshift/api/model/OAuthClient;)Lio/fabric8/openshift/api/model/OAuthClientBuilder;" line="64"><counter type="INSTRUCTION" missed="5" covered="0"/><counter type="LINE" missed="1" covered="0"/><counter type="COMPLEXITY" missed="1" covered="0"/><counter type="METHOD" missed="1" covered="0"/></method><method name="delete" desc="(Lokhttp3/OkHttpClient;Lio/fabric8/kubernetes/client/Config;Ljava/lang/String;Lio/fabric8/openshift/api/model/OAuthClient;)Ljava/lang/Boolean;" line="69"><counter type="INSTRUCTION" missed="44" covered="0"/><counter type="LINE" missed="1" covered="0"/><counter type="COMPLEXITY" missed="1" covered="0"/><counter type="METHOD" missed="1" covered="0"/></method><method name="watch" desc="(Lokhttp3/OkHttpClient;Lio/fabric8/kubernetes/client/Config;Ljava/lang/String;Lio/fabric8/openshift/api/model/OAuthClient;Lio/fabric8/kubernetes/client/Watcher;)Lio/fabric8/kubernetes/client/Watch;" line="74"><counter type="INSTRUCTION" missed="39" covered="0"/><counter type="LINE" missed="1" covered="0"/><counter type="COMPLEXITY" missed="1" covered="0"/><counter type="METHOD" missed="1" covered="0"/></method><method name="watch" desc="(Lokhttp3/OkHttpClient;Lio/fabric8/kubernetes/client/Config;Ljava/lang/String;Lio/fabric8/openshift/api/model/OAuthClient;Ljava/lang/String;Lio/fabric8/kubernetes/client/Watcher;)Lio/fabric8/kubernetes/client/Watch;" line="79"><counter type="INSTRUCTION" missed="40" covered="0"/><counter type="LINE" missed="1" covered="0"/><counter type="COMPLEXITY" missed="1" covered="0"/><counter type="METHOD" missed="1" covered="0"/></method><method name="waitUntilReady" desc="(Lokhttp3/OkHttpClient;Lio/fabric8/kubernetes/client/Config;Ljava/lang/String;Lio/fabric8/openshift/api/model/OAuthClient;JLjava/util/concurrent/TimeUnit;)Lio/fabric8/openshift/api/model/OAuthClient;" line="84"><counter type="INSTRUCTION" missed="41" covered="0"/><counter type="LINE" missed="1" covered="0"/><counter type="COMPLEXITY" missed="1" covered="0"/><counter type="METHOD" missed="1" covered="0"/></method><method name="waitUntilCondition" desc="(Lokhttp3/OkHttpClient;Lio/fabric8/kubernetes/client/Config;Ljava/lang/String;Lio/fabric8/openshift/api/model/OAuthClient;Ljava/util/function/Predicate;JLjava/util/concurrent/TimeUnit;)Lio/fabric8/openshift/api/model/OAuthClient;" line="89"><counter type="INSTRUCTION" missed="42" covered="0"/><counter type="LINE" missed="1" covered="0"/><counter type="COMPLEXITY" missed="1" covered="0"/><counter type="METHOD" missed="1" covered="0"/></method><counter type="INSTRUCTION" missed="338" covered="0"/><counter type="LINE" missed="11" covered="0"/><counter type="COMPLEXITY" missed="11" covered="0"/><counter type="METHOD" missed="11" covered="0"/><counter type="CLASS" missed="1" covered="0"/></class><class name="io/fabric8/openshift/client/handlers/OpenshiftRoleBindingHandler" sourcefilename="OpenshiftRoleBindingHandler.java"><method name="&lt;init&gt;" desc="()V" line="41"><counter type="INSTRUCTION" missed="3" covered="0"/><counter type="LINE" missed="1" covered="0"/><counter type="COMPLEXITY" missed="1" covered="0"/><counter type="METHOD" missed="1" covered="0"/></method><method name="getKind" desc="()Ljava/lang/String;" line="44"><counter type="INSTRUCTION" missed="3" covered="0"/><counter type="LINE" missed="1" covered="0"/><counter type="COMPLEXITY" missed="1" covered="0"/><counter type="METHOD" missed="1" covered="0"/></method><method name="create" desc="(Lokhttp3/OkHttpClient;Lio/fabric8/kubernetes/client/Config;Ljava/lang/String;Lio/fabric8/openshift/api/model/OpenshiftRoleBinding;)Lio/fabric8/openshift/api/model/OpenshiftRoleBinding;" line="49"><counter type="INSTRUCTION" missed="41" covered="0"/><counter type="LINE" missed="1" covered="0"/><counter type="COMPLEXITY" missed="1" covered="0"/><counter type="METHOD" missed="1" covered="0"/></method><method name="replace" desc="(Lokhttp3/OkHttpClient;Lio/fabric8/kubernetes/client/Config;Ljava/lang/String;Lio/fabric8/openshift/api/model/OpenshiftRoleBinding;)Lio/fabric8/openshift/api/model/OpenshiftRoleBinding;" line="54"><counter type="INSTRUCTION" missed="39" covered="0"/><counter type="LINE" missed="1" covered="0"/><counter type="COMPLEXITY" missed="1" covered="0"/><counter type="METHOD" missed="1" covered="0"/></method><method name="reload" desc="(Lokhttp3/OkHttpClient;Lio/fabric8/kubernetes/client/Config;Ljava/lang/String;Lio/fabric8/openshift/api/model/OpenshiftRoleBinding;)Lio/fabric8/openshift/api/model/OpenshiftRoleBinding;" line="59"><counter type="INSTRUCTION" missed="40" covered="0"/><counter type="LINE" missed="1" covered="0"/><counter type="COMPLEXITY" missed="1" covered="0"/><counter type="METHOD" missed="1" covered="0"/></method><method name="edit" desc="(Lio/fabric8/openshift/api/model/OpenshiftRoleBinding;)Lio/fabric8/openshift/api/model/OpenshiftRoleBindingBuilder;" line="64"><counter type="INSTRUCTION" missed="5" covered="0"/><counter type="LINE" missed="1" covered="0"/><counter type="COMPLEXITY" missed="1" covered="0"/><counter type="METHOD" missed="1" covered="0"/></method><method name="delete" desc="(Lokhttp3/OkHttpClient;Lio/fabric8/kubernetes/client/Config;Ljava/lang/String;Lio/fabric8/openshift/api/model/OpenshiftRoleBinding;)Ljava/lang/Boolean;" line="69"><counter type="INSTRUCTION" missed="44" covered="0"/><counter type="LINE" missed="1" covered="0"/><counter type="COMPLEXITY" missed="1" covered="0"/><counter type="METHOD" missed="1" covered="0"/></method><method name="watch" desc="(Lokhttp3/OkHttpClient;Lio/fabric8/kubernetes/client/Config;Ljava/lang/String;Lio/fabric8/openshift/api/model/OpenshiftRoleBinding;Lio/fabric8/kubernetes/client/Watcher;)Lio/fabric8/kubernetes/client/Watch;" line="74"><counter type="INSTRUCTION" missed="39" covered="0"/><counter type="LINE" missed="1" covered="0"/><counter type="COMPLEXITY" missed="1" covered="0"/><counter type="METHOD" missed="1" covered="0"/></method><method name="watch" desc="(Lokhttp3/OkHttpClient;Lio/fabric8/kubernetes/client/Config;Ljava/lang/String;Lio/fabric8/openshift/api/model/OpenshiftRoleBinding;Ljava/lang/String;Lio/fabric8/kubernetes/client/Watcher;)Lio/fabric8/kubernetes/client/Watch;" line="79"><counter type="INSTRUCTION" missed="40" covered="0"/><counter type="LINE" missed="1" covered="0"/><counter type="COMPLEXITY" missed="1" covered="0"/><counter type="METHOD" missed="1" covered="0"/></method><method name="waitUntilReady" desc="(Lokhttp3/OkHttpClient;Lio/fabric8/kubernetes/client/Config;Ljava/lang/String;Lio/fabric8/openshift/api/model/OpenshiftRoleBinding;JLjava/util/concurrent/TimeUnit;)Lio/fabric8/openshift/api/model/OpenshiftRoleBinding;" line="84"><counter type="INSTRUCTION" missed="41" covered="0"/><counter type="LINE" missed="1" covered="0"/><counter type="COMPLEXITY" missed="1" covered="0"/><counter type="METHOD" missed="1" covered="0"/></method><method name="waitUntilCondition" desc="(Lokhttp3/OkHttpClient;Lio/fabric8/kubernetes/client/Config;Ljava/lang/String;Lio/fabric8/openshift/api/model/OpenshiftRoleBinding;Ljava/util/function/Predicate;JLjava/util/concurrent/TimeUnit;)Lio/fabric8/openshift/api/model/OpenshiftRoleBinding;" line="89"><counter type="INSTRUCTION" missed="42" covered="0"/><counter type="LINE" missed="1" covered="0"/><counter type="COMPLEXITY" missed="1" covered="0"/><counter type="METHOD" missed="1" covered="0"/></method><counter type="INSTRUCTION" missed="337" covered="0"/><counter type="LINE" missed="11" covered="0"/><counter type="COMPLEXITY" missed="11" covered="0"/><counter type="METHOD" missed="11" covered="0"/><counter type="CLASS" missed="1" covered="0"/></class><class name="io/fabric8/openshift/client/handlers/GroupHandler" sourcefilename="GroupHandler.java"><method name="&lt;init&gt;" desc="()V" line="41"><counter type="INSTRUCTION" missed="3" covered="0"/><counter type="LINE" missed="1" covered="0"/><counter type="COMPLEXITY" missed="1" covered="0"/><counter type="METHOD" missed="1" covered="0"/></method><method name="getKind" desc="()Ljava/lang/String;" line="44"><counter type="INSTRUCTION" missed="3" covered="0"/><counter type="LINE" missed="1" covered="0"/><counter type="COMPLEXITY" missed="1" covered="0"/><counter type="METHOD" missed="1" covered="0"/></method><method name="create" desc="(Lokhttp3/OkHttpClient;Lio/fabric8/kubernetes/client/Config;Ljava/lang/String;Lio/fabric8/openshift/api/model/Group;)Lio/fabric8/openshift/api/model/Group;" line="49"><counter type="INSTRUCTION" missed="41" covered="0"/><counter type="LINE" missed="1" covered="0"/><counter type="COMPLEXITY" missed="1" covered="0"/><counter type="METHOD" missed="1" covered="0"/></method><method name="replace" desc="(Lokhttp3/OkHttpClient;Lio/fabric8/kubernetes/client/Config;Ljava/lang/String;Lio/fabric8/openshift/api/model/Group;)Lio/fabric8/openshift/api/model/Group;" line="54"><counter type="INSTRUCTION" missed="40" covered="0"/><counter type="LINE" missed="1" covered="0"/><counter type="COMPLEXITY" missed="1" covered="0"/><counter type="METHOD" missed="1" covered="0"/></method><method name="reload" desc="(Lokhttp3/OkHttpClient;Lio/fabric8/kubernetes/client/Config;Ljava/lang/String;Lio/fabric8/openshift/api/model/Group;)Lio/fabric8/openshift/api/model/Group;" line="59"><counter type="INSTRUCTION" missed="40" covered="0"/><counter type="LINE" missed="1" covered="0"/><counter type="COMPLEXITY" missed="1" covered="0"/><counter type="METHOD" missed="1" covered="0"/></method><method name="edit" desc="(Lio/fabric8/openshift/api/model/Group;)Lio/fabric8/openshift/api/model/GroupBuilder;" line="64"><counter type="INSTRUCTION" missed="5" covered="0"/><counter type="LINE" missed="1" covered="0"/><counter type="COMPLEXITY" missed="1" covered="0"/><counter type="METHOD" missed="1" covered="0"/></method><method name="delete" desc="(Lokhttp3/OkHttpClient;Lio/fabric8/kubernetes/client/Config;Ljava/lang/String;Lio/fabric8/openshift/api/model/Group;)Ljava/lang/Boolean;" line="69"><counter type="INSTRUCTION" missed="44" covered="0"/><counter type="LINE" missed="1" covered="0"/><counter type="COMPLEXITY" missed="1" covered="0"/><counter type="METHOD" missed="1" covered="0"/></method><method name="watch" desc="(Lokhttp3/OkHttpClient;Lio/fabric8/kubernetes/client/Config;Ljava/lang/String;Lio/fabric8/openshift/api/model/Group;Lio/fabric8/kubernetes/client/Watcher;)Lio/fabric8/kubernetes/client/Watch;" line="74"><counter type="INSTRUCTION" missed="39" covered="0"/><counter type="LINE" missed="1" covered="0"/><counter type="COMPLEXITY" missed="1" covered="0"/><counter type="METHOD" missed="1" covered="0"/></method><method name="watch" desc="(Lokhttp3/OkHttpClient;Lio/fabric8/kubernetes/client/Config;Ljava/lang/String;Lio/fabric8/openshift/api/model/Group;Ljava/lang/String;Lio/fabric8/kubernetes/client/Watcher;)Lio/fabric8/kubernetes/client/Watch;" line="79"><counter type="INSTRUCTION" missed="40" covered="0"/><counter type="LINE" missed="1" covered="0"/><counter type="COMPLEXITY" missed="1" covered="0"/><counter type="METHOD" missed="1" covered="0"/></method><method name="waitUntilReady" desc="(Lokhttp3/OkHttpClient;Lio/fabric8/kubernetes/client/Config;Ljava/lang/String;Lio/fabric8/openshift/api/model/Group;JLjava/util/concurrent/TimeUnit;)Lio/fabric8/openshift/api/model/Group;" line="84"><counter type="INSTRUCTION" missed="41" covered="0"/><counter type="LINE" missed="1" covered="0"/><counter type="COMPLEXITY" missed="1" covered="0"/><counter type="METHOD" missed="1" covered="0"/></method><method name="waitUntilCondition" desc="(Lokhttp3/OkHttpClient;Lio/fabric8/kubernetes/client/Config;Ljava/lang/String;Lio/fabric8/openshift/api/model/Group;Ljava/util/function/Predicate;JLjava/util/concurrent/TimeUnit;)Lio/fabric8/openshift/api/model/Group;" line="89"><counter type="INSTRUCTION" missed="42" covered="0"/><counter type="LINE" missed="1" covered="0"/><counter type="COMPLEXITY" missed="1" covered="0"/><counter type="METHOD" missed="1" covered="0"/></method><counter type="INSTRUCTION" missed="338" covered="0"/><counter type="LINE" missed="11" covered="0"/><counter type="COMPLEXITY" missed="11" covered="0"/><counter type="METHOD" missed="11" covered="0"/><counter type="CLASS" missed="1" covered="0"/></class><class name="io/fabric8/openshift/client/handlers/OpenshiftRoleHandler" sourcefilename="OpenshiftRoleHandler.java"><method name="&lt;init&gt;" desc="()V" line="41"><counter type="INSTRUCTION" missed="3" covered="0"/><counter type="LINE" missed="1" covered="0"/><counter type="COMPLEXITY" missed="1" covered="0"/><counter type="METHOD" missed="1" covered="0"/></method><method name="getKind" desc="()Ljava/lang/String;" line="44"><counter type="INSTRUCTION" missed="3" covered="0"/><counter type="LINE" missed="1" covered="0"/><counter type="COMPLEXITY" missed="1" covered="0"/><counter type="METHOD" missed="1" covered="0"/></method><method name="create" desc="(Lokhttp3/OkHttpClient;Lio/fabric8/kubernetes/client/Config;Ljava/lang/String;Lio/fabric8/openshift/api/model/OpenshiftRole;)Lio/fabric8/openshift/api/model/OpenshiftRole;" line="49"><counter type="INSTRUCTION" missed="41" covered="0"/><counter type="LINE" missed="1" covered="0"/><counter type="COMPLEXITY" missed="1" covered="0"/><counter type="METHOD" missed="1" covered="0"/></method><method name="replace" desc="(Lokhttp3/OkHttpClient;Lio/fabric8/kubernetes/client/Config;Ljava/lang/String;Lio/fabric8/openshift/api/model/OpenshiftRole;)Lio/fabric8/openshift/api/model/OpenshiftRole;" line="54"><counter type="INSTRUCTION" missed="40" covered="0"/><counter type="LINE" missed="1" covered="0"/><counter type="COMPLEXITY" missed="1" covered="0"/><counter type="METHOD" missed="1" covered="0"/></method><method name="reload" desc="(Lokhttp3/OkHttpClient;Lio/fabric8/kubernetes/client/Config;Ljava/lang/String;Lio/fabric8/openshift/api/model/OpenshiftRole;)Lio/fabric8/openshift/api/model/OpenshiftRole;" line="59"><counter type="INSTRUCTION" missed="40" covered="0"/><counter type="LINE" missed="1" covered="0"/><counter type="COMPLEXITY" missed="1" covered="0"/><counter type="METHOD" missed="1" covered="0"/></method><method name="edit" desc="(Lio/fabric8/openshift/api/model/OpenshiftRole;)Lio/fabric8/openshift/api/model/OpenshiftRoleBuilder;" line="64"><counter type="INSTRUCTION" missed="5" covered="0"/><counter type="LINE" missed="1" covered="0"/><counter type="COMPLEXITY" missed="1" covered="0"/><counter type="METHOD" missed="1" covered="0"/></method><method name="delete" desc="(Lokhttp3/OkHttpClient;Lio/fabric8/kubernetes/client/Config;Ljava/lang/String;Lio/fabric8/openshift/api/model/OpenshiftRole;)Ljava/lang/Boolean;" line="69"><counter type="INSTRUCTION" missed="44" covered="0"/><counter type="LINE" missed="1" covered="0"/><counter type="COMPLEXITY" missed="1" covered="0"/><counter type="METHOD" missed="1" covered="0"/></method><method name="watch" desc="(Lokhttp3/OkHttpClient;Lio/fabric8/kubernetes/client/Config;Ljava/lang/String;Lio/fabric8/openshift/api/model/OpenshiftRole;Lio/fabric8/kubernetes/client/Watcher;)Lio/fabric8/kubernetes/client/Watch;" line="74"><counter type="INSTRUCTION" missed="39" covered="0"/><counter type="LINE" missed="1" covered="0"/><counter type="COMPLEXITY" missed="1" covered="0"/><counter type="METHOD" missed="1" covered="0"/></method><method name="watch" desc="(Lokhttp3/OkHttpClient;Lio/fabric8/kubernetes/client/Config;Ljava/lang/String;Lio/fabric8/openshift/api/model/OpenshiftRole;Ljava/lang/String;Lio/fabric8/kubernetes/client/Watcher;)Lio/fabric8/kubernetes/client/Watch;" line="79"><counter type="INSTRUCTION" missed="40" covered="0"/><counter type="LINE" missed="1" covered="0"/><counter type="COMPLEXITY" missed="1" covered="0"/><counter type="METHOD" missed="1" covered="0"/></method><method name="waitUntilReady" desc="(Lokhttp3/OkHttpClient;Lio/fabric8/kubernetes/client/Config;Ljava/lang/String;Lio/fabric8/openshift/api/model/OpenshiftRole;JLjava/util/concurrent/TimeUnit;)Lio/fabric8/openshift/api/model/OpenshiftRole;" line="84"><counter type="INSTRUCTION" missed="41" covered="0"/><counter type="LINE" missed="1" covered="0"/><counter type="COMPLEXITY" missed="1" covered="0"/><counter type="METHOD" missed="1" covered="0"/></method><method name="waitUntilCondition" desc="(Lokhttp3/OkHttpClient;Lio/fabric8/kubernetes/client/Config;Ljava/lang/String;Lio/fabric8/openshift/api/model/OpenshiftRole;Ljava/util/function/Predicate;JLjava/util/concurrent/TimeUnit;)Lio/fabric8/openshift/api/model/OpenshiftRole;" line="89"><counter type="INSTRUCTION" missed="42" covered="0"/><counter type="LINE" missed="1" covered="0"/><counter type="COMPLEXITY" missed="1" covered="0"/><counter type="METHOD" missed="1" covered="0"/></method><counter type="INSTRUCTION" missed="338" covered="0"/><counter type="LINE" missed="11" covered="0"/><counter type="COMPLEXITY" missed="11" covered="0"/><counter type="METHOD" missed="11" covered="0"/><counter type="CLASS" missed="1" covered="0"/></class><class name="io/fabric8/openshift/client/handlers/TemplateHandler" sourcefilename="TemplateHandler.java"><method name="&lt;init&gt;" desc="()V" line="41"><counter type="INSTRUCTION" missed="3" covered="0"/><counter type="LINE" missed="1" covered="0"/><counter type="COMPLEXITY" missed="1" covered="0"/><counter type="METHOD" missed="1" covered="0"/></method><method name="getKind" desc="()Ljava/lang/String;" line="44"><counter type="INSTRUCTION" missed="3" covered="0"/><counter type="LINE" missed="1" covered="0"/><counter type="COMPLEXITY" missed="1" covered="0"/><counter type="METHOD" missed="1" covered="0"/></method><method name="create" desc="(Lokhttp3/OkHttpClient;Lio/fabric8/kubernetes/client/Config;Ljava/lang/String;Lio/fabric8/openshift/api/model/Template;)Lio/fabric8/openshift/api/model/Template;" line="49"><counter type="INSTRUCTION" missed="41" covered="0"/><counter type="LINE" missed="1" covered="0"/><counter type="COMPLEXITY" missed="1" covered="0"/><counter type="METHOD" missed="1" covered="0"/></method><method name="replace" desc="(Lokhttp3/OkHttpClient;Lio/fabric8/kubernetes/client/Config;Ljava/lang/String;Lio/fabric8/openshift/api/model/Template;)Lio/fabric8/openshift/api/model/Template;" line="54"><counter type="INSTRUCTION" missed="40" covered="0"/><counter type="LINE" missed="1" covered="0"/><counter type="COMPLEXITY" missed="1" covered="0"/><counter type="METHOD" missed="1" covered="0"/></method><method name="reload" desc="(Lokhttp3/OkHttpClient;Lio/fabric8/kubernetes/client/Config;Ljava/lang/String;Lio/fabric8/openshift/api/model/Template;)Lio/fabric8/openshift/api/model/Template;" line="59"><counter type="INSTRUCTION" missed="40" covered="0"/><counter type="LINE" missed="1" covered="0"/><counter type="COMPLEXITY" missed="1" covered="0"/><counter type="METHOD" missed="1" covered="0"/></method><method name="edit" desc="(Lio/fabric8/openshift/api/model/Template;)Lio/fabric8/openshift/api/model/TemplateBuilder;" line="64"><counter type="INSTRUCTION" missed="5" covered="0"/><counter type="LINE" missed="1" covered="0"/><counter type="COMPLEXITY" missed="1" covered="0"/><counter type="METHOD" missed="1" covered="0"/></method><method name="delete" desc="(Lokhttp3/OkHttpClient;Lio/fabric8/kubernetes/client/Config;Ljava/lang/String;Lio/fabric8/openshift/api/model/Template;)Ljava/lang/Boolean;" line="69"><counter type="INSTRUCTION" missed="44" covered="0"/><counter type="LINE" missed="1" covered="0"/><counter type="COMPLEXITY" missed="1" covered="0"/><counter type="METHOD" missed="1" covered="0"/></method><method name="watch" desc="(Lokhttp3/OkHttpClient;Lio/fabric8/kubernetes/client/Config;Ljava/lang/String;Lio/fabric8/openshift/api/model/Template;Lio/fabric8/kubernetes/client/Watcher;)Lio/fabric8/kubernetes/client/Watch;" line="74"><counter type="INSTRUCTION" missed="39" covered="0"/><counter type="LINE" missed="1" covered="0"/><counter type="COMPLEXITY" missed="1" covered="0"/><counter type="METHOD" missed="1" covered="0"/></method><method name="watch" desc="(Lokhttp3/OkHttpClient;Lio/fabric8/kubernetes/client/Config;Ljava/lang/String;Lio/fabric8/openshift/api/model/Template;Ljava/lang/String;Lio/fabric8/kubernetes/client/Watcher;)Lio/fabric8/kubernetes/client/Watch;" line="79"><counter type="INSTRUCTION" missed="40" covered="0"/><counter type="LINE" missed="1" covered="0"/><counter type="COMPLEXITY" missed="1" covered="0"/><counter type="METHOD" missed="1" covered="0"/></method><method name="waitUntilReady" desc="(Lokhttp3/OkHttpClient;Lio/fabric8/kubernetes/client/Config;Ljava/lang/String;Lio/fabric8/openshift/api/model/Template;JLjava/util/concurrent/TimeUnit;)Lio/fabric8/openshift/api/model/Template;" line="84"><counter type="INSTRUCTION" missed="41" covered="0"/><counter type="LINE" missed="1" covered="0"/><counter type="COMPLEXITY" missed="1" covered="0"/><counter type="METHOD" missed="1" covered="0"/></method><method name="waitUntilCondition" desc="(Lokhttp3/OkHttpClient;Lio/fabric8/kubernetes/client/Config;Ljava/lang/String;Lio/fabric8/openshift/api/model/Template;Ljava/util/function/Predicate;JLjava/util/concurrent/TimeUnit;)Lio/fabric8/openshift/api/model/Template;" line="89"><counter type="INSTRUCTION" missed="42" covered="0"/><counter type="LINE" missed="1" covered="0"/><counter type="COMPLEXITY" missed="1" covered="0"/><counter type="METHOD" missed="1" covered="0"/></method><counter type="INSTRUCTION" missed="338" covered="0"/><counter type="LINE" missed="11" covered="0"/><counter type="COMPLEXITY" missed="11" covered="0"/><counter type="METHOD" missed="11" covered="0"/><counter type="CLASS" missed="1" covered="0"/></class><class name="io/fabric8/openshift/client/handlers/IdentityHandler" sourcefilename="IdentityHandler.java"><method name="&lt;init&gt;" desc="()V" line="41"><counter type="INSTRUCTION" missed="3" covered="0"/><counter type="LINE" missed="1" covered="0"/><counter type="COMPLEXITY" missed="1" covered="0"/><counter type="METHOD" missed="1" covered="0"/></method><method name="getKind" desc="()Ljava/lang/String;" line="44"><counter type="INSTRUCTION" missed="3" covered="0"/><counter type="LINE" missed="1" covered="0"/><counter type="COMPLEXITY" missed="1" covered="0"/><counter type="METHOD" missed="1" covered="0"/></method><method name="create" desc="(Lokhttp3/OkHttpClient;Lio/fabric8/kubernetes/client/Config;Ljava/lang/String;Lio/fabric8/openshift/api/model/Identity;)Lio/fabric8/openshift/api/model/Identity;" line="49"><counter type="INSTRUCTION" missed="41" covered="0"/><counter type="LINE" missed="1" covered="0"/><counter type="COMPLEXITY" missed="1" covered="0"/><counter type="METHOD" missed="1" covered="0"/></method><method name="replace" desc="(Lokhttp3/OkHttpClient;Lio/fabric8/kubernetes/client/Config;Ljava/lang/String;Lio/fabric8/openshift/api/model/Identity;)Lio/fabric8/openshift/api/model/Identity;" line="54"><counter type="INSTRUCTION" missed="40" covered="0"/><counter type="LINE" missed="1" covered="0"/><counter type="COMPLEXITY" missed="1" covered="0"/><counter type="METHOD" missed="1" covered="0"/></method><method name="reload" desc="(Lokhttp3/OkHttpClient;Lio/fabric8/kubernetes/client/Config;Ljava/lang/String;Lio/fabric8/openshift/api/model/Identity;)Lio/fabric8/openshift/api/model/Identity;" line="59"><counter type="INSTRUCTION" missed="40" covered="0"/><counter type="LINE" missed="1" covered="0"/><counter type="COMPLEXITY" missed="1" covered="0"/><counter type="METHOD" missed="1" covered="0"/></method><method name="edit" desc="(Lio/fabric8/openshift/api/model/Identity;)Lio/fabric8/openshift/api/model/IdentityBuilder;" line="64"><counter type="INSTRUCTION" missed="5" covered="0"/><counter type="LINE" missed="1" covered="0"/><counter type="COMPLEXITY" missed="1" covered="0"/><counter type="METHOD" missed="1" covered="0"/></method><method name="delete" desc="(Lokhttp3/OkHttpClient;Lio/fabric8/kubernetes/client/Config;Ljava/lang/String;Lio/fabric8/openshift/api/model/Identity;)Ljava/lang/Boolean;" line="69"><counter type="INSTRUCTION" missed="44" covered="0"/><counter type="LINE" missed="1" covered="0"/><counter type="COMPLEXITY" missed="1" covered="0"/><counter type="METHOD" missed="1" covered="0"/></method><method name="watch" desc="(Lokhttp3/OkHttpClient;Lio/fabric8/kubernetes/client/Config;Ljava/lang/String;Lio/fabric8/openshift/api/model/Identity;Lio/fabric8/kubernetes/client/Watcher;)Lio/fabric8/kubernetes/client/Watch;" line="74"><counter type="INSTRUCTION" missed="39" covered="0"/><counter type="LINE" missed="1" covered="0"/><counter type="COMPLEXITY" missed="1" covered="0"/><counter type="METHOD" missed="1" covered="0"/></method><method name="watch" desc="(Lokhttp3/OkHttpClient;Lio/fabric8/kubernetes/client/Config;Ljava/lang/String;Lio/fabric8/openshift/api/model/Identity;Ljava/lang/String;Lio/fabric8/kubernetes/client/Watcher;)Lio/fabric8/kubernetes/client/Watch;" line="79"><counter type="INSTRUCTION" missed="40" covered="0"/><counter type="LINE" missed="1" covered="0"/><counter type="COMPLEXITY" missed="1" covered="0"/><counter type="METHOD" missed="1" covered="0"/></method><method name="waitUntilReady" desc="(Lokhttp3/OkHttpClient;Lio/fabric8/kubernetes/client/Config;Ljava/lang/String;Lio/fabric8/openshift/api/model/Identity;JLjava/util/concurrent/TimeUnit;)Lio/fabric8/openshift/api/model/Identity;" line="84"><counter type="INSTRUCTION" missed="41" covered="0"/><counter type="LINE" missed="1" covered="0"/><counter type="COMPLEXITY" missed="1" covered="0"/><counter type="METHOD" missed="1" covered="0"/></method><method name="waitUntilCondition" desc="(Lokhttp3/OkHttpClient;Lio/fabric8/kubernetes/client/Config;Ljava/lang/String;Lio/fabric8/openshift/api/model/Identity;Ljava/util/function/Predicate;JLjava/util/concurrent/TimeUnit;)Lio/fabric8/openshift/api/model/Identity;" line="89"><counter type="INSTRUCTION" missed="42" covered="0"/><counter type="LINE" missed="1" covered="0"/><counter type="COMPLEXITY" missed="1" covered="0"/><counter type="METHOD" missed="1" covered="0"/></method><counter type="INSTRUCTION" missed="338" covered="0"/><counter type="LINE" missed="11" covered="0"/><counter type="COMPLEXITY" missed="11" covered="0"/><counter type="METHOD" missed="11" covered="0"/><counter type="CLASS" missed="1" covered="0"/></class><class name="io/fabric8/openshift/client/handlers/ProjectHandler" sourcefilename="ProjectHandler.java"><method name="&lt;init&gt;" desc="()V" line="41"><counter type="INSTRUCTION" missed="3" covered="0"/><counter type="LINE" missed="1" covered="0"/><counter type="COMPLEXITY" missed="1" covered="0"/><counter type="METHOD" missed="1" covered="0"/></method><method name="getKind" desc="()Ljava/lang/String;" line="44"><counter type="INSTRUCTION" missed="3" covered="0"/><counter type="LINE" missed="1" covered="0"/><counter type="COMPLEXITY" missed="1" covered="0"/><counter type="METHOD" missed="1" covered="0"/></method><method name="create" desc="(Lokhttp3/OkHttpClient;Lio/fabric8/kubernetes/client/Config;Ljava/lang/String;Lio/fabric8/openshift/api/model/Project;)Lio/fabric8/openshift/api/model/Project;" line="49"><counter type="INSTRUCTION" missed="41" covered="0"/><counter type="LINE" missed="1" covered="0"/><counter type="COMPLEXITY" missed="1" covered="0"/><counter type="METHOD" missed="1" covered="0"/></method><method name="replace" desc="(Lokhttp3/OkHttpClient;Lio/fabric8/kubernetes/client/Config;Ljava/lang/String;Lio/fabric8/openshift/api/model/Project;)Lio/fabric8/openshift/api/model/Project;" line="54"><counter type="INSTRUCTION" missed="40" covered="0"/><counter type="LINE" missed="1" covered="0"/><counter type="COMPLEXITY" missed="1" covered="0"/><counter type="METHOD" missed="1" covered="0"/></method><method name="reload" desc="(Lokhttp3/OkHttpClient;Lio/fabric8/kubernetes/client/Config;Ljava/lang/String;Lio/fabric8/openshift/api/model/Project;)Lio/fabric8/openshift/api/model/Project;" line="59"><counter type="INSTRUCTION" missed="40" covered="0"/><counter type="LINE" missed="1" covered="0"/><counter type="COMPLEXITY" missed="1" covered="0"/><counter type="METHOD" missed="1" covered="0"/></method><method name="edit" desc="(Lio/fabric8/openshift/api/model/Project;)Lio/fabric8/openshift/api/model/ProjectBuilder;" line="64"><counter type="INSTRUCTION" missed="5" covered="0"/><counter type="LINE" missed="1" covered="0"/><counter type="COMPLEXITY" missed="1" covered="0"/><counter type="METHOD" missed="1" covered="0"/></method><method name="delete" desc="(Lokhttp3/OkHttpClient;Lio/fabric8/kubernetes/client/Config;Ljava/lang/String;Lio/fabric8/openshift/api/model/Project;)Ljava/lang/Boolean;" line="69"><counter type="INSTRUCTION" missed="44" covered="0"/><counter type="LINE" missed="1" covered="0"/><counter type="COMPLEXITY" missed="1" covered="0"/><counter type="METHOD" missed="1" covered="0"/></method><method name="watch" desc="(Lokhttp3/OkHttpClient;Lio/fabric8/kubernetes/client/Config;Ljava/lang/String;Lio/fabric8/openshift/api/model/Project;Lio/fabric8/kubernetes/client/Watcher;)Lio/fabric8/kubernetes/client/Watch;" line="74"><counter type="INSTRUCTION" missed="39" covered="0"/><counter type="LINE" missed="1" covered="0"/><counter type="COMPLEXITY" missed="1" covered="0"/><counter type="METHOD" missed="1" covered="0"/></method><method name="watch" desc="(Lokhttp3/OkHttpClient;Lio/fabric8/kubernetes/client/Config;Ljava/lang/String;Lio/fabric8/openshift/api/model/Project;Ljava/lang/String;Lio/fabric8/kubernetes/client/Watcher;)Lio/fabric8/kubernetes/client/Watch;" line="79"><counter type="INSTRUCTION" missed="40" covered="0"/><counter type="LINE" missed="1" covered="0"/><counter type="COMPLEXITY" missed="1" covered="0"/><counter type="METHOD" missed="1" covered="0"/></method><method name="waitUntilReady" desc="(Lokhttp3/OkHttpClient;Lio/fabric8/kubernetes/client/Config;Ljava/lang/String;Lio/fabric8/openshift/api/model/Project;JLjava/util/concurrent/TimeUnit;)Lio/fabric8/openshift/api/model/Project;" line="84"><counter type="INSTRUCTION" missed="41" covered="0"/><counter type="LINE" missed="1" covered="0"/><counter type="COMPLEXITY" missed="1" covered="0"/><counter type="METHOD" missed="1" covered="0"/></method><method name="waitUntilCondition" desc="(Lokhttp3/OkHttpClient;Lio/fabric8/kubernetes/client/Config;Ljava/lang/String;Lio/fabric8/openshift/api/model/Project;Ljava/util/function/Predicate;JLjava/util/concurrent/TimeUnit;)Lio/fabric8/openshift/api/model/Project;" line="89"><counter type="INSTRUCTION" missed="42" covered="0"/><counter type="LINE" missed="1" covered="0"/><counter type="COMPLEXITY" missed="1" covered="0"/><counter type="METHOD" missed="1" covered="0"/></method><counter type="INSTRUCTION" missed="338" covered="0"/><counter type="LINE" missed="11" covered="0"/><counter type="COMPLEXITY" missed="11" covered="0"/><counter type="METHOD" missed="11" covered="0"/><counter type="CLASS" missed="1" covered="0"/></class><class name="io/fabric8/openshift/client/handlers/ImageStreamHandler" sourcefilename="ImageStreamHandler.java"><method name="&lt;init&gt;" desc="()V" line="41"><counter type="INSTRUCTION" missed="3" covered="0"/><counter type="LINE" missed="1" covered="0"/><counter type="COMPLEXITY" missed="1" covered="0"/><counter type="METHOD" missed="1" covered="0"/></method><method name="getKind" desc="()Ljava/lang/String;" line="44"><counter type="INSTRUCTION" missed="3" covered="0"/><counter type="LINE" missed="1" covered="0"/><counter type="COMPLEXITY" missed="1" covered="0"/><counter type="METHOD" missed="1" covered="0"/></method><method name="create" desc="(Lokhttp3/OkHttpClient;Lio/fabric8/kubernetes/client/Config;Ljava/lang/String;Lio/fabric8/openshift/api/model/ImageStream;)Lio/fabric8/openshift/api/model/ImageStream;" line="49"><counter type="INSTRUCTION" missed="41" covered="0"/><counter type="LINE" missed="1" covered="0"/><counter type="COMPLEXITY" missed="1" covered="0"/><counter type="METHOD" missed="1" covered="0"/></method><method name="replace" desc="(Lokhttp3/OkHttpClient;Lio/fabric8/kubernetes/client/Config;Ljava/lang/String;Lio/fabric8/openshift/api/model/ImageStream;)Lio/fabric8/openshift/api/model/ImageStream;" line="54"><counter type="INSTRUCTION" missed="40" covered="0"/><counter type="LINE" missed="1" covered="0"/><counter type="COMPLEXITY" missed="1" covered="0"/><counter type="METHOD" missed="1" covered="0"/></method><method name="reload" desc="(Lokhttp3/OkHttpClient;Lio/fabric8/kubernetes/client/Config;Ljava/lang/String;Lio/fabric8/openshift/api/model/ImageStream;)Lio/fabric8/openshift/api/model/ImageStream;" line="59"><counter type="INSTRUCTION" missed="40" covered="0"/><counter type="LINE" missed="1" covered="0"/><counter type="COMPLEXITY" missed="1" covered="0"/><counter type="METHOD" missed="1" covered="0"/></method><method name="edit" desc="(Lio/fabric8/openshift/api/model/ImageStream;)Lio/fabric8/openshift/api/model/ImageStreamBuilder;" line="64"><counter type="INSTRUCTION" missed="5" covered="0"/><counter type="LINE" missed="1" covered="0"/><counter type="COMPLEXITY" missed="1" covered="0"/><counter type="METHOD" missed="1" covered="0"/></method><method name="delete" desc="(Lokhttp3/OkHttpClient;Lio/fabric8/kubernetes/client/Config;Ljava/lang/String;Lio/fabric8/openshift/api/model/ImageStream;)Ljava/lang/Boolean;" line="69"><counter type="INSTRUCTION" missed="44" covered="0"/><counter type="LINE" missed="1" covered="0"/><counter type="COMPLEXITY" missed="1" covered="0"/><counter type="METHOD" missed="1" covered="0"/></method><method name="watch" desc="(Lokhttp3/OkHttpClient;Lio/fabric8/kubernetes/client/Config;Ljava/lang/String;Lio/fabric8/openshift/api/model/ImageStream;Lio/fabric8/kubernetes/client/Watcher;)Lio/fabric8/kubernetes/client/Watch;" line="74"><counter type="INSTRUCTION" missed="39" covered="0"/><counter type="LINE" missed="1" covered="0"/><counter type="COMPLEXITY" missed="1" covered="0"/><counter type="METHOD" missed="1" covered="0"/></method><method name="watch" desc="(Lokhttp3/OkHttpClient;Lio/fabric8/kubernetes/client/Config;Ljava/lang/String;Lio/fabric8/openshift/api/model/ImageStream;Ljava/lang/String;Lio/fabric8/kubernetes/client/Watcher;)Lio/fabric8/kubernetes/client/Watch;" line="79"><counter type="INSTRUCTION" missed="40" covered="0"/><counter type="LINE" missed="1" covered="0"/><counter type="COMPLEXITY" missed="1" covered="0"/><counter type="METHOD" missed="1" covered="0"/></method><method name="waitUntilReady" desc="(Lokhttp3/OkHttpClient;Lio/fabric8/kubernetes/client/Config;Ljava/lang/String;Lio/fabric8/openshift/api/model/ImageStream;JLjava/util/concurrent/TimeUnit;)Lio/fabric8/openshift/api/model/ImageStream;" line="84"><counter type="INSTRUCTION" missed="41" covered="0"/><counter type="LINE" missed="1" covered="0"/><counter type="COMPLEXITY" missed="1" covered="0"/><counter type="METHOD" missed="1" covered="0"/></method><method name="waitUntilCondition" desc="(Lokhttp3/OkHttpClient;Lio/fabric8/kubernetes/client/Config;Ljava/lang/String;Lio/fabric8/openshift/api/model/ImageStream;Ljava/util/function/Predicate;JLjava/util/concurrent/TimeUnit;)Lio/fabric8/openshift/api/model/ImageStream;" line="89"><counter type="INSTRUCTION" missed="42" covered="0"/><counter type="LINE" missed="1" covered="0"/><counter type="COMPLEXITY" missed="1" covered="0"/><counter type="METHOD" missed="1" covered="0"/></method><counter type="INSTRUCTION" missed="338" covered="0"/><counter type="LINE" missed="11" covered="0"/><counter type="COMPLEXITY" missed="11" covered="0"/><counter type="METHOD" missed="11" covered="0"/><counter type="CLASS" missed="1" covered="0"/></class><class name="io/fabric8/openshift/client/handlers/OpenshiftClusterRoleBindingHandler" sourcefilename="OpenshiftClusterRoleBindingHandler.java"><method name="&lt;init&gt;" desc="()V" line="41"><counter type="INSTRUCTION" missed="3" covered="0"/><counter type="LINE" missed="1" covered="0"/><counter type="COMPLEXITY" missed="1" covered="0"/><counter type="METHOD" missed="1" covered="0"/></method><method name="getKind" desc="()Ljava/lang/String;" line="44"><counter type="INSTRUCTION" missed="3" covered="0"/><counter type="LINE" missed="1" covered="0"/><counter type="COMPLEXITY" missed="1" covered="0"/><counter type="METHOD" missed="1" covered="0"/></method><method name="create" desc="(Lokhttp3/OkHttpClient;Lio/fabric8/kubernetes/client/Config;Ljava/lang/String;Lio/fabric8/openshift/api/model/OpenshiftClusterRoleBinding;)Lio/fabric8/openshift/api/model/OpenshiftClusterRoleBinding;" line="49"><counter type="INSTRUCTION" missed="41" covered="0"/><counter type="LINE" missed="1" covered="0"/><counter type="COMPLEXITY" missed="1" covered="0"/><counter type="METHOD" missed="1" covered="0"/></method><method name="replace" desc="(Lokhttp3/OkHttpClient;Lio/fabric8/kubernetes/client/Config;Ljava/lang/String;Lio/fabric8/openshift/api/model/OpenshiftClusterRoleBinding;)Lio/fabric8/openshift/api/model/OpenshiftClusterRoleBinding;" line="54"><counter type="INSTRUCTION" missed="40" covered="0"/><counter type="LINE" missed="1" covered="0"/><counter type="COMPLEXITY" missed="1" covered="0"/><counter type="METHOD" missed="1" covered="0"/></method><method name="reload" desc="(Lokhttp3/OkHttpClient;Lio/fabric8/kubernetes/client/Config;Ljava/lang/String;Lio/fabric8/openshift/api/model/OpenshiftClusterRoleBinding;)Lio/fabric8/openshift/api/model/OpenshiftClusterRoleBinding;" line="59"><counter type="INSTRUCTION" missed="40" covered="0"/><counter type="LINE" missed="1" covered="0"/><counter type="COMPLEXITY" missed="1" covered="0"/><counter type="METHOD" missed="1" covered="0"/></method><method name="edit" desc="(Lio/fabric8/openshift/api/model/OpenshiftClusterRoleBinding;)Lio/fabric8/openshift/api/model/OpenshiftClusterRoleBindingBuilder;" line="64"><counter type="INSTRUCTION" missed="5" covered="0"/><counter type="LINE" missed="1" covered="0"/><counter type="COMPLEXITY" missed="1" covered="0"/><counter type="METHOD" missed="1" covered="0"/></method><method name="delete" desc="(Lokhttp3/OkHttpClient;Lio/fabric8/kubernetes/client/Config;Ljava/lang/String;Lio/fabric8/openshift/api/model/OpenshiftClusterRoleBinding;)Ljava/lang/Boolean;" line="69"><counter type="INSTRUCTION" missed="44" covered="0"/><counter type="LINE" missed="1" covered="0"/><counter type="COMPLEXITY" missed="1" covered="0"/><counter type="METHOD" missed="1" covered="0"/></method><method name="watch" desc="(Lokhttp3/OkHttpClient;Lio/fabric8/kubernetes/client/Config;Ljava/lang/String;Lio/fabric8/openshift/api/model/OpenshiftClusterRoleBinding;Lio/fabric8/kubernetes/client/Watcher;)Lio/fabric8/kubernetes/client/Watch;" line="74"><counter type="INSTRUCTION" missed="39" covered="0"/><counter type="LINE" missed="1" covered="0"/><counter type="COMPLEXITY" missed="1" covered="0"/><counter type="METHOD" missed="1" covered="0"/></method><method name="watch" desc="(Lokhttp3/OkHttpClient;Lio/fabric8/kubernetes/client/Config;Ljava/lang/String;Lio/fabric8/openshift/api/model/OpenshiftClusterRoleBinding;Ljava/lang/String;Lio/fabric8/kubernetes/client/Watcher;)Lio/fabric8/kubernetes/client/Watch;" line="79"><counter type="INSTRUCTION" missed="40" covered="0"/><counter type="LINE" missed="1" covered="0"/><counter type="COMPLEXITY" missed="1" covered="0"/><counter type="METHOD" missed="1" covered="0"/></method><method name="waitUntilReady" desc="(Lokhttp3/OkHttpClient;Lio/fabric8/kubernetes/client/Config;Ljava/lang/String;Lio/fabric8/openshift/api/model/OpenshiftClusterRoleBinding;JLjava/util/concurrent/TimeUnit;)Lio/fabric8/openshift/api/model/OpenshiftClusterRoleBinding;" line="84"><counter type="INSTRUCTION" missed="41" covered="0"/><counter type="LINE" missed="1" covered="0"/><counter type="COMPLEXITY" missed="1" covered="0"/><counter type="METHOD" missed="1" covered="0"/></method><method name="waitUntilCondition" desc="(Lokhttp3/OkHttpClient;Lio/fabric8/kubernetes/client/Config;Ljava/lang/String;Lio/fabric8/openshift/api/model/OpenshiftClusterRoleBinding;Ljava/util/function/Predicate;JLjava/util/concurrent/TimeUnit;)Lio/fabric8/openshift/api/model/OpenshiftClusterRoleBinding;" line="89"><counter type="INSTRUCTION" missed="42" covered="0"/><counter type="LINE" missed="1" covered="0"/><counter type="COMPLEXITY" missed="1" covered="0"/><counter type="METHOD" missed="1" covered="0"/></method><counter type="INSTRUCTION" missed="338" covered="0"/><counter type="LINE" missed="11" covered="0"/><counter type="COMPLEXITY" missed="11" covered="0"/><counter type="METHOD" missed="11" covered="0"/><counter type="CLASS" missed="1" covered="0"/></class><class name="io/fabric8/openshift/client/handlers/ImageStreamTagHandler" sourcefilename="ImageStreamTagHandler.java"><method name="&lt;init&gt;" desc="()V" line="41"><counter type="INSTRUCTION" missed="3" covered="0"/><counter type="LINE" missed="1" covered="0"/><counter type="COMPLEXITY" missed="1" covered="0"/><counter type="METHOD" missed="1" covered="0"/></method><method name="getKind" desc="()Ljava/lang/String;" line="44"><counter type="INSTRUCTION" missed="3" covered="0"/><counter type="LINE" missed="1" covered="0"/><counter type="COMPLEXITY" missed="1" covered="0"/><counter type="METHOD" missed="1" covered="0"/></method><method name="create" desc="(Lokhttp3/OkHttpClient;Lio/fabric8/kubernetes/client/Config;Ljava/lang/String;Lio/fabric8/openshift/api/model/ImageStreamTag;)Lio/fabric8/openshift/api/model/ImageStreamTag;" line="49"><counter type="INSTRUCTION" missed="41" covered="0"/><counter type="LINE" missed="1" covered="0"/><counter type="COMPLEXITY" missed="1" covered="0"/><counter type="METHOD" missed="1" covered="0"/></method><method name="replace" desc="(Lokhttp3/OkHttpClient;Lio/fabric8/kubernetes/client/Config;Ljava/lang/String;Lio/fabric8/openshift/api/model/ImageStreamTag;)Lio/fabric8/openshift/api/model/ImageStreamTag;" line="54"><counter type="INSTRUCTION" missed="40" covered="0"/><counter type="LINE" missed="1" covered="0"/><counter type="COMPLEXITY" missed="1" covered="0"/><counter type="METHOD" missed="1" covered="0"/></method><method name="reload" desc="(Lokhttp3/OkHttpClient;Lio/fabric8/kubernetes/client/Config;Ljava/lang/String;Lio/fabric8/openshift/api/model/ImageStreamTag;)Lio/fabric8/openshift/api/model/ImageStreamTag;" line="59"><counter type="INSTRUCTION" missed="40" covered="0"/><counter type="LINE" missed="1" covered="0"/><counter type="COMPLEXITY" missed="1" covered="0"/><counter type="METHOD" missed="1" covered="0"/></method><method name="edit" desc="(Lio/fabric8/openshift/api/model/ImageStreamTag;)Lio/fabric8/openshift/api/model/ImageStreamTagBuilder;" line="64"><counter type="INSTRUCTION" missed="5" covered="0"/><counter type="LINE" missed="1" covered="0"/><counter type="COMPLEXITY" missed="1" covered="0"/><counter type="METHOD" missed="1" covered="0"/></method><method name="delete" desc="(Lokhttp3/OkHttpClient;Lio/fabric8/kubernetes/client/Config;Ljava/lang/String;Lio/fabric8/openshift/api/model/ImageStreamTag;)Ljava/lang/Boolean;" line="69"><counter type="INSTRUCTION" missed="44" covered="0"/><counter type="LINE" missed="1" covered="0"/><counter type="COMPLEXITY" missed="1" covered="0"/><counter type="METHOD" missed="1" covered="0"/></method><method name="watch" desc="(Lokhttp3/OkHttpClient;Lio/fabric8/kubernetes/client/Config;Ljava/lang/String;Lio/fabric8/openshift/api/model/ImageStreamTag;Lio/fabric8/kubernetes/client/Watcher;)Lio/fabric8/kubernetes/client/Watch;" line="74"><counter type="INSTRUCTION" missed="39" covered="0"/><counter type="LINE" missed="1" covered="0"/><counter type="COMPLEXITY" missed="1" covered="0"/><counter type="METHOD" missed="1" covered="0"/></method><method name="watch" desc="(Lokhttp3/OkHttpClient;Lio/fabric8/kubernetes/client/Config;Ljava/lang/String;Lio/fabric8/openshift/api/model/ImageStreamTag;Ljava/lang/String;Lio/fabric8/kubernetes/client/Watcher;)Lio/fabric8/kubernetes/client/Watch;" line="79"><counter type="INSTRUCTION" missed="40" covered="0"/><counter type="LINE" missed="1" covered="0"/><counter type="COMPLEXITY" missed="1" covered="0"/><counter type="METHOD" missed="1" covered="0"/></method><method name="waitUntilReady" desc="(Lokhttp3/OkHttpClient;Lio/fabric8/kubernetes/client/Config;Ljava/lang/String;Lio/fabric8/openshift/api/model/ImageStreamTag;JLjava/util/concurrent/TimeUnit;)Lio/fabric8/openshift/api/model/ImageStreamTag;" line="84"><counter type="INSTRUCTION" missed="41" covered="0"/><counter type="LINE" missed="1" covered="0"/><counter type="COMPLEXITY" missed="1" covered="0"/><counter type="METHOD" missed="1" covered="0"/></method><method name="waitUntilCondition" desc="(Lokhttp3/OkHttpClient;Lio/fabric8/kubernetes/client/Config;Ljava/lang/String;Lio/fabric8/openshift/api/model/ImageStreamTag;Ljava/util/function/Predicate;JLjava/util/concurrent/TimeUnit;)Lio/fabric8/openshift/api/model/ImageStreamTag;" line="89"><counter type="INSTRUCTION" missed="42" covered="0"/><counter type="LINE" missed="1" covered="0"/><counter type="COMPLEXITY" missed="1" covered="0"/><counter type="METHOD" missed="1" covered="0"/></method><counter type="INSTRUCTION" missed="338" covered="0"/><counter type="LINE" missed="11" covered="0"/><counter type="COMPLEXITY" missed="11" covered="0"/><counter type="METHOD" missed="11" covered="0"/><counter type="CLASS" missed="1" covered="0"/></class><class name="io/fabric8/openshift/client/handlers/BuildConfigHandler" sourcefilename="BuildConfigHandler.java"><method name="&lt;init&gt;" desc="()V" line="41"><counter type="INSTRUCTION" missed="3" covered="0"/><counter type="LINE" missed="1" covered="0"/><counter type="COMPLEXITY" missed="1" covered="0"/><counter type="METHOD" missed="1" covered="0"/></method><method name="getKind" desc="()Ljava/lang/String;" line="44"><counter type="INSTRUCTION" missed="3" covered="0"/><counter type="LINE" missed="1" covered="0"/><counter type="COMPLEXITY" missed="1" covered="0"/><counter type="METHOD" missed="1" covered="0"/></method><method name="create" desc="(Lokhttp3/OkHttpClient;Lio/fabric8/kubernetes/client/Config;Ljava/lang/String;Lio/fabric8/openshift/api/model/BuildConfig;)Lio/fabric8/openshift/api/model/BuildConfig;" line="49"><counter type="INSTRUCTION" missed="41" covered="0"/><counter type="LINE" missed="1" covered="0"/><counter type="COMPLEXITY" missed="1" covered="0"/><counter type="METHOD" missed="1" covered="0"/></method><method name="replace" desc="(Lokhttp3/OkHttpClient;Lio/fabric8/kubernetes/client/Config;Ljava/lang/String;Lio/fabric8/openshift/api/model/BuildConfig;)Lio/fabric8/openshift/api/model/BuildConfig;" line="54"><counter type="INSTRUCTION" missed="40" covered="0"/><counter type="LINE" missed="1" covered="0"/><counter type="COMPLEXITY" missed="1" covered="0"/><counter type="METHOD" missed="1" covered="0"/></method><method name="reload" desc="(Lokhttp3/OkHttpClient;Lio/fabric8/kubernetes/client/Config;Ljava/lang/String;Lio/fabric8/openshift/api/model/BuildConfig;)Lio/fabric8/openshift/api/model/BuildConfig;" line="59"><counter type="INSTRUCTION" missed="40" covered="0"/><counter type="LINE" missed="1" covered="0"/><counter type="COMPLEXITY" missed="1" covered="0"/><counter type="METHOD" missed="1" covered="0"/></method><method name="edit" desc="(Lio/fabric8/openshift/api/model/BuildConfig;)Lio/fabric8/openshift/api/model/BuildConfigBuilder;" line="64"><counter type="INSTRUCTION" missed="5" covered="0"/><counter type="LINE" missed="1" covered="0"/><counter type="COMPLEXITY" missed="1" covered="0"/><counter type="METHOD" missed="1" covered="0"/></method><method name="delete" desc="(Lokhttp3/OkHttpClient;Lio/fabric8/kubernetes/client/Config;Ljava/lang/String;Lio/fabric8/openshift/api/model/BuildConfig;)Ljava/lang/Boolean;" line="69"><counter type="INSTRUCTION" missed="44" covered="0"/><counter type="LINE" missed="1" covered="0"/><counter type="COMPLEXITY" missed="1" covered="0"/><counter type="METHOD" missed="1" covered="0"/></method><method name="watch" desc="(Lokhttp3/OkHttpClient;Lio/fabric8/kubernetes/client/Config;Ljava/lang/String;Lio/fabric8/openshift/api/model/BuildConfig;Lio/fabric8/kubernetes/client/Watcher;)Lio/fabric8/kubernetes/client/Watch;" line="74"><counter type="INSTRUCTION" missed="39" covered="0"/><counter type="LINE" missed="1" covered="0"/><counter type="COMPLEXITY" missed="1" covered="0"/><counter type="METHOD" missed="1" covered="0"/></method><method name="watch" desc="(Lokhttp3/OkHttpClient;Lio/fabric8/kubernetes/client/Config;Ljava/lang/String;Lio/fabric8/openshift/api/model/BuildConfig;Ljava/lang/String;Lio/fabric8/kubernetes/client/Watcher;)Lio/fabric8/kubernetes/client/Watch;" line="79"><counter type="INSTRUCTION" missed="40" covered="0"/><counter type="LINE" missed="1" covered="0"/><counter type="COMPLEXITY" missed="1" covered="0"/><counter type="METHOD" missed="1" covered="0"/></method><method name="waitUntilReady" desc="(Lokhttp3/OkHttpClient;Lio/fabric8/kubernetes/client/Config;Ljava/lang/String;Lio/fabric8/openshift/api/model/BuildConfig;JLjava/util/concurrent/TimeUnit;)Lio/fabric8/openshift/api/model/BuildConfig;" line="84"><counter type="INSTRUCTION" missed="41" covered="0"/><counter type="LINE" missed="1" covered="0"/><counter type="COMPLEXITY" missed="1" covered="0"/><counter type="METHOD" missed="1" covered="0"/></method><method name="waitUntilCondition" desc="(Lokhttp3/OkHttpClient;Lio/fabric8/kubernetes/client/Config;Ljava/lang/String;Lio/fabric8/openshift/api/model/BuildConfig;Ljava/util/function/Predicate;JLjava/util/concurrent/TimeUnit;)Lio/fabric8/openshift/api/model/BuildConfig;" line="89"><counter type="INSTRUCTION" missed="42" covered="0"/><counter type="LINE" missed="1" covered="0"/><counter type="COMPLEXITY" missed="1" covered="0"/><counter type="METHOD" missed="1" covered="0"/></method><counter type="INSTRUCTION" missed="338" covered="0"/><counter type="LINE" missed="11" covered="0"/><counter type="COMPLEXITY" missed="11" covered="0"/><counter type="METHOD" missed="11" covered="0"/><counter type="CLASS" missed="1" covered="0"/></class><class name="io/fabric8/openshift/client/handlers/UserHandler" sourcefilename="UserHandler.java"><method name="&lt;init&gt;" desc="()V" line="41"><counter type="INSTRUCTION" missed="3" covered="0"/><counter type="LINE" missed="1" covered="0"/><counter type="COMPLEXITY" missed="1" covered="0"/><counter type="METHOD" missed="1" covered="0"/></method><method name="getKind" desc="()Ljava/lang/String;" line="44"><counter type="INSTRUCTION" missed="3" covered="0"/><counter type="LINE" missed="1" covered="0"/><counter type="COMPLEXITY" missed="1" covered="0"/><counter type="METHOD" missed="1" covered="0"/></method><method name="create" desc="(Lokhttp3/OkHttpClient;Lio/fabric8/kubernetes/client/Config;Ljava/lang/String;Lio/fabric8/openshift/api/model/User;)Lio/fabric8/openshift/api/model/User;" line="49"><counter type="INSTRUCTION" missed="41" covered="0"/><counter type="LINE" missed="1" covered="0"/><counter type="COMPLEXITY" missed="1" covered="0"/><counter type="METHOD" missed="1" covered="0"/></method><method name="replace" desc="(Lokhttp3/OkHttpClient;Lio/fabric8/kubernetes/client/Config;Ljava/lang/String;Lio/fabric8/openshift/api/model/User;)Lio/fabric8/openshift/api/model/User;" line="54"><counter type="INSTRUCTION" missed="40" covered="0"/><counter type="LINE" missed="1" covered="0"/><counter type="COMPLEXITY" missed="1" covered="0"/><counter type="METHOD" missed="1" covered="0"/></method><method name="reload" desc="(Lokhttp3/OkHttpClient;Lio/fabric8/kubernetes/client/Config;Ljava/lang/String;Lio/fabric8/openshift/api/model/User;)Lio/fabric8/openshift/api/model/User;" line="59"><counter type="INSTRUCTION" missed="40" covered="0"/><counter type="LINE" missed="1" covered="0"/><counter type="COMPLEXITY" missed="1" covered="0"/><counter type="METHOD" missed="1" covered="0"/></method><method name="edit" desc="(Lio/fabric8/openshift/api/model/User;)Lio/fabric8/openshift/api/model/UserBuilder;" line="64"><counter type="INSTRUCTION" missed="5" covered="0"/><counter type="LINE" missed="1" covered="0"/><counter type="COMPLEXITY" missed="1" covered="0"/><counter type="METHOD" missed="1" covered="0"/></method><method name="delete" desc="(Lokhttp3/OkHttpClient;Lio/fabric8/kubernetes/client/Config;Ljava/lang/String;Lio/fabric8/openshift/api/model/User;)Ljava/lang/Boolean;" line="69"><counter type="INSTRUCTION" missed="44" covered="0"/><counter type="LINE" missed="1" covered="0"/><counter type="COMPLEXITY" missed="1" covered="0"/><counter type="METHOD" missed="1" covered="0"/></method><method name="watch" desc="(Lokhttp3/OkHttpClient;Lio/fabric8/kubernetes/client/Config;Ljava/lang/String;Lio/fabric8/openshift/api/model/User;Lio/fabric8/kubernetes/client/Watcher;)Lio/fabric8/kubernetes/client/Watch;" line="74"><counter type="INSTRUCTION" missed="39" covered="0"/><counter type="LINE" missed="1" covered="0"/><counter type="COMPLEXITY" missed="1" covered="0"/><counter type="METHOD" missed="1" covered="0"/></method><method name="watch" desc="(Lokhttp3/OkHttpClient;Lio/fabric8/kubernetes/client/Config;Ljava/lang/String;Lio/fabric8/openshift/api/model/User;Ljava/lang/String;Lio/fabric8/kubernetes/client/Watcher;)Lio/fabric8/kubernetes/client/Watch;" line="79"><counter type="INSTRUCTION" missed="40" covered="0"/><counter type="LINE" missed="1" covered="0"/><counter type="COMPLEXITY" missed="1" covered="0"/><counter type="METHOD" missed="1" covered="0"/></method><method name="waitUntilReady" desc="(Lokhttp3/OkHttpClient;Lio/fabric8/kubernetes/client/Config;Ljava/lang/String;Lio/fabric8/openshift/api/model/User;JLjava/util/concurrent/TimeUnit;)Lio/fabric8/openshift/api/model/User;" line="84"><counter type="INSTRUCTION" missed="41" covered="0"/><counter type="LINE" missed="1" covered="0"/><counter type="COMPLEXITY" missed="1" covered="0"/><counter type="METHOD" missed="1" covered="0"/></method><method name="waitUntilCondition" desc="(Lokhttp3/OkHttpClient;Lio/fabric8/kubernetes/client/Config;Ljava/lang/String;Lio/fabric8/openshift/api/model/User;Ljava/util/function/Predicate;JLjava/util/concurrent/TimeUnit;)Lio/fabric8/openshift/api/model/User;" line="89"><counter type="INSTRUCTION" missed="42" covered="0"/><counter type="LINE" missed="1" covered="0"/><counter type="COMPLEXITY" missed="1" covered="0"/><counter type="METHOD" missed="1" covered="0"/></method><counter type="INSTRUCTION" missed="338" covered="0"/><counter type="LINE" missed="11" covered="0"/><counter type="COMPLEXITY" missed="11" covered="0"/><counter type="METHOD" missed="11" covered="0"/><counter type="CLASS" missed="1" covered="0"/></class><class name="io/fabric8/openshift/client/handlers/OAuthAuthorizeTokenHandler" sourcefilename="OAuthAuthorizeTokenHandler.java"><method name="&lt;init&gt;" desc="()V" line="41"><counter type="INSTRUCTION" missed="3" covered="0"/><counter type="LINE" missed="1" covered="0"/><counter type="COMPLEXITY" missed="1" covered="0"/><counter type="METHOD" missed="1" covered="0"/></method><method name="getKind" desc="()Ljava/lang/String;" line="44"><counter type="INSTRUCTION" missed="3" covered="0"/><counter type="LINE" missed="1" covered="0"/><counter type="COMPLEXITY" missed="1" covered="0"/><counter type="METHOD" missed="1" covered="0"/></method><method name="create" desc="(Lokhttp3/OkHttpClient;Lio/fabric8/kubernetes/client/Config;Ljava/lang/String;Lio/fabric8/openshift/api/model/OAuthAuthorizeToken;)Lio/fabric8/openshift/api/model/OAuthAuthorizeToken;" line="49"><counter type="INSTRUCTION" missed="41" covered="0"/><counter type="LINE" missed="1" covered="0"/><counter type="COMPLEXITY" missed="1" covered="0"/><counter type="METHOD" missed="1" covered="0"/></method><method name="replace" desc="(Lokhttp3/OkHttpClient;Lio/fabric8/kubernetes/client/Config;Ljava/lang/String;Lio/fabric8/openshift/api/model/OAuthAuthorizeToken;)Lio/fabric8/openshift/api/model/OAuthAuthorizeToken;" line="54"><counter type="INSTRUCTION" missed="40" covered="0"/><counter type="LINE" missed="1" covered="0"/><counter type="COMPLEXITY" missed="1" covered="0"/><counter type="METHOD" missed="1" covered="0"/></method><method name="reload" desc="(Lokhttp3/OkHttpClient;Lio/fabric8/kubernetes/client/Config;Ljava/lang/String;Lio/fabric8/openshift/api/model/OAuthAuthorizeToken;)Lio/fabric8/openshift/api/model/OAuthAuthorizeToken;" line="59"><counter type="INSTRUCTION" missed="40" covered="0"/><counter type="LINE" missed="1" covered="0"/><counter type="COMPLEXITY" missed="1" covered="0"/><counter type="METHOD" missed="1" covered="0"/></method><method name="edit" desc="(Lio/fabric8/openshift/api/model/OAuthAuthorizeToken;)Lio/fabric8/openshift/api/model/OAuthAuthorizeTokenBuilder;" line="64"><counter type="INSTRUCTION" missed="5" covered="0"/><counter type="LINE" missed="1" covered="0"/><counter type="COMPLEXITY" missed="1" covered="0"/><counter type="METHOD" missed="1" covered="0"/></method><method name="delete" desc="(Lokhttp3/OkHttpClient;Lio/fabric8/kubernetes/client/Config;Ljava/lang/String;Lio/fabric8/openshift/api/model/OAuthAuthorizeToken;)Ljava/lang/Boolean;" line="69"><counter type="INSTRUCTION" missed="44" covered="0"/><counter type="LINE" missed="1" covered="0"/><counter type="COMPLEXITY" missed="1" covered="0"/><counter type="METHOD" missed="1" covered="0"/></method><method name="watch" desc="(Lokhttp3/OkHttpClient;Lio/fabric8/kubernetes/client/Config;Ljava/lang/String;Lio/fabric8/openshift/api/model/OAuthAuthorizeToken;Lio/fabric8/kubernetes/client/Watcher;)Lio/fabric8/kubernetes/client/Watch;" line="74"><counter type="INSTRUCTION" missed="39" covered="0"/><counter type="LINE" missed="1" covered="0"/><counter type="COMPLEXITY" missed="1" covered="0"/><counter type="METHOD" missed="1" covered="0"/></method><method name="watch" desc="(Lokhttp3/OkHttpClient;Lio/fabric8/kubernetes/client/Config;Ljava/lang/String;Lio/fabric8/openshift/api/model/OAuthAuthorizeToken;Ljava/lang/String;Lio/fabric8/kubernetes/client/Watcher;)Lio/fabric8/kubernetes/client/Watch;" line="79"><counter type="INSTRUCTION" missed="40" covered="0"/><counter type="LINE" missed="1" covered="0"/><counter type="COMPLEXITY" missed="1" covered="0"/><counter type="METHOD" missed="1" covered="0"/></method><method name="waitUntilReady" desc="(Lokhttp3/OkHttpClient;Lio/fabric8/kubernetes/client/Config;Ljava/lang/String;Lio/fabric8/openshift/api/model/OAuthAuthorizeToken;JLjava/util/concurrent/TimeUnit;)Lio/fabric8/openshift/api/model/OAuthAuthorizeToken;" line="84"><counter type="INSTRUCTION" missed="41" covered="0"/><counter type="LINE" missed="1" covered="0"/><counter type="COMPLEXITY" missed="1" covered="0"/><counter type="METHOD" missed="1" covered="0"/></method><method name="waitUntilCondition" desc="(Lokhttp3/OkHttpClient;Lio/fabric8/kubernetes/client/Config;Ljava/lang/String;Lio/fabric8/openshift/api/model/OAuthAuthorizeToken;Ljava/util/function/Predicate;JLjava/util/concurrent/TimeUnit;)Lio/fabric8/openshift/api/model/OAuthAuthorizeToken;" line="89"><counter type="INSTRUCTION" missed="42" covered="0"/><counter type="LINE" missed="1" covered="0"/><counter type="COMPLEXITY" missed="1" covered="0"/><counter type="METHOD" missed="1" covered="0"/></method><counter type="INSTRUCTION" missed="338" covered="0"/><counter type="LINE" missed="11" covered="0"/><counter type="COMPLEXITY" missed="11" covered="0"/><counter type="METHOD" missed="11" covered="0"/><counter type="CLASS" missed="1" covered="0"/></class><class name="io/fabric8/openshift/client/handlers/BuildHandler" sourcefilename="BuildHandler.java"><method name="&lt;init&gt;" desc="()V" line="41"><counter type="INSTRUCTION" missed="3" covered="0"/><counter type="LINE" missed="1" covered="0"/><counter type="COMPLEXITY" missed="1" covered="0"/><counter type="METHOD" missed="1" covered="0"/></method><method name="getKind" desc="()Ljava/lang/String;" line="44"><counter type="INSTRUCTION" missed="3" covered="0"/><counter type="LINE" missed="1" covered="0"/><counter type="COMPLEXITY" missed="1" covered="0"/><counter type="METHOD" missed="1" covered="0"/></method><method name="create" desc="(Lokhttp3/OkHttpClient;Lio/fabric8/kubernetes/client/Config;Ljava/lang/String;Lio/fabric8/openshift/api/model/Build;)Lio/fabric8/openshift/api/model/Build;" line="49"><counter type="INSTRUCTION" missed="41" covered="0"/><counter type="LINE" missed="1" covered="0"/><counter type="COMPLEXITY" missed="1" covered="0"/><counter type="METHOD" missed="1" covered="0"/></method><method name="replace" desc="(Lokhttp3/OkHttpClient;Lio/fabric8/kubernetes/client/Config;Ljava/lang/String;Lio/fabric8/openshift/api/model/Build;)Lio/fabric8/openshift/api/model/Build;" line="54"><counter type="INSTRUCTION" missed="40" covered="0"/><counter type="LINE" missed="1" covered="0"/><counter type="COMPLEXITY" missed="1" covered="0"/><counter type="METHOD" missed="1" covered="0"/></method><method name="reload" desc="(Lokhttp3/OkHttpClient;Lio/fabric8/kubernetes/client/Config;Ljava/lang/String;Lio/fabric8/openshift/api/model/Build;)Lio/fabric8/openshift/api/model/Build;" line="59"><counter type="INSTRUCTION" missed="40" covered="0"/><counter type="LINE" missed="1" covered="0"/><counter type="COMPLEXITY" missed="1" covered="0"/><counter type="METHOD" missed="1" covered="0"/></method><method name="edit" desc="(Lio/fabric8/openshift/api/model/Build;)Lio/fabric8/openshift/api/model/BuildBuilder;" line="64"><counter type="INSTRUCTION" missed="5" covered="0"/><counter type="LINE" missed="1" covered="0"/><counter type="COMPLEXITY" missed="1" covered="0"/><counter type="METHOD" missed="1" covered="0"/></method><method name="delete" desc="(Lokhttp3/OkHttpClient;Lio/fabric8/kubernetes/client/Config;Ljava/lang/String;Lio/fabric8/openshift/api/model/Build;)Ljava/lang/Boolean;" line="69"><counter type="INSTRUCTION" missed="44" covered="0"/><counter type="LINE" missed="1" covered="0"/><counter type="COMPLEXITY" missed="1" covered="0"/><counter type="METHOD" missed="1" covered="0"/></method><method name="watch" desc="(Lokhttp3/OkHttpClient;Lio/fabric8/kubernetes/client/Config;Ljava/lang/String;Lio/fabric8/openshift/api/model/Build;Lio/fabric8/kubernetes/client/Watcher;)Lio/fabric8/kubernetes/client/Watch;" line="74"><counter type="INSTRUCTION" missed="39" covered="0"/><counter type="LINE" missed="1" covered="0"/><counter type="COMPLEXITY" missed="1" covered="0"/><counter type="METHOD" missed="1" covered="0"/></method><method name="watch" desc="(Lokhttp3/OkHttpClient;Lio/fabric8/kubernetes/client/Config;Ljava/lang/String;Lio/fabric8/openshift/api/model/Build;Ljava/lang/String;Lio/fabric8/kubernetes/client/Watcher;)Lio/fabric8/kubernetes/client/Watch;" line="79"><counter type="INSTRUCTION" missed="40" covered="0"/><counter type="LINE" missed="1" covered="0"/><counter type="COMPLEXITY" missed="1" covered="0"/><counter type="METHOD" missed="1" covered="0"/></method><method name="waitUntilReady" desc="(Lokhttp3/OkHttpClient;Lio/fabric8/kubernetes/client/Config;Ljava/lang/String;Lio/fabric8/openshift/api/model/Build;JLjava/util/concurrent/TimeUnit;)Lio/fabric8/openshift/api/model/Build;" line="84"><counter type="INSTRUCTION" missed="41" covered="0"/><counter type="LINE" missed="1" covered="0"/><counter type="COMPLEXITY" missed="1" covered="0"/><counter type="METHOD" missed="1" covered="0"/></method><method name="waitUntilCondition" desc="(Lokhttp3/OkHttpClient;Lio/fabric8/kubernetes/client/Config;Ljava/lang/String;Lio/fabric8/openshift/api/model/Build;Ljava/util/function/Predicate;JLjava/util/concurrent/TimeUnit;)Lio/fabric8/openshift/api/model/Build;" line="89"><counter type="INSTRUCTION" missed="42" covered="0"/><counter type="LINE" missed="1" covered="0"/><counter type="COMPLEXITY" missed="1" covered="0"/><counter type="METHOD" missed="1" covered="0"/></method><counter type="INSTRUCTION" missed="338" covered="0"/><counter type="LINE" missed="11" covered="0"/><counter type="COMPLEXITY" missed="11" covered="0"/><counter type="METHOD" missed="11" covered="0"/><counter type="CLASS" missed="1" covered="0"/></class><class name="io/fabric8/openshift/client/handlers/OAuthAccessTokenHandler" sourcefilename="OAuthAccessTokenHandler.java"><method name="&lt;init&gt;" desc="()V" line="41"><counter type="INSTRUCTION" missed="3" covered="0"/><counter type="LINE" missed="1" covered="0"/><counter type="COMPLEXITY" missed="1" covered="0"/><counter type="METHOD" missed="1" covered="0"/></method><method name="getKind" desc="()Ljava/lang/String;" line="44"><counter type="INSTRUCTION" missed="3" covered="0"/><counter type="LINE" missed="1" covered="0"/><counter type="COMPLEXITY" missed="1" covered="0"/><counter type="METHOD" missed="1" covered="0"/></method><method name="create" desc="(Lokhttp3/OkHttpClient;Lio/fabric8/kubernetes/client/Config;Ljava/lang/String;Lio/fabric8/openshift/api/model/OAuthAccessToken;)Lio/fabric8/openshift/api/model/OAuthAccessToken;" line="49"><counter type="INSTRUCTION" missed="41" covered="0"/><counter type="LINE" missed="1" covered="0"/><counter type="COMPLEXITY" missed="1" covered="0"/><counter type="METHOD" missed="1" covered="0"/></method><method name="replace" desc="(Lokhttp3/OkHttpClient;Lio/fabric8/kubernetes/client/Config;Ljava/lang/String;Lio/fabric8/openshift/api/model/OAuthAccessToken;)Lio/fabric8/openshift/api/model/OAuthAccessToken;" line="54"><counter type="INSTRUCTION" missed="40" covered="0"/><counter type="LINE" missed="1" covered="0"/><counter type="COMPLEXITY" missed="1" covered="0"/><counter type="METHOD" missed="1" covered="0"/></method><method name="reload" desc="(Lokhttp3/OkHttpClient;Lio/fabric8/kubernetes/client/Config;Ljava/lang/String;Lio/fabric8/openshift/api/model/OAuthAccessToken;)Lio/fabric8/openshift/api/model/OAuthAccessToken;" line="59"><counter type="INSTRUCTION" missed="40" covered="0"/><counter type="LINE" missed="1" covered="0"/><counter type="COMPLEXITY" missed="1" covered="0"/><counter type="METHOD" missed="1" covered="0"/></method><method name="edit" desc="(Lio/fabric8/openshift/api/model/OAuthAccessToken;)Lio/fabric8/openshift/api/model/OAuthAccessTokenBuilder;" line="64"><counter type="INSTRUCTION" missed="5" covered="0"/><counter type="LINE" missed="1" covered="0"/><counter type="COMPLEXITY" missed="1" covered="0"/><counter type="METHOD" missed="1" covered="0"/></method><method name="delete" desc="(Lokhttp3/OkHttpClient;Lio/fabric8/kubernetes/client/Config;Ljava/lang/String;Lio/fabric8/openshift/api/model/OAuthAccessToken;)Ljava/lang/Boolean;" line="69"><counter type="INSTRUCTION" missed="44" covered="0"/><counter type="LINE" missed="1" covered="0"/><counter type="COMPLEXITY" missed="1" covered="0"/><counter type="METHOD" missed="1" covered="0"/></method><method name="watch" desc="(Lokhttp3/OkHttpClient;Lio/fabric8/kubernetes/client/Config;Ljava/lang/String;Lio/fabric8/openshift/api/model/OAuthAccessToken;Lio/fabric8/kubernetes/client/Watcher;)Lio/fabric8/kubernetes/client/Watch;" line="74"><counter type="INSTRUCTION" missed="39" covered="0"/><counter type="LINE" missed="1" covered="0"/><counter type="COMPLEXITY" missed="1" covered="0"/><counter type="METHOD" missed="1" covered="0"/></method><method name="watch" desc="(Lokhttp3/OkHttpClient;Lio/fabric8/kubernetes/client/Config;Ljava/lang/String;Lio/fabric8/openshift/api/model/OAuthAccessToken;Ljava/lang/String;Lio/fabric8/kubernetes/client/Watcher;)Lio/fabric8/kubernetes/client/Watch;" line="79"><counter type="INSTRUCTION" missed="40" covered="0"/><counter type="LINE" missed="1" covered="0"/><counter type="COMPLEXITY" missed="1" covered="0"/><counter type="METHOD" missed="1" covered="0"/></method><method name="waitUntilReady" desc="(Lokhttp3/OkHttpClient;Lio/fabric8/kubernetes/client/Config;Ljava/lang/String;Lio/fabric8/openshift/api/model/OAuthAccessToken;JLjava/util/concurrent/TimeUnit;)Lio/fabric8/openshift/api/model/OAuthAccessToken;" line="84"><counter type="INSTRUCTION" missed="41" covered="0"/><counter type="LINE" missed="1" covered="0"/><counter type="COMPLEXITY" missed="1" covered="0"/><counter type="METHOD" missed="1" covered="0"/></method><method name="waitUntilCondition" desc="(Lokhttp3/OkHttpClient;Lio/fabric8/kubernetes/client/Config;Ljava/lang/String;Lio/fabric8/openshift/api/model/OAuthAccessToken;Ljava/util/function/Predicate;JLjava/util/concurrent/Time
[...]
nr="119" mi="6" ci="0" mb="0" cb="0"/><line nr="120" mi="9" ci="0" mb="0" cb="0"/><line nr="121" mi="5" ci="0" mb="0" cb="0"/><line nr="122" mi="4" ci="0" mb="0" cb="0"/><line nr="123" mi="4" ci="0" mb="0" cb="0"/><line nr="124" mi="2" ci="0" mb="0" cb="0"/><line nr="125" mi="1" ci="0" mb="0" cb="0"/><line nr="126" mi="6" ci="0" mb="0" cb="0"/><line nr="132" mi="6" ci="0" mb="0" cb="0"/><line nr="133" mi="16" ci="0" mb="2" cb="0"/><line nr="134" mi="7" ci="0" mb="0" cb="0"/><line nr="136" mi="4" ci="0" mb="0" cb="0"/><line nr="142" mi="7" ci="0" mb="0" cb="0"/><line nr="143" mi="6" ci="0" mb="0" cb="0"/><line nr="144" mi="1" ci="0" mb="0" cb="0"/><line nr="145" mi="6" ci="0" mb="0" cb="0"/><line nr="151" mi="7" ci="0" mb="0" cb="0"/><line nr="156" mi="6" ci="0" mb="0" cb="0"/><line nr="157" mi="16" ci="0" mb="2" cb="0"/><line nr="158" mi="7" ci="0" mb="0" cb="0"/><line nr="160" mi="4" ci="0" mb="0" cb="0"/><line nr="165" mi="29" ci="0" mb="0" cb="0"/><line nr="166" mi="11" ci="0" mb="0" cb="0"/><line nr="170" mi="12" ci="0" mb="2" cb="0"/><line nr="171" mi="2" ci="0" mb="2" cb="0"/><line nr="172" mi="4" ci="0" mb="0" cb="0"/><line nr="175" mi="12" ci="0" mb="2" cb="0"/><line nr="177" mi="4" ci="0" mb="0" cb="0"/><line nr="178" mi="3" ci="0" mb="0" cb="0"/><line nr="179" mi="2" ci="0" mb="0" cb="0"/><line nr="180" mi="3" ci="0" mb="0" cb="0"/><line nr="182" mi="7" ci="0" mb="2" cb="0"/><line nr="183" mi="6" ci="0" mb="2" cb="0"/><line nr="184" mi="8" ci="0" mb="2" cb="0"/><line nr="185" mi="2" ci="0" mb="0" cb="0"/><line nr="188" mi="4" ci="0" mb="0" cb="0"/><line nr="189" mi="5" ci="0" mb="4" cb="0"/><line nr="191" mi="7" ci="0" mb="2" cb="0"/><line nr="192" mi="10" ci="0" mb="2" cb="0"/><line nr="193" mi="3" ci="0" mb="0" cb="0"/><line nr="194" mi="11" ci="0" mb="0" cb="0"/><line nr="196" mi="4" ci="0" mb="2" cb="0"/><line nr="197" mi="6" ci="0" mb="0" cb="0"/><line nr="198" mi="4" ci="0" mb="2" cb="0"/><line nr="199" mi="4" ci="0" mb="0" cb="0"/><line nr="200" mi="5" ci="0" mb="2" cb="0"/><line nr="201" mi="6" ci="0" mb="0" cb="0"/><line nr="202" mi="3" ci="0" mb="0" cb="0"/><line nr="203" mi="8" ci="0" mb="4" cb="0"/><line nr="204" mi="3" ci="0" mb="0" cb="0"/><line nr="206" mi="12" ci="0" mb="0" cb="0"/><line nr="208" mi="2" ci="0" mb="2" cb="0"/><line nr="209" mi="4" ci="0" mb="0" cb="0"/><line nr="210" mi="2" ci="0" mb="0" cb="0"/><line nr="212" mi="5" ci="0" mb="0" cb="0"/><line nr="213" mi="1" ci="0" mb="0" cb="0"/><line nr="217" mi="6" ci="0" mb="0" cb="0"/><line nr="218" mi="1" ci="0" mb="0" cb="0"/><line nr="219" mi="3" ci="0" mb="0" cb="0"/><line nr="220" mi="1" ci="0" mb="0" cb="0"/><line nr="221" mi="2" ci="0" mb="0" cb="0"/><line nr="226" mi="3" ci="0" mb="0" cb="0"/><line nr="227" mi="3" ci="0" mb="2" cb="0"/><line nr="228" mi="21" ci="0" mb="0" cb="0"/><line nr="230" mi="16" ci="0" mb="0" cb="0"/><line nr="231" mi="2" ci="0" mb="0" cb="0"/><line nr="236" mi="4" ci="0" mb="0" cb="0"/><line nr="237" mi="2" ci="0" mb="0" cb="0"/><line nr="238" mi="5" ci="0" mb="0" cb="0"/><line nr="239" mi="3" ci="0" mb="2" cb="0"/><line nr="240" mi="4" ci="0" mb="0" cb="0"/><line nr="241" mi="3" ci="0" mb="2" cb="0"/><line nr="242" mi="3" ci="0" mb="0" cb="0"/><line nr="243" mi="3" ci="0" mb="0" cb="0"/><line nr="244" mi="2" ci="0" mb="0" cb="0"/><line nr="245" mi="5" ci="0" mb="2" cb="0"/><line nr="246" mi="9" ci="0" mb="2" cb="0"/><line nr="247" mi="8" ci="0" mb="0" cb="0"/><line nr="248" mi="4" ci="0" mb="0" cb="0"/><line nr="249" mi="4" ci="0" mb="2" cb="0"/><line nr="250" mi="4" ci="0" mb="0" cb="0"/><line nr="251" mi="3" ci="0" mb="0" cb="0"/><line nr="252" mi="2" ci="0" mb="0" cb="0"/><line nr="253" mi="2" ci="0" mb="0" cb="0"/><line nr="254" mi="4" ci="0" mb="0" cb="0"/><line nr="255" mi="8" ci="0" mb="0" cb="0"/><line nr="256" mi="4" ci="0" mb="2" cb="0"/><line nr="257" mi="3" ci="0" mb="0" cb="0"/><line nr="258" mi="2" ci="0" mb="0" cb="0"/><line nr="259" mi="2" ci="0" mb="0" cb="0"/><line nr="260" mi="5" ci="0" mb="0" cb="0"/><line nr="261" mi="5" ci="0" mb="0" cb="0"/><line nr="262" mi="3" ci="0" mb="2" cb="0"/><line nr="263" mi="4" ci="0" mb="0" cb="0"/><line nr="264" mi="10" ci="0" mb="2" cb="0"/><line nr="265" mi="3" ci="0" mb="2" cb="0"/><line nr="266" mi="5" ci="0" mb="0" cb="0"/><line nr="268" mi="1" ci="0" mb="0" cb="0"/><line nr="269" mi="3" ci="0" mb="0" cb="0"/><line nr="270" mi="2" ci="0" mb="0" cb="0"/><line nr="271" mi="2" ci="0" mb="0" cb="0"/><line nr="272" mi="4" ci="0" mb="0" cb="0"/><line nr="273" mi="8" ci="0" mb="0" cb="0"/><line nr="276" mi="28" ci="0" mb="0" cb="0"/><line nr="282" mi="5" ci="0" mb="4" cb="0"/><line nr="283" mi="5" ci="0" mb="0" cb="0"/><line nr="285" mi="28" ci="0" mb="0" cb="0"/><line nr="286" mi="12" ci="0" mb="0" cb="0"/><line nr="291" mi="28" ci="0" mb="0" cb="0"/><line nr="292" mi="12" ci="0" mb="0" cb="0"/><line nr="297" mi="9" ci="0" mb="0" cb="0"/><line nr="301" mi="7" ci="0" mb="0" cb="0"/><counter type="INSTRUCTION" missed="854" covered="0"/><counter type="BRANCH" missed="66" covered="0"/><counter type="LINE" missed="137" covered="0"/><counter type="COMPLEXITY" missed="54" covered="0"/><counter type="METHOD" missed="21" covered="0"/><counter type="CLASS" missed="2" covered="0"/></sourcefile><sourcefile name="BuildOperationsImpl.java"><line nr="72" mi="45" ci="0" mb="0" cb="0"/><line nr="73" mi="1" ci="0" mb="0" cb="0"/><line nr="76" mi="44" ci="0" mb="0" cb="0"/><line nr="77" mi="1" ci="0" mb="0" cb="0"/><line nr="80" mi="21" ci="0" mb="0" cb="0"/><line nr="81" mi="3" ci="0" mb="0" cb="0"/><line nr="82" mi="3" ci="0" mb="0" cb="0"/><line nr="83" mi="3" ci="0" mb="0" cb="0"/><line nr="84" mi="3" ci="0" mb="0" cb="0"/><line nr="85" mi="3" ci="0" mb="0" cb="0"/><line nr="86" mi="3" ci="0" mb="0" cb="0"/><line nr="87" mi="3" ci="0" mb="0" cb="0"/><line nr="88" mi="3" ci="0" mb="0" cb="0"/><line nr="89" mi="3" ci="0" mb="0" cb="0"/><line nr="90" mi="3" ci="0" mb="0" cb="0"/><line nr="91" mi="3" ci="0" mb="0" cb="0"/><line nr="92" mi="3" ci="0" mb="0" cb="0"/><line nr="93" mi="3" ci="0" mb="0" cb="0"/><line nr="94" mi="3" ci="0" mb="0" cb="0"/><line nr="95" mi="3" ci="0" mb="0" cb="0"/><line nr="96" mi="1" ci="0" mb="0" cb="0"/><line nr="99" mi="4" ci="0" mb="0" cb="0"/><line nr="100" mi="7" ci="0" mb="0" cb="0"/><line nr="101" mi="7" ci="0" mb="4" cb="0"/><line nr="102" mi="7" ci="0" mb="0" cb="0"/><line nr="104" mi="3" ci="0" mb="2" cb="0"/><line nr="105" mi="4" ci="0" mb="0" cb="0"/><line nr="107" mi="3" ci="0" mb="2" cb="0"/><line nr="108" mi="8" ci="0" mb="0" cb="0"/><line nr="109" mi="3" ci="0" mb="2" cb="0"/><line nr="110" mi="7" ci="0" mb="0" cb="0"/><line nr="112" mi="3" ci="0" mb="2" cb="0"/><line nr="113" mi="7" ci="0" mb="0" cb="0"/><line nr="115" mi="3" ci="0" mb="2" cb="0"/><line nr="116" mi="7" ci="0" mb="0" cb="0"/><line nr="118" mi="3" ci="0" mb="2" cb="0"/><line nr="119" mi="4" ci="0" mb="0" cb="0"/><line nr="121" mi="3" ci="0" mb="0" cb="0"/><line nr="126" mi="18" ci="0" mb="0" cb="0"/><line nr="127" mi="7" ci="0" mb="0" cb="0"/><line nr="128" mi="3" ci="0" mb="0" cb="0"/><line nr="129" mi="6" ci="0" mb="0" cb="0"/><line nr="130" mi="3" ci="0" mb="0" cb="0"/><line nr="131" mi="4" ci="0" mb="0" cb="0"/><line nr="132" mi="2" ci="0" mb="0" cb="0"/><line nr="133" mi="1" ci="0" mb="0" cb="0"/><line nr="134" mi="6" ci="0" mb="0" cb="0"/><line nr="140" mi="5" ci="0" mb="0" cb="0"/><line nr="141" mi="6" ci="0" mb="0" cb="0"/><line nr="142" mi="1" ci="0" mb="0" cb="0"/><line nr="143" mi="6" ci="0" mb="0" cb="0"/><line nr="149" mi="69" ci="0" mb="0" cb="0"/><line nr="158" mi="4" ci="0" mb="0" cb="0"/><line nr="163" mi="4" ci="0" mb="0" cb="0"/><line nr="169" mi="25" ci="0" mb="0" cb="0"/><line nr="170" mi="8" ci="0" mb="0" cb="0"/><line nr="171" mi="5" ci="0" mb="0" cb="0"/><line nr="172" mi="8" ci="0" mb="0" cb="0"/><line nr="173" mi="5" ci="0" mb="0" cb="0"/><line nr="174" mi="2" ci="0" mb="0" cb="0"/><line nr="175" mi="2" ci="0" mb="0" cb="0"/><line nr="176" mi="1" ci="0" mb="0" cb="0"/><line nr="177" mi="6" ci="0" mb="0" cb="0"/><line nr="184" mi="67" ci="0" mb="0" cb="0"/><line nr="189" mi="68" ci="0" mb="0" cb="0"/><line nr="194" mi="68" ci="0" mb="0" cb="0"/><line nr="199" mi="67" ci="0" mb="0" cb="0"/><line nr="204" mi="68" ci="0" mb="0" cb="0"/><line nr="209" mi="68" ci="0" mb="0" cb="0"/><line nr="214" mi="67" ci="0" mb="0" cb="0"/><counter type="INSTRUCTION" missed="921" covered="0"/><counter type="BRANCH" missed="16" covered="0"/><counter type="LINE" missed="70" covered="0"/><counter type="COMPLEXITY" missed="25" covered="0"/><counter type="METHOD" missed="17" covered="0"/><counter type="CLASS" missed="1" covered="0"/></sourcefile><sourcefile name="OAuthClientAuthorizationOperationsImpl.java"><line nr="42" mi="30" ci="0" mb="0" cb="0"/><line nr="43" mi="1" ci="0" mb="0" cb="0"/><line nr="46" mi="21" ci="0" mb="0" cb="0"/><line nr="47" mi="1" ci="0" mb="0" cb="0"/><line nr="51" mi="38" ci="0" mb="0" cb="0"/><line nr="56" mi="38" ci="0" mb="0" cb="0"/><counter type="INSTRUCTION" missed="129" covered="0"/><counter type="LINE" missed="6" covered="0"/><counter type="COMPLEXITY" missed="4" covered="0"/><counter type="METHOD" missed="4" covered="0"/><counter type="CLASS" missed="1" covered="0"/></sourcefile><sourcefile name="ImageStreamTagOperationsImpl.java"><line nr="42" mi="30" ci="0" mb="0" cb="0"/><line nr="43" mi="1" ci="0" mb="0" cb="0"/><line nr="46" mi="21" ci="0" mb="0" cb="0"/><line nr="47" mi="1" ci="0" mb="0" cb="0"/><line nr="51" mi="38" ci="0" mb="0" cb="0"/><line nr="56" mi="38" ci="0" mb="0" cb="0"/><counter type="INSTRUCTION" missed="129" covered="0"/><counter type="LINE" missed="6" covered="0"/><counter type="COMPLEXITY" missed="4" covered="0"/><counter type="METHOD" missed="4" covered="0"/><counter type="CLASS" missed="1" covered="0"/></sourcefile><sourcefile name="OAuthClientOperationsImpl.java"><line nr="34" mi="30" ci="0" mb="0" cb="0"/><line nr="35" mi="1" ci="0" mb="0" cb="0"/><line nr="38" mi="21" ci="0" mb="0" cb="0"/><line nr="39" mi="1" ci="0" mb="0" cb="0"/><line nr="43" mi="2" ci="0" mb="0" cb="0"/><counter type="INSTRUCTION" missed="55" covered="0"/><counter type="LINE" missed="5" covered="0"/><counter type="COMPLEXITY" missed="3" covered="0"/><counter type="METHOD" missed="3" covered="0"/><counter type="CLASS" missed="1" covered="0"/></sourcefile><sourcefile name="BuildConfigOperationsImpl.java"><line nr="90" mi="42" ci="0" mb="0" cb="0"/><line nr="91" mi="1" ci="0" mb="0" cb="0"/><line nr="94" mi="30" ci="0" mb="0" cb="0"/><line nr="95" mi="1" ci="0" mb="0" cb="0"/><line nr="98" mi="21" ci="0" mb="0" cb="0"/><line nr="99" mi="3" ci="0" mb="0" cb="0"/><line nr="100" mi="3" ci="0" mb="0" cb="0"/><line nr="101" mi="3" ci="0" mb="0" cb="0"/><line nr="102" mi="3" ci="0" mb="0" cb="0"/><line nr="103" mi="3" ci="0" mb="0" cb="0"/><line nr="104" mi="3" ci="0" mb="0" cb="0"/><line nr="105" mi="3" ci="0" mb="0" cb="0"/><line nr="106" mi="3" ci="0" mb="0" cb="0"/><line nr="107" mi="3" ci="0" mb="0" cb="0"/><line nr="108" mi="6" ci="0" mb="0" cb="0"/><line nr="109" mi="3" ci="0" mb="0" cb="0"/><line nr="110" mi="3" ci="0" mb="0" cb="0"/><line nr="111" mi="1" ci="0" mb="0" cb="0"/><line nr="115" mi="5" ci="0" mb="4" cb="0"/><line nr="116" mi="5" ci="0" mb="0" cb="0"/><line nr="118" mi="59" ci="0" mb="0" cb="0"/><line nr="123" mi="59" ci="0" mb="0" cb="0"/><line nr="128" mi="60" ci="0" mb="0" cb="0"/><line nr="133" mi="59" ci="0" mb="0" cb="0"/><line nr="138" mi="62" ci="0" mb="0" cb="0"/><line nr="144" mi="3" ci="0" mb="0" cb="0"/><line nr="145" mi="17" ci="0" mb="0" cb="0"/><line nr="146" mi="7" ci="0" mb="0" cb="0"/><line nr="147" mi="8" ci="0" mb="0" cb="0"/><line nr="148" mi="6" ci="0" mb="0" cb="0"/><line nr="149" mi="1" ci="0" mb="0" cb="0"/><line nr="150" mi="3" ci="0" mb="0" cb="0"/><line nr="156" mi="60" ci="0" mb="0" cb="0"/><line nr="164" mi="24" ci="0" mb="0" cb="0"/><line nr="165" mi="7" ci="0" mb="0" cb="0"/><line nr="166" mi="4" ci="0" mb="0" cb="0"/><line nr="167" mi="2" ci="0" mb="0" cb="0"/><line nr="168" mi="3" ci="0" mb="0" cb="0"/><line nr="169" mi="2" ci="0" mb="0" cb="0"/><line nr="170" mi="5" ci="0" mb="0" cb="0"/><line nr="171" mi="1" ci="0" mb="0" cb="0"/><line nr="172" mi="3" ci="0" mb="0" cb="0"/><line nr="173" mi="1" ci="0" mb="0" cb="0"/><line nr="174" mi="2" ci="0" mb="0" cb="0"/><line nr="179" mi="59" ci="0" mb="0" cb="0"/><line nr="184" mi="59" ci="0" mb="0" cb="0"/><line nr="186" mi="2" ci="0" mb="0" cb="0"/><line nr="195" mi="3" ci="0" mb="2" cb="0"/><line nr="196" mi="1" ci="0" mb="0" cb="0"/><line nr="198" mi="10" ci="0" mb="0" cb="0"/><line nr="199" mi="20" ci="0" mb="0" cb="0"/><line nr="201" mi="3" ci="0" mb="2" cb="0"/><line nr="203" mi="11" ci="0" mb="2" cb="0"/><line nr="205" mi="4" ci="0" mb="2" cb="0"/><line nr="206" mi="4" ci="0" mb="2" cb="0"/><line nr="207" mi="8" ci="0" mb="2" cb="0"/><line nr="209" mi="21" ci="0" mb="0" cb="0"/><line nr="213" mi="1" ci="0" mb="0" cb="0"/><line nr="216" mi="1" ci="0" mb="0" cb="0"/><line nr="220" mi="5" ci="0" mb="0" cb="0"/><line nr="225" mi="3" ci="0" mb="2" cb="0"/><line nr="226" mi="5" ci="0" mb="0" cb="0"/><line nr="228" mi="7" ci="0" mb="0" cb="0"/><line nr="231" mi="8" ci="0" mb="0" cb="0"/><line nr="232" mi="1" ci="0" mb="0" cb="0"/><line nr="233" mi="3" ci="0" mb="0" cb="0"/><line nr="240" mi="19" ci="0" mb="0" cb="0"/><line nr="243" mi="3" ci="0" mb="0" cb="0"/><line nr="248" mi="3" ci="0" mb="0" cb="0"/><line nr="253" mi="2" ci="0" mb="0" cb="0"/><line nr="255" mi="4" ci="0" mb="0" cb="0"/><line nr="256" mi="3" ci="0" mb="0" cb="0"/><line nr="258" mi="4" ci="0" mb="0" cb="0"/><line nr="259" mi="1" ci="0" mb="0" cb="0"/><line nr="260" mi="4" ci="0" mb="0" cb="0"/><line nr="262" mi="1" ci="0" mb="0" cb="0"/><line nr="263" mi="1" ci="0" mb="0" cb="0"/><line nr="266" mi="7" ci="0" mb="0" cb="0"/><line nr="267" mi="5" ci="0" mb="0" cb="0"/><line nr="268" mi="1" ci="0" mb="0" cb="0"/><line nr="269" mi="2" ci="0" mb="0" cb="0"/><line nr="270" mi="4" ci="0" mb="0" cb="0"/><line nr="271" mi="3" ci="0" mb="0" cb="0"/><line nr="272" mi="2" ci="0" mb="0" cb="0"/><line nr="273" mi="3" ci="0" mb="0" cb="0"/><line nr="274" mi="7" ci="0" mb="0" cb="0"/><line nr="275" mi="1" ci="0" mb="0" cb="0"/><line nr="276" mi="3" ci="0" mb="0" cb="0"/><line nr="281" mi="4" ci="0" mb="0" cb="0"/><line nr="282" mi="16" ci="0" mb="0" cb="0"/><line nr="283" mi="4" ci="0" mb="2" cb="0"/><line nr="284" mi="5" ci="0" mb="0" cb="0"/><line nr="286" mi="7" ci="0" mb="0" cb="0"/><line nr="289" mi="4" ci="0" mb="2" cb="0"/><line nr="290" mi="7" ci="0" mb="0" cb="0"/><line nr="293" mi="4" ci="0" mb="2" cb="0"/><line nr="294" mi="7" ci="0" mb="0" cb="0"/><line nr="297" mi="4" ci="0" mb="2" cb="0"/><line nr="298" mi="7" ci="0" mb="0" cb="0"/><line nr="301" mi="4" ci="0" mb="2" cb="0"/><line nr="302" mi="7" ci="0" mb="0" cb="0"/><line nr="305" mi="4" ci="0" mb="2" cb="0"/><line nr="306" mi="7" ci="0" mb="0" cb="0"/><line nr="309" mi="4" ci="0" mb="2" cb="0"/><line nr="310" mi="7" ci="0" mb="0" cb="0"/><line nr="312" mi="3" ci="0" mb="0" cb="0"/><line nr="317" mi="59" ci="0" mb="0" cb="0"/><line nr="322" mi="59" ci="0" mb="0" cb="0"/><line nr="327" mi="59" ci="0" mb="0" cb="0"/><line nr="332" mi="59" ci="0" mb="0" cb="0"/><line nr="337" mi="59" ci="0" mb="0" cb="0"/><line nr="342" mi="59" ci="0" mb="0" cb="0"/><line nr="347" mi="58" ci="0" mb="0" cb="0"/><line nr="352" mi="58" ci="0" mb="0" cb="0"/><line nr="358" mi="2" ci="0" mb="0" cb="0"/><line nr="359" mi="3" ci="0" mb="0" cb="0"/><line nr="360" mi="1" ci="0" mb="0" cb="0"/><line nr="364" mi="3" ci="0" mb="0" cb="0"/><line nr="365" mi="2" ci="0" mb="0" cb="0"/><counter type="INSTRUCTION" missed="1511" covered="0"/><counter type="BRANCH" missed="32" covered="0"/><counter type="LINE" missed="119" covered="0"/><counter type="COMPLEXITY" missed="48" covered="0"/><counter type="METHOD" missed="32" covered="0"/><counter type="CLASS" missed="3" covered="0"/></sourcefile><sourcefile name="NetNamespaceOperationsImpl.java"><line nr="42" mi="30" ci="0" mb="0" cb="0"/><line nr="43" mi="1" ci="0" mb="0" cb="0"/><line nr="46" mi="21" ci="0" mb="0" cb="0"/><line nr="47" mi="1" ci="0" mb="0" cb="0"/><line nr="51" mi="38" ci="0" mb="0" cb="0"/><line nr="56" mi="38" ci="0" mb="0" cb="0"/><counter type="INSTRUCTION" missed="129" covered="0"/><counter type="LINE" missed="6" covered="0"/><counter type="COMPLEXITY" missed="4" covered="0"/><counter type="METHOD" missed="4" covered="0"/><counter type="CLASS" missed="1" covered="0"/></sourcefile><sourcefile name="ImageStreamOperationsImpl.java"><line nr="42" mi="30" ci="0" mb="0" cb="0"/><line nr="43" mi="1" ci="0" mb="0" cb="0"/><line nr="46" mi="21" ci="0" mb="0" cb="0"/><line nr="47" mi="1" ci="0" mb="0" cb="0"/><line nr="51" mi="38" ci="0" mb="0" cb="0"/><line nr="56" mi="38" ci="0" mb="0" cb="0"/><counter type="INSTRUCTION" missed="129" covered="0"/><counter type="LINE" missed="6" covered="0"/><counter type="COMPLEXITY" missed="4" covered="0"/><counter type="METHOD" missed="4" covered="0"/><counter type="CLASS" missed="1" covered="0"/></sourcefile><counter type="INSTRUCTION" missed="6313" covered="0"/><counter type="BRANCH" missed="222" covered="0"/><counter type="LINE" missed="684" covered="0"/><counter type="COMPLEXITY" missed="305" covered="0"/><counter type="METHOD" missed="193" covered="0"/><counter type="CLASS" missed="35" covered="0"/></package><package name="io/fabric8/openshift/client/dsl"><class name="io/fabric8/openshift/client/dsl/CreateableLocalSubjectAccessReview" sourcefilename="CreateableLocalSubjectAccessReview.java"><method name="&lt;init&gt;" desc="()V" line="25"><counter type="INSTRUCTION" missed="3" covered="0"/><counter type="LINE" missed="1" covered="0"/><counter type="COMPLEXITY" missed="1" covered="0"/><counter type="METHOD" missed="1" covered="0"/></method><counter type="INSTRUCTION" missed="3" covered="0"/><counter type="LINE" missed="1" covered="0"/><counter type="COMPLEXITY" missed="1" covered="0"/><counter type="METHOD" missed="1" covered="0"/><counter type="CLASS" missed="1" covered="0"/></class><class name="io/fabric8/openshift/client/dsl/CreateableSubjectAccessReview" sourcefilename="CreateableSubjectAccessReview.java"><method name="&lt;init&gt;" desc="()V" line="25"><counter type="INSTRUCTION" missed="3" covered="0"/><counter type="LINE" missed="1" covered="0"/><counter type="COMPLEXITY" missed="1" covered="0"/><counter type="METHOD" missed="1" covered="0"/></method><counter type="INSTRUCTION" missed="3" covered="0"/><counter type="LINE" missed="1" covered="0"/><counter type="COMPLEXITY" missed="1" covered="0"/><counter type="METHOD" missed="1" covered="0"/><counter type="CLASS" missed="1" covered="0"/></class><sourcefile name="CreateableSubjectAccessReview.java"><line nr="25" mi="3" ci="0" mb="0" cb="0"/><counter type="INSTRUCTION" missed="3" covered="0"/><counter type="LINE" missed="1" covered="0"/><counter type="COMPLEXITY" missed="1" covered="0"/><counter type="METHOD" missed="1" covered="0"/><counter type="CLASS" missed="1" covered="0"/></sourcefile><sourcefile name="CreateableLocalSubjectAccessReview.java"><line nr="25" mi="3" ci="0" mb="0" cb="0"/><counter type="INSTRUCTION" missed="3" covered="0"/><counter type="LINE" missed="1" covered="0"/><counter type="COMPLEXITY" missed="1" covered="0"/><counter type="METHOD" missed="1" covered="0"/><counter type="CLASS" missed="1" covered="0"/></sourcefile><counter type="INSTRUCTION" missed="6" covered="0"/><counter type="LINE" missed="2" covered="0"/><counter type="COMPLEXITY" missed="2" covered="0"/><counter type="METHOD" missed="2" covered="0"/><counter type="CLASS" missed="2" covered="0"/></package><counter type="INSTRUCTION" missed="15973" covered="901"/><counter type="BRANCH" missed="433" covered="15"/><counter type="LINE" missed="1412" covered="166"/><counter type="COMPLEXITY" missed="822" covered="43"/><counter type="METHOD" missed="603" covered="37"/><counter type="CLASS" missed="66" covered="6"/></report>