<?xml version="1.0" encoding="UTF-8"?>
<testsuite xmlns:xsi="http://www.w3.org/2001/XMLSchema-instance" xsi:noNamespaceSchemaLocation="https://maven.apache.org/surefire/maven-surefire-plugin/xsd/surefire-test-report.xsd" name="io.fabric8.openshift.client.server.mock.GroupTest" time="3.27" tests="3" errors="0" skipped="0" failures="0">
  <properties>
[...]
</properties>
  <testcase name="testGet" classname="io.fabric8.openshift.client.server.mock.GroupTest" time="2.388"/>
  <testcase name="testList" classname="io.fabric8.openshift.client.server.mock.GroupTest" time="0.41"/>
  <testcase name="testDelete" classname="io.fabric8.openshift.client.server.mock.GroupTest" time="0.351"/>
</testsuite>