GROUP,PACKAGE,CLASS,INSTRUCTION_MISSED,INSTRUCTION_COVERED,BRANCH_MISSED,BRANCH_COVERED,LINE_MISSED,LINE_COVERED,COMPLEXITY_MISSED,COMPLEXITY_COVERED,METHOD_MISSED,METHOD_COVERED
Fabric8 :: Kubernetes Model,io.fabric8.kubernetes.api.model.scheduling,DoneablePriorityClass,51,0,0,0,7,0,4,0,4,0
Fabric8 :: Kubernetes Model,io.fabric8.kubernetes.api.model.scheduling,PriorityClassListFluentImpl,727,0,112,0,73,0,97,0,41,0
Fabric8 :: Kubernetes Model,io.fabric8.kubernetes.api.model.scheduling,PriorityClassListFluentImpl.ItemsNestedImpl,43,0,0,0,10,0,4,0,4,0
Fabric8 :: Kubernetes Model,io.fabric8.kubernetes.api.model.scheduling,PriorityClassListFluentImpl.MetadataNestedImpl,35,0,0,0,8,0,4,0,4,0
Fabric8 :: Kubernetes Model,io.fabric8.kubernetes.api.model.scheduling,PriorityClassFluentImpl,332,0,66,0,48,0,62,0,29,0
Fabric8 :: Kubernetes Model,io.fabric8.kubernetes.api.model.scheduling,PriorityClassList,305,0,46,0,29,0,39,0,16,0
Fabric8 :: Kubernetes Model,io.fabric8.kubernetes.api.model.scheduling,PriorityClassListBuilder,268,0,30,0,58,0,28,0,13,0
Fabric8 :: Kubernetes Model,io.fabric8.kubernetes.api.model.scheduling,DoneablePriorityClassList,51,0,0,0,7,0,4,0,4,0
Fabric8 :: Kubernetes Model,io.fabric8.kubernetes.api.model.scheduling,PriorityClassFluentImpl.MetadataNestedImpl,35,0,0,0,8,0,4,0,4,0
Fabric8 :: Kubernetes Model,io.fabric8.kubernetes.api.model.scheduling,DoneablePriorityClass.new Function() {...},8,0,0,0,2,0,2,0,2,0
Fabric8 :: Kubernetes Model,io.fabric8.kubernetes.api.model.scheduling,DoneablePriorityClassList.new Function() {...},8,0,0,0,2,0,2,0,2,0
Fabric8 :: Kubernetes Model,io.fabric8.kubernetes.api.model.scheduling,PriorityClassBuilder,314,0,30,0,66,0,28,0,13,0
Fabric8 :: Kubernetes Model,io.fabric8.kubernetes.api.model.scheduling,PriorityClass,387,0,62,0,36,0,51,0,20,0
Fabric8 :: Kubernetes Model,io.fabric8.kubernetes.api.model,ComponentStatusFluentImpl.ConditionsNestedImpl,43,0,0,0,10,0,4,0,4,0
Fabric8 :: Kubernetes Model,io.fabric8.kubernetes.api.model,NamedExtensionFluentImpl.ServiceExtensionNestedImpl,35,0,0,0,8,0,4,0,4,0
Fabric8 :: Kubernetes Model,io.fabric8.kubernetes.api.model,NamespaceSpecFluentImpl,323,0,54,0,32,0,44,0,17,0
Fabric8 :: Kubernetes Model,io.fabric8.kubernetes.api.model,PodDNSConfigBuilder,245,0,30,0,54,0,28,0,13,0
Fabric8 :: Kubernetes Model,io.fabric8.kubernetes.api.model,WatchEventFluentImpl.JSONSchemaPropsOrBoolObjectNestedImpl,35,0,0,0,8,0,4,0,4,0
Fabric8 :: Kubernetes Model,io.fabric8.kubernetes.api.model,WatchEventFluentImpl.CustomResourceDefinitionConditionObjectNestedImpl,35,0,0,0,8,0,4,0,4,0
Fabric8 :: Kubernetes Model,io.fabric8.kubernetes.api.model,PersistentVolumeSpecFluentImpl.PhotonPersistentDiskNestedImpl,35,0,0,0,8,0,4,0,4,0
Fabric8 :: Kubernetes Model,io.fabric8.kubernetes.api.model,KubeSchemaFluentImpl.ContainerStatusNestedImpl,35,0,0,0,8,0,4,0,4,0
Fabric8 :: Kubernetes Model,io.fabric8.kubernetes.api.model,DoneablePersistentVolumeClaimList.new Function() {...},8,0,0,0,2,0,2,0,2,0
Fabric8 :: Kubernetes Model,io.fabric8.kubernetes.api.model,DoneableISCSIVolumeSource.new Function() {...},8,0,0,0,2,0,2,0,2,0
Fabric8 :: Kubernetes Model,io.fabric8.kubernetes.api.model,DoneableSELinuxOptions,51,0,0,0,7,0,4,0,4,0
Fabric8 :: Kubernetes Model,io.fabric8.kubernetes.api.model,VolumeNodeAffinityFluentImpl.RequiredNestedImpl,35,0,0,0,8,0,4,0,4,0
Fabric8 :: Kubernetes Model,io.fabric8.kubernetes.api.model,DoneableExecConfig,51,0,0,0,7,0,4,0,4,0
Fabric8 :: Kubernetes Model,io.fabric8.kubernetes.api.model,WatchEventFluentImpl.PodDisruptionBudgetObjectNestedImpl,35,0,0,0,8,0,4,0,4,0
Fabric8 :: Kubernetes Model,io.fabric8.kubernetes.api.model,WatchEventFluentImpl.ImageSourceObjectNestedImpl,35,0,0,0,8,0,4,0,4,0
Fabric8 :: Kubernetes Model,io.fabric8.kubernetes.api.model,DoneableFlexPersistentVolumeSource.new Function() {...},8,0,0,0,2,0,2,0,2,0
Fabric8 :: Kubernetes Model,io.fabric8.kubernetes.api.model,ExecAction,81,74,19,3,3,12,14,7,3,7
Fabric8 :: Kubernetes Model,io.fabric8.kubernetes.api.model,WatchEventFluentImpl.BindingObjectNestedImpl,35,0,0,0,8,0,4,0,4,0
Fabric8 :: Kubernetes Model,io.fabric8.kubernetes.api.model,WatchEventFluentImpl.IngressBackendObjectNestedImpl,35,0,0,0,8,0,4,0,4,0
Fabric8 :: Kubernetes Model,io.fabric8.kubernetes.api.model,OwnerReferenceFluentImpl,275,0,56,0,43,0,53,0,25,0
Fabric8 :: Kubernetes Model,io.fabric8.kubernetes.api.model,SecretReference,191,0,30,0,18,0,27,0,12,0
Fabric8 :: Kubernetes Model,io.fabric8.kubernetes.api.model,CinderVolumeSourceFluentImpl,267,0,50,0,39,0,49,0,24,0
Fabric8 :: Kubernetes Model,io.fabric8.kubernetes.api.model,DoneableServiceAccountTokenProjection,51,0,0,0,7,0,4,0,4,0
Fabric8 :: Kubernetes Model,io.fabric8.kubernetes.api.model,KubeSchemaFluentImpl.PodPresetNestedImpl,35,0,0,0,8,0,4,0,4,0
Fabric8 :: Kubernetes Model,io.fabric8.kubernetes.api.model,EnvFromSource,130,107,33,5,5,17,23,10,4,10
Fabric8 :: Kubernetes Model,io.fabric8.kubernetes.api.model,BaseKubernetesListFluentImpl.ProjectRequestItemsNestedImpl,43,0,0,0,10,0,4,0,4,0
Fabric8 :: Kubernetes Model,io.fabric8.kubernetes.api.model,PersistentVolumeClaimSpecFluentImpl.ResourcesNestedImpl,35,0,0,0,8,0,4,0,4,0
Fabric8 :: Kubernetes Model,io.fabric8.kubernetes.api.model,HTTPHeaderFluentImpl,84,19,24,0,13,6,16,5,4,5
Fabric8 :: Kubernetes Model,io.fabric8.kubernetes.api.model,DoneableRBDVolumeSource,51,0,0,0,7,0,4,0,4,0
Fabric8 :: Kubernetes Model,io.fabric8.kubernetes.api.model,AuthProviderConfigBuilder,222,0,30,0,50,0,28,0,13,0
Fabric8 :: Kubernetes Model,io.fabric8.kubernetes.api.model,BaseKubernetesListFluentImpl.ClusterRoleItemsNestedImpl,43,0,0,0,10,0,4,0,4,0
Fabric8 :: Kubernetes Model,io.fabric8.kubernetes.api.model,NamedExtensionFluentImpl.EventsEventExtensionNestedImpl,35,0,0,0,8,0,4,0,4,0
Fabric8 :: Kubernetes Model,io.fabric8.kubernetes.api.model,WatchEventFluentImpl.TopologySelectorLabelRequirementObjectNestedImpl,35,0,0,0,8,0,4,0,4,0
Fabric8 :: Kubernetes Model,io.fabric8.kubernetes.api.model,DoneableGitRepoVolumeSource.new Function() {...},8,0,0,0,2,0,2,0,2,0
Fabric8 :: Kubernetes Model,io.fabric8.kubernetes.api.model,KeyToPath,237,0,38,0,22,0,33,0,14,0
Fabric8 :: Kubernetes Model,io.fabric8.kubernetes.api.model,DoneablePreferences,51,0,0,0,7,0,4,0,4,0
Fabric8 :: Kubernetes Model,io.fabric8.kubernetes.api.model,KubeSchemaFluentImpl.PersistentVolumeNestedImpl,35,0,0,0,8,0,4,0,4,0
Fabric8 :: Kubernetes Model,io.fabric8.kubernetes.api.model,WatchEventFluentImpl.ResourceFieldSelectorObjectNestedImpl,35,0,0,0,8,0,4,0,4,0
Fabric8 :: Kubernetes Model,io.fabric8.kubernetes.api.model,HTTPGetAction,185,154,47,7,7,24,32,13,5,13
Fabric8 :: Kubernetes Model,io.fabric8.kubernetes.api.model,DoneableEndpointAddress.new Function() {...},8,0,0,0,2,0,2,0,2,0
Fabric8 :: Kubernetes Model,io.fabric8.kubernetes.api.model,NamedExtensionFluentImpl.DeploymentConfigExtensionNestedImpl,35,0,0,0,8,0,4,0,4,0
Fabric8 :: Kubernetes Model,io.fabric8.kubernetes.api.model,ClusterFluentImpl.ExtensionsNestedImpl,43,0,0,0,10,0,4,0,4,0
Fabric8 :: Kubernetes Model,io.fabric8.kubernetes.api.model,PodAntiAffinityBuilder,222,0,30,0,50,0,28,0,13,0
Fabric8 :: Kubernetes Model,io.fabric8.kubernetes.api.model,VolumeDeviceBuilder,222,0,30,0,50,0,28,0,13,0
Fabric8 :: Kubernetes Model,io.fabric8.kubernetes.api.model,EndpointAddress,283,0,46,0,26,0,39,0,16,0
Fabric8 :: Kubernetes Model,io.fabric8.kubernetes.api.model,ClusterBuilder,291,0,30,0,62,0,28,0,13,0
Fabric8 :: Kubernetes Model,io.fabric8.kubernetes.api.model,NodeStatusFluentImpl.VolumesAttachedNestedImpl,43,0,0,0,10,0,4,0,4,0
Fabric8 :: Kubernetes Model,io.fabric8.kubernetes.api.model,ServiceSpecFluentImpl.SessionAffinityConfigNestedImpl,35,0,0,0,8,0,4,0,4,0
Fabric8 :: Kubernetes Model,io.fabric8.kubernetes.api.model,PersistentVolumeList,305,0,46,0,29,0,39,0,16,0
Fabric8 :: Kubernetes Model,io.fabric8.kubernetes.api.model,WatchEventFluentImpl.DeploymentConditionObjectNestedImpl,35,0,0,0,8,0,4,0,4,0
Fabric8 :: Kubernetes Model,io.fabric8.kubernetes.api.model,WatchEventFluentImpl.ServiceAccountTokenProjectionObjectNestedImpl,35,0,0,0,8,0,4,0,4,0
Fabric8 :: Kubernetes Model,io.fabric8.kubernetes.api.model,SecurityContextFluentImpl,591,0,100,0,81,0,105,0,55,0
Fabric8 :: Kubernetes Model,io.fabric8.kubernetes.api.model,WatchEventFluentImpl.KubernetesListObjectNestedImpl,35,0,0,0,8,0,4,0,4,0
Fabric8 :: Kubernetes Model,io.fabric8.kubernetes.api.model,WatchEventFluentImpl.SecurityContextObjectNestedImpl,35,0,0,0,8,0,4,0,4,0
Fabric8 :: Kubernetes Model,io.fabric8.kubernetes.api.model,HostPathVolumeSourceFluentImpl,103,0,24,0,19,0,21,0,9,0
Fabric8 :: Kubernetes Model,io.fabric8.kubernetes.api.model,DoneableEvent.new Function() {...},8,0,0,0,2,0,2,0,2,0
Fabric8 :: Kubernetes Model,io.fabric8.kubernetes.api.model,BaseKubernetesListFluentImpl.OAuthAuthorizeTokenItemsNestedImpl,43,0,0,0,10,0,4,0,4,0
Fabric8 :: Kubernetes Model,io.fabric8.kubernetes.api.model,KubeSchemaFluentImpl.AdmissionWebhookNestedImpl,35,0,0,0,8,0,4,0,4,0
Fabric8 :: Kubernetes Model,io.fabric8.kubernetes.api.model,DoneableConfigMap.new Function() {...},8,0,0,0,2,0,2,0,2,0
Fabric8 :: Kubernetes Model,io.fabric8.kubernetes.api.model,PersistentVolumeSpecFluentImpl.ScaleIONestedImpl,35,0,0,0,8,0,4,0,4,0
Fabric8 :: Kubernetes Model,io.fabric8.kubernetes.api.model,DoneableNodeList,51,0,0,0,7,0,4,0,4,0
Fabric8 :: Kubernetes Model,io.fabric8.kubernetes.api.model,WatchEventFluentImpl.DeploymentListObjectNestedImpl,35,0,0,0,8,0,4,0,4,0
Fabric8 :: Kubernetes Model,io.fabric8.kubernetes.api.model,ScaleIOPersistentVolumeSourceFluentImpl.SecretRefNestedImpl,35,0,0,0,8,0,4,0,4,0
Fabric8 :: Kubernetes Model,io.fabric8.kubernetes.api.model,WatchEventFluentImpl.SourceStrategyOptionsObjectNestedImpl,35,0,0,0,8,0,4,0,4,0
Fabric8 :: Kubernetes Model,io.fabric8.kubernetes.api.model,KubeSchemaFluentImpl.TypeMetaNestedImpl,35,0,0,0,8,0,4,0,4,0
Fabric8 :: Kubernetes Model,io.fabric8.kubernetes.api.model,ComponentConditionBuilder,268,0,30,0,58,0,28,0,13,0
Fabric8 :: Kubernetes Model,io.fabric8.kubernetes.api.model,VolumeFluentImpl.AzureDiskNestedImpl,35,0,0,0,8,0,4,0,4,0
Fabric8 :: Kubernetes Model,io.fabric8.kubernetes.api.model,DoneableContainer.new Function() {...},8,0,0,0,2,0,2,0,2,0
Fabric8 :: Kubernetes Model,io.fabric8.kubernetes.api.model,KubeSchemaFluentImpl.SecretListNestedImpl,35,0,0,0,8,0,4,0,4,0
Fabric8 :: Kubernetes Model,io.fabric8.kubernetes.api.model,DoneableFlexPersistentVolumeSource,51,0,0,0,7,0,4,0,4,0
Fabric8 :: Kubernetes Model,io.fabric8.kubernetes.api.model,DoneableStorageOSPersistentVolumeSource,51,0,0,0,7,0,4,0,4,0
Fabric8 :: Kubernetes Model,io.fabric8.kubernetes.api.model,DoneableGroupVersionResource.new Function() {...},8,0,0,0,2,0,2,0,2,0
Fabric8 :: Kubernetes Model,io.fabric8.kubernetes.api.model,DoneablePodAffinity,51,0,0,0,7,0,4,0,4,0
Fabric8 :: Kubernetes Model,io.fabric8.kubernetes.api.model,DoneablePersistentVolume.new Function() {...},8,0,0,0,2,0,2,0,2,0
Fabric8 :: Kubernetes Model,io.fabric8.kubernetes.api.model,GroupVersionResourceBuilder,245,0,30,0,54,0,28,0,13,0
Fabric8 :: Kubernetes Model,io.fabric8.kubernetes.api.model,WatchEventFluentImpl.SELinuxStrategyOptionsObjectNestedImpl,35,0,0,0,8,0,4,0,4,0
Fabric8 :: Kubernetes Model,io.fabric8.kubernetes.api.model,KubeSchemaFluentImpl.ObjectMetaNestedImpl,35,0,0,0,8,0,4,0,4,0
Fabric8 :: Kubernetes Model,io.fabric8.kubernetes.api.model,Probe,249,218,66,12,5,37,41,22,4,20
Fabric8 :: Kubernetes Model,io.fabric8.kubernetes.api.model,WatchEventFluentImpl.TagImageHookObjectNestedImpl,35,0,0,0,8,0,4,0,4,0
Fabric8 :: Kubernetes Model,io.fabric8.kubernetes.api.model,KubeSchemaFluentImpl.SecurityContextConstraintsListNestedImpl,35,0,0,0,8,0,4,0,4,0
Fabric8 :: Kubernetes Model,io.fabric8.kubernetes.api.model,ServiceStatusFluentImpl.LoadBalancerNestedImpl,35,0,0,0,8,0,4,0,4,0
Fabric8 :: Kubernetes Model,io.fabric8.kubernetes.api.model,WatchEventFluentImpl.IngressSpecObjectNestedImpl,35,0,0,0,8,0,4,0,4,0
Fabric8 :: Kubernetes Model,io.fabric8.kubernetes.api.model,KubeSchemaFluentImpl.CustomResourceDefinitionNestedImpl,35,0,0,0,8,0,4,0,4,0
Fabric8 :: Kubernetes Model,io.fabric8.kubernetes.api.model,WatchEventFluentImpl.BuildTriggerPolicyObjectNestedImpl,35,0,0,0,8,0,4,0,4,0
Fabric8 :: Kubernetes Model,io.fabric8.kubernetes.api.model,WatchEventFluentImpl.ModelSubjectAccessReviewObjectNestedImpl,35,0,0,0,8,0,4,0,4,0
Fabric8 :: Kubernetes Model,io.fabric8.kubernetes.api.model,ContainerPortBuilder,174,117,29,1,35,27,22,6,7,6
Fabric8 :: Kubernetes Model,io.fabric8.kubernetes.api.model,DownwardAPIVolumeFileFluentImpl.FieldRefNestedImpl,35,0,0,0,8,0,4,0,4,0
Fabric8 :: Kubernetes Model,io.fabric8.kubernetes.api.model,DoneableContainerStateTerminated,51,0,0,0,7,0,4,0,4,0
Fabric8 :: Kubernetes Model,io.fabric8.kubernetes.api.model,PersistentVolumeListFluentImpl.ItemsNestedImpl,43,0,0,0,10,0,4,0,4,0
Fabric8 :: Kubernetes Model,io.fabric8.kubernetes.api.model,DoneableCSIPersistentVolumeSource,51,0,0,0,7,0,4,0,4,0
Fabric8 :: Kubernetes Model,io.fabric8.kubernetes.api.model,AWSElasticBlockStoreVolumeSourceBuilder,164,104,29,1,33,25,22,6,7,6
Fabric8 :: Kubernetes Model,io.fabric8.kubernetes.api.model,ServiceListFluentImpl.ItemsNestedImpl,43,0,0,0,10,0,4,0,4,0
Fabric8 :: Kubernetes Model,io.fabric8.kubernetes.api.model,WatchEventFluentImpl.MetricStatusObjectNestedImpl,35,0,0,0,8,0,4,0,4,0
Fabric8 :: Kubernetes Model,io.fabric8.kubernetes.api.model,SecretKeySelectorFluentImpl,153,0,32,0,26,0,30,0,14,0
Fabric8 :: Kubernetes Model,io.fabric8.kubernetes.api.model,WatchEventFluentImpl.IngressRuleObjectNestedImpl,35,0,0,0,8,0,4,0,4,0
Fabric8 :: Kubernetes Model,io.fabric8.kubernetes.api.model,EventListBuilder,268,0,30,0,58,0,28,0,13,0
Fabric8 :: Kubernetes Model,io.fabric8.kubernetes.api.model,BaseKubernetesList,157,148,40,6,5,24,27,12,4,12
Fabric8 :: Kubernetes Model,io.fabric8.kubernetes.api.model,WatchEventFluentImpl.PortworxVolumeSourceObjectNestedImpl,35,0,0,0,8,0,4,0,4,0
Fabric8 :: Kubernetes Model,io.fabric8.kubernetes.api.model,DoneableSecurityContext.new Function() {...},8,0,0,0,2,0,2,0,2,0
Fabric8 :: Kubernetes Model,io.fabric8.kubernetes.api.model,DoneableResourceQuotaList,51,0,0,0,7,0,4,0,4,0
Fabric8 :: Kubernetes Model,io.fabric8.kubernetes.api.model,WatchEventFluentImpl.TCPSocketActionObjectNestedImpl,35,0,0,0,8,0,4,0,4,0
Fabric8 :: Kubernetes Model,io.fabric8.kubernetes.api.model,WatchEventFluentImpl.ProjectObjectNestedImpl,35,0,0,0,8,0,4,0,4,0
Fabric8 :: Kubernetes Model,io.fabric8.kubernetes.api.model,PodSpecFluentImpl.ContainersNestedImpl,16,27,0,0,4,6,1,3,1,3
Fabric8 :: Kubernetes Model,io.fabric8.kubernetes.api.model,VolumeFluentImpl.PhotonPersistentDiskNestedImpl,35,0,0,0,8,0,4,0,4,0
Fabric8 :: Kubernetes Model,io.fabric8.kubernetes.api.model,ObjectMetricStatusFluentImpl,534,0,88,0,67,0,91,0,47,0
Fabric8 :: Kubernetes Model,io.fabric8.kubernetes.api.model,WatchEventFluentImpl.StatusDetailsObjectNestedImpl,35,0,0,0,8,0,4,0,4,0
Fabric8 :: Kubernetes Model,io.fabric8.kubernetes.api.model,QuobyteVolumeSourceFluentImpl,225,0,48,0,36,0,44,0,20,0
Fabric8 :: Kubernetes Model,io.fabric8.kubernetes.api.model,WatchEventFluentImpl.RunAsUserStrategyOptionsObjectNestedImpl,35,0,0,0,8,0,4,0,4,0
Fabric8 :: Kubernetes Model,io.fabric8.kubernetes.api.model,DoneableGlusterfsPersistentVolumeSource.new Function() {...},8,0,0,0,2,0,2,0,2,0
Fabric8 :: Kubernetes Model,io.fabric8.kubernetes.api.model,HTTPHeader,110,81,27,3,3,15,19,8,4,8
Fabric8 :: Kubernetes Model,io.fabric8.kubernetes.api.model,KubeSchemaFluentImpl.SecretNestedImpl,35,0,0,0,8,0,4,0,4,0
Fabric8 :: Kubernetes Model,io.fabric8.kubernetes.api.model,AuthInfoFluentImpl,1503,0,272,0,155,0,227,0,91,0
Fabric8 :: Kubernetes Model,io.fabric8.kubernetes.api.model,DoneablePodsMetricStatus,51,0,0,0,7,0,4,0,4,0
Fabric8 :: Kubernetes Model,io.fabric8.kubernetes.api.model,WatchEventFluentImpl.CustomResourceDefinitionStatusObjectNestedImpl,35,0,0,0,8,0,4,0,4,0
Fabric8 :: Kubernetes Model,io.fabric8.kubernetes.api.model,DoneableLoadBalancerIngress.new Function() {...},8,0,0,0,2,0,2,0,2,0
Fabric8 :: Kubernetes Model,io.fabric8.kubernetes.api.model,SessionAffinityConfig,124,21,22,0,7,7,17,4,6,4
Fabric8 :: Kubernetes Model,io.fabric8.kubernetes.api.model,WatchEventFluentImpl.LoadBalancerStatusObjectNestedImpl,35,0,0,0,8,0,4,0,4,0
Fabric8 :: Kubernetes Model,io.fabric8.kubernetes.api.model,NamedExtensionFluentImpl.OpenshiftClusterRoleBindingExtensionNestedImpl,35,0,0,0,8,0,4,0,4,0
Fabric8 :: Kubernetes Model,io.fabric8.kubernetes.api.model,PodAntiAffinityFluentImpl.RequiredDuringSchedulingIgnoredDuringExecutionNestedImpl,43,0,0,0,10,0,4,0,4,0
Fabric8 :: Kubernetes Model,io.fabric8.kubernetes.api.model,WatchEventFluentImpl.ProbeObjectNestedImpl,35,0,0,0,8,0,4,0,4,0
Fabric8 :: Kubernetes Model,io.fabric8.kubernetes.api.model,NamedExtensionFluentImpl.NodeExtensionNestedImpl,35,0,0,0,8,0,4,0,4,0
Fabric8 :: Kubernetes Model,io.fabric8.kubernetes.api.model,WatchEventBuilder,222,0,30,0,50,0,28,0,13,0
Fabric8 :: Kubernetes Model,io.fabric8.kubernetes.api.model,KubeSchemaFluentImpl.RoleListNestedImpl,35,0,0,0,8,0,4,0,4,0
Fabric8 :: Kubernetes Model,io.fabric8.kubernetes.api.model,NamedExtensionFluentImpl.OAuthClientAuthorizationExtensionNestedImpl,35,0,0,0,8,0,4,0,4,0
Fabric8 :: Kubernetes Model,io.fabric8.kubernetes.api.model,DoneableLimitRangeList,51,0,0,0,7,0,4,0,4,0
Fabric8 :: Kubernetes Model,io.fabric8.kubernetes.api.model,SecretProjectionFluentImpl.ItemsNestedImpl,43,0,0,0,10,0,4,0,4,0
Fabric8 :: Kubernetes Model,io.fabric8.kubernetes.api.model,VolumeBuilder,555,265,29,1,113,41,23,5,8,5
Fabric8 :: Kubernetes Model,io.fabric8.kubernetes.api.model,NamedAuthInfo,191,0,30,0,18,0,27,0,12,0
Fabric8 :: Kubernetes Model,io.fabric8.kubernetes.api.model,ServiceBuilder,162,129,29,1,31,31,20,8,5,8
Fabric8 :: Kubernetes Model,io.fabric8.kubernetes.api.model,EndpointsListFluentImpl,727,0,112,0,73,0,97,0,41,0
Fabric8 :: Kubernetes Model,io.fabric8.kubernetes.api.model,WatchEventFluentImpl.CertificateSigningRequestObjectNestedImpl,35,0,0,0,8,0,4,0,4,0
Fabric8 :: Kubernetes Model,io.fabric8.kubernetes.api.model,WatchEventFluentImpl.OpenshiftClusterRoleScopeRestrictionObjectNestedImpl,35,0,0,0,8,0,4,0,4,0
Fabric8 :: Kubernetes Model,io.fabric8.kubernetes.api.model,Config,507,0,78,0,46,0,63,0,24,0
Fabric8 :: Kubernetes Model,io.fabric8.kubernetes.api.model,DoneableNodeConfigSource.new Function() {...},8,0,0,0,2,0,2,0,2,0
Fabric8 :: Kubernetes Model,io.fabric8.kubernetes.api.model,NodeSpec,385,0,62,0,35,0,51,0,20,0
Fabric8 :: Kubernetes Model,io.fabric8.kubernetes.api.model,WatchEventFluentImpl.OpenshiftClusterRoleBindingListObjectNestedImpl,35,0,0,0,8,0,4,0,4,0
Fabric8 :: Kubernetes Model,io.fabric8.kubernetes.api.model,WatchEventFluentImpl.HostPortRangeObjectNestedImpl,35,0,0,0,8,0,4,0,4,0
Fabric8 :: Kubernetes Model,io.fabric8.kubernetes.api.model,WatchEventFluentImpl.GCEPersistentDiskVolumeSourceObjectNestedImpl,35,0,0,0,8,0,4,0,4,0
Fabric8 :: Kubernetes Model,io.fabric8.kubernetes.api.model,StatusDetailsFluentImpl.CausesNestedImpl,43,0,0,0,10,0,4,0,4,0
Fabric8 :: Kubernetes Model,io.fabric8.kubernetes.api.model,DownwardAPIProjectionBuilder,199,0,30,0,46,0,28,0,13,0
Fabric8 :: Kubernetes Model,io.fabric8.kubernetes.api.model,WatchEventFluentImpl.DeploymentTriggerPolicyObjectNestedImpl,35,0,0,0,8,0,4,0,4,0
Fabric8 :: Kubernetes Model,io.fabric8.kubernetes.api.model,DoneableHostAlias,51,0,0,0,7,0,4,0,4,0
Fabric8 :: Kubernetes Model,io.fabric8.kubernetes.api.model,LabelSelectorBuilder,144,78,29,1,29,21,22,6,7,6
Fabric8 :: Kubernetes Model,io.fabric8.kubernetes.api.model,WatchEventFluentImpl.RollingUpdateDeploymentObjectNestedImpl,35,0,0,0,8,0,4,0,4,0
Fabric8 :: Kubernetes Model,io.fabric8.kubernetes.api.model,VolumeFluentImpl.DownwardAPINestedImpl,35,0,0,0,8,0,4,0,4,0
Fabric8 :: Kubernetes Model,io.fabric8.kubernetes.api.model,WatchEventFluentImpl.ObjectMetricSourceObjectNestedImpl,35,0,0,0,8,0,4,0,4,0
Fabric8 :: Kubernetes Model,io.fabric8.kubernetes.api.model,WatchEventFluentImpl.AuthInfoObjectNestedImpl,35,0,0,0,8,0,4,0,4,0
Fabric8 :: Kubernetes Model,io.fabric8.kubernetes.api.model,DoneableHorizontalPodAutoscalerList.new Function() {...},8,0,0,0,2,0,2,0,2,0
Fabric8 :: Kubernetes Model,io.fabric8.kubernetes.api.model,KubeSchemaFluentImpl.IdentityListNestedImpl,35,0,0,0,8,0,4,0,4,0
Fabric8 :: Kubernetes Model,io.fabric8.kubernetes.api.model,WatchEventFluentImpl.SignatureConditionObjectNestedImpl,35,0,0,0,8,0,4,0,4,0
Fabric8 :: Kubernetes Model,io.fabric8.kubernetes.api.model,CinderPersistentVolumeSourceBuilder,268,0,30,0,58,0,28,0,13,0
Fabric8 :: Kubernetes Model,io.fabric8.kubernetes.api.model,NamedExtensionFluentImpl.OpenshiftRoleExtensionNestedImpl,35,0,0,0,8,0,4,0,4,0
Fabric8 :: Kubernetes Model,io.fabric8.kubernetes.api.model,KubeSchemaFluentImpl.OpenshiftClusterRoleNestedImpl,35,0,0,0,8,0,4,0,4,0
Fabric8 :: Kubernetes Model,io.fabric8.kubernetes.api.model,AffinityBuilder,245,0,30,0,54,0,28,0,13,0
Fabric8 :: Kubernetes Model,io.fabric8.kubernetes.api.model,NodeSelectorRequirementFluentImpl,395,0,70,0,42,0,58,0,23,0
Fabric8 :: Kubernetes Model,io.fabric8.kubernetes.api.model,DoneableSecret,51,0,0,0,7,0,4,0,4,0
Fabric8 :: Kubernetes Model,io.fabric8.kubernetes.api.model,NamedExtensionFluentImpl.EventExtensionNestedImpl,35,0,0,0,8,0,4,0,4,0
Fabric8 :: Kubernetes Model,io.fabric8.kubernetes.api.model,WatchEventFluentImpl.ExternalMetricSourceObjectNestedImpl,35,0,0,0,8,0,4,0,4,0
Fabric8 :: Kubernetes Model,io.fabric8.kubernetes.api.model,ScopedResourceSelectorRequirementBuilder,245,0,30,0,54,0,28,0,13,0
Fabric8 :: Kubernetes Model,io.fabric8.kubernetes.api.model,WatchEventFluentImpl.OpenshiftRoleBindingRestrictionSpecObjectNestedImpl,35,0,0,0,8,0,4,0,4,0
Fabric8 :: Kubernetes Model,io.fabric8.kubernetes.api.model,DoneablePersistentVolumeStatus.new Function() {...},8,0,0,0,2,0,2,0,2,0
Fabric8 :: Kubernetes Model,io.fabric8.kubernetes.api.model,WatchEventFluentImpl.KeyToPathObjectNestedImpl,35,0,0,0,8,0,4,0,4,0
Fabric8 :: Kubernetes Model,io.fabric8.kubernetes.api.model,ServiceAccountListFluentImpl,727,0,112,0,73,0,97,0,41,0
Fabric8 :: Kubernetes Model,io.fabric8.kubernetes.api.model,ObjectMetricSourceFluentImpl,534,0,88,0,67,0,91,0,47,0
Fabric8 :: Kubernetes Model,io.fabric8.kubernetes.api.model,VsphereVirtualDiskVolumeSourceFluentImpl,175,0,40,0,29,0,35,0,15,0
Fabric8 :: Kubernetes Model,io.fabric8.kubernetes.api.model,NamedExtensionFluentImpl.NetworkPolicyExtensionNestedImpl,35,0,0,0,8,0,4,0,4,0
Fabric8 :: Kubernetes Model,io.fabric8.kubernetes.api.model,BaseKubernetesListFluentImpl.MutatingWebhookConfigurationItemsNestedImpl,43,0,0,0,10,0,4,0,4,0
Fabric8 :: Kubernetes Model,io.fabric8.kubernetes.api.model,WatchEventFluentImpl.ReplicationControllerListObjectNestedImpl,35,0,0,0,8,0,4,0,4,0
Fabric8 :: Kubernetes Model,io.fabric8.kubernetes.api.model,NamedExtensionFluentImpl.LimitRangeExtensionNestedImpl,35,0,0,0,8,0,4,0,4,0
Fabric8 :: Kubernetes Model,io.fabric8.kubernetes.api.model,WatchEventFluentImpl.NetworkPolicyIngressRuleObjectNestedImpl,35,0,0,0,8,0,4,0,4,0
Fabric8 :: Kubernetes Model,io.fabric8.kubernetes.api.model,WatchEventFluentImpl.VolumeProjectionObjectNestedImpl,35,0,0,0,8,0,4,0,4,0
Fabric8 :: Kubernetes Model,io.fabric8.kubernetes.api.model,ObjectMetricSourceFluentImpl.AverageValueNestedImpl,35,0,0,0,8,0,4,0,4,0
Fabric8 :: Kubernetes Model,io.fabric8.kubernetes.api.model,NodeStatusFluentImpl.NodeInfoNestedImpl,35,0,0,0,8,0,4,0,4,0
Fabric8 :: Kubernetes Model,io.fabric8.kubernetes.api.model,DoneableNamespaceStatus.new Function() {...},8,0,0,0,2,0,2,0,2,0
Fabric8 :: Kubernetes Model,io.fabric8.kubernetes.api.model,WatchEventFluentImpl.TypedLocalObjectReferenceNestedImpl,35,0,0,0,8,0,4,0,4,0
Fabric8 :: Kubernetes Model,io.fabric8.kubernetes.api.model,KubeSchemaFluentImpl.RouteListNestedImpl,35,0,0,0,8,0,4,0,4,0
Fabric8 :: Kubernetes Model,io.fabric8.kubernetes.api.model,Volume,825,562,206,32,53,69,145,38,28,36
Fabric8 :: Kubernetes Model,io.fabric8.kubernetes.api.model,DoneableScopedResourceSelectorRequirement.new Function() {...},8,0,0,0,2,0,2,0,2,0
Fabric8 :: Kubernetes Model,io.fabric8.kubernetes.api.model,DoneableEndpoints,51,0,0,0,7,0,4,0,4,0
Fabric8 :: Kubernetes Model,io.fabric8.kubernetes.api.model,WatchEventFluentImpl.DeploymentTriggerImageChangeParamsObjectNestedImpl,35,0,0,0,8,0,4,0,4,0
Fabric8 :: Kubernetes Model,io.fabric8.kubernetes.api.model,VolumeProjectionFluentImpl.DownwardAPINestedImpl,35,0,0,0,8,0,4,0,4,0
Fabric8 :: Kubernetes Model,io.fabric8.kubernetes.api.model,PhotonPersistentDiskVolumeSourceBuilder,222,0,30,0,50,0,28,0,13,0
Fabric8 :: Kubernetes Model,io.fabric8.kubernetes.api.model,PodsMetricSourceBuilder,245,0,30,0,54,0,28,0,13,0
Fabric8 :: Kubernetes Model,io.fabric8.kubernetes.api.model,DoneableConfigMapProjection.new Function() {...},8,0,0,0,2,0,2,0,2,0
Fabric8 :: Kubernetes Model,io.fabric8.kubernetes.api.model,WatchEventFluentImpl.DockerStrategyOptionsObjectNestedImpl,35,0,0,0,8,0,4,0,4,0
Fabric8 :: Kubernetes Model,io.fabric8.kubernetes.api.model,WatchEventFluentImpl.RouteSpecObjectNestedImpl,35,0,0,0,8,0,4,0,4,0
Fabric8 :: Kubernetes Model,io.fabric8.kubernetes.api.model,WatchEventFluentImpl.ExternalDocumentationObjectNestedImpl,35,0,0,0,8,0,4,0,4,0
Fabric8 :: Kubernetes Model,io.fabric8.kubernetes.api.model,NamedExtensionFluentImpl.BindingExtensionNestedImpl,35,0,0,0,8,0,4,0,4,0
Fabric8 :: Kubernetes Model,io.fabric8.kubernetes.api.model,BindingFluentImpl.MetadataNestedImpl,35,0,0,0,8,0,4,0,4,0
Fabric8 :: Kubernetes Model,io.fabric8.kubernetes.api.model,DoneableAzureFilePersistentVolumeSource,51,0,0,0,7,0,4,0,4,0
Fabric8 :: Kubernetes Model,io.fabric8.kubernetes.api.model,PersistentVolumeSpecFluentImpl.FlexVolumeNestedImpl,35,0,0,0,8,0,4,0,4,0
Fabric8 :: Kubernetes Model,io.fabric8.kubernetes.api.model,HostAliasFluentImpl,286,73,55,7,28,9,43,8,14,6
Fabric8 :: Kubernetes Model,io.fabric8.kubernetes.api.model,PersistentVolumeClaimStatusBuilder,268,0,30,0,58,0,28,0,13,0
Fabric8 :: Kubernetes Model,io.fabric8.kubernetes.api.model,WatchEventFluentImpl.GroupListObjectNestedImpl,35,0,0,0,8,0,4,0,4,0
Fabric8 :: Kubernetes Model,io.fabric8.kubernetes.api.model,LocalObjectReferenceFluentImpl,56,11,16,0,10,4,11,3,3,3
Fabric8 :: Kubernetes Model,io.fabric8.kubernetes.api.model,NamedExtension,191,0,30,0,18,0,27,0,12,0
Fabric8 :: Kubernetes Model,io.fabric8.kubernetes.api.model,DoneablePodTemplateSpec.new Function() {...},8,0,0,0,2,0,2,0,2,0
Fabric8 :: Kubernetes Model,io.fabric8.kubernetes.api.model,PersistentVolumeListFluentImpl.MetadataNestedImpl,35,0,0,0,8,0,4,0,4,0
Fabric8 :: Kubernetes Model,io.fabric8.kubernetes.api.model,WatchEventFluentImpl.ResourceQuotaStatusObjectNestedImpl,35,0,0,0,8,0,4,0,4,0
Fabric8 :: Kubernetes Model,io.fabric8.kubernetes.api.model,KubeSchemaFluentImpl.PodDisruptionBudgetListNestedImpl,35,0,0,0,8,0,4,0,4,0
Fabric8 :: Kubernetes Model,io.fabric8.kubernetes.api.model,ReplicationControllerListFluentImpl,660,67,105,7,59,14,87,10,31,10
Fabric8 :: Kubernetes Model,io.fabric8.kubernetes.api.model,DoneableMetricSpec,51,0,0,0,7,0,4,0,4,0
Fabric8 :: Kubernetes Model,io.fabric8.kubernetes.api.model,DoneableMicroTime,51,0,0,0,7,0,4,0,4,0
Fabric8 :: Kubernetes Model,io.fabric8.kubernetes.api.model,DoneableServiceSpec.new Function() {...},8,0,0,0,2,0,2,0,2,0
Fabric8 :: Kubernetes Model,io.fabric8.kubernetes.api.model,DoneableLabelSelector.new Function() {...},8,0,0,0,2,0,2,0,2,0
Fabric8 :: Kubernetes Model,io.fabric8.kubernetes.api.model,KubernetesKind,740,0,2,0,73,0,5,0,4,0
Fabric8 :: Kubernetes Model,io.fabric8.kubernetes.api.model,ObjectFieldSelectorFluentImpl,84,19,24,0,13,6,16,5,4,5
Fabric8 :: Kubernetes Model,io.fabric8.kubernetes.api.model,DoneableReplicationController,51,0,0,0,7,0,4,0,4,0
Fabric8 :: Kubernetes Model,io.fabric8.kubernetes.api.model,ContainerStatusFluentImpl,475,0,92,0,65,0,87,0,41,0
Fabric8 :: Kubernetes Model,io.fabric8.kubernetes.api.model,KubeSchemaFluentImpl.ReplicaSetListNestedImpl,35,0,0,0,8,0,4,0,4,0
Fabric8 :: Kubernetes Model,io.fabric8.kubernetes.api.model,KubeSchemaFluentImpl.CustomResourceDefinitionStatusNestedImpl,35,0,0,0,8,0,4,0,4,0
Fabric8 :: Kubernetes Model,io.fabric8.kubernetes.api.model,KubeSchemaFluentImpl.CertificateSigningRequestStatusNestedImpl,35,0,0,0,8,0,4,0,4,0
Fabric8 :: Kubernetes Model,io.fabric8.kubernetes.api.model,LimitRangeSpec,155,0,22,0,15,0,21,0,10,0
Fabric8 :: Kubernetes Model,io.fabric8.kubernetes.api.model,ClientIPConfigFluentImpl,67,0,16,0,14,0,14,0,6,0
Fabric8 :: Kubernetes Model,io.fabric8.kubernetes.api.model,NodeSystemInfoBuilder,406,0,30,0,82,0,28,0,13,0
Fabric8 :: Kubernetes Model,io.fabric8.kubernetes.api.model,BaseKubernetesListFluentImpl.OpenshiftClusterRoleBindingItemsNestedImpl,43,0,0,0,10,0,4,0,4,0
Fabric8 :: Kubernetes Model,io.fabric8.kubernetes.api.model,KubeSchemaFluentImpl.RuleWithOperationsNestedImpl,35,0,0,0,8,0,4,0,4,0
Fabric8 :: Kubernetes Model,io.fabric8.kubernetes.api.model,DoneableConfigMapList,51,0,0,0,7,0,4,0,4,0
Fabric8 :: Kubernetes Model,io.fabric8.kubernetes.api.model,WatchEventFluentImpl.ObjectMetaObjectNestedImpl,35,0,0,0,8,0,4,0,4,0
Fabric8 :: Kubernetes Model,io.fabric8.kubernetes.api.model,DoneablePersistentVolumeStatus,51,0,0,0,7,0,4,0,4,0
Fabric8 :: Kubernetes Model,io.fabric8.kubernetes.api.model,WatchEventFluentImpl.OAuthClientObjectNestedImpl,35,0,0,0,8,0,4,0,4,0
Fabric8 :: Kubernetes Model,io.fabric8.kubernetes.api.model,LocalVolumeSourceFluentImpl,103,0,24,0,19,0,21,0,9,0
Fabric8 :: Kubernetes Model,io.fabric8.kubernetes.api.model,EnvFromSourceFluentImpl.SecretRefNestedImpl,13,22,0,0,3,5,1,3,1,3
Fabric8 :: Kubernetes Model,io.fabric8.kubernetes.api.model,TypedLocalObjectReferenceFluentImpl,139,0,32,0,24,0,28,0,12,0
Fabric8 :: Kubernetes Model,io.fabric8.kubernetes.api.model,DoneablePersistentVolumeList.new Function() {...},8,0,0,0,2,0,2,0,2,0
Fabric8 :: Kubernetes Model,io.fabric8.kubernetes.api.model,WatchEventFluentImpl.GlusterfsVolumeSourceObjectNestedImpl,35,0,0,0,8,0,4,0,4,0
Fabric8 :: Kubernetes Model,io.fabric8.kubernetes.api.model,NamedContextFluentImpl.ContextNestedImpl,35,0,0,0,8,0,4,0,4,0
Fabric8 :: Kubernetes Model,io.fabric8.kubernetes.api.model,ObjectReferenceFluentImpl,224,59,64,0,28,16,41,15,9,15
Fabric8 :: Kubernetes Model,io.fabric8.kubernetes.api.model,WatchEventFluentImpl.ConfigMapObjectNestedImpl,35,0,0,0,8,0,4,0,4,0
Fabric8 :: Kubernetes Model,io.fabric8.kubernetes.api.model,CSIPersistentVolumeSourceFluentImpl.NodePublishSecretRefNestedImpl,35,0,0,0,8,0,4,0,4,0
Fabric8 :: Kubernetes Model,io.fabric8.kubernetes.api.model,BaseKubernetesListFluentImpl.StorageClassItemsNestedImpl,43,0,0,0,10,0,4,0,4,0
Fabric8 :: Kubernetes Model,io.fabric8.kubernetes.api.model,PersistentVolumeClaimFluentImpl.SpecNestedImpl,35,0,0,0,8,0,4,0,4,0
Fabric8 :: Kubernetes Model,io.fabric8.kubernetes.api.model,HandlerFluentImpl.ExecNestedImpl,13,22,0,0,3,5,1,3,1,3
Fabric8 :: Kubernetes Model,io.fabric8.kubernetes.api.model,BindingFluentImpl.TargetNestedImpl,35,0,0,0,8,0,4,0,4,0
Fabric8 :: Kubernetes Model,io.fabric8.kubernetes.api.model,MicroTimeFluentImpl,67,0,16,0,14,0,14,0,6,0
Fabric8 :: Kubernetes Model,io.fabric8.kubernetes.api.model,WatchEventFluentImpl.SecretBuildSourceObjectNestedImpl,35,0,0,0,8,0,4,0,4,0
Fabric8 :: Kubernetes Model,io.fabric8.kubernetes.api.model,WatchEventFluentImpl.DownwardAPIVolumeSourceObjectNestedImpl,35,0,0,0,8,0,4,0,4,0
Fabric8 :: Kubernetes Model,io.fabric8.kubernetes.api.model,WatchEventFluentImpl.HandlerObjectNestedImpl,35,0,0,0,8,0,4,0,4,0
Fabric8 :: Kubernetes Model,io.fabric8.kubernetes.api.model,ObjectFieldSelector,112,79,26,4,5,13,19,8,5,7
Fabric8 :: Kubernetes Model,io.fabric8.kubernetes.api.model,StatusBuilder,360,0,30,0,74,0,28,0,13,0
Fabric8 :: Kubernetes Model,io.fabric8.kubernetes.api.model,DoneableFlockerVolumeSource.new Function() {...},8,0,0,0,2,0,2,0,2,0
Fabric8 :: Kubernetes Model,io.fabric8.kubernetes.api.model,NamespaceSpec,155,0,22,0,15,0,21,0,10,0
Fabric8 :: Kubernetes Model,io.fabric8.kubernetes.api.model,WatchEventFluentImpl.PodDNSConfigOptionObjectNestedImpl,35,0,0,0,8,0,4,0,4,0
Fabric8 :: Kubernetes Model,io.fabric8.kubernetes.api.model,NodeFluentImpl.SpecNestedImpl,35,0,0,0,8,0,4,0,4,0
Fabric8 :: Kubernetes Model,io.fabric8.kubernetes.api.model,CSIPersistentVolumeSourceFluentImpl.ControllerPublishSecretRefNestedImpl,35,0,0,0,8,0,4,0,4,0
Fabric8 :: Kubernetes Model,io.fabric8.kubernetes.api.model,NodeStatusFluentImpl.ConfigNestedImpl,35,0,0,0,8,0,4,0,4,0
Fabric8 :: Kubernetes Model,io.fabric8.kubernetes.api.model,PodConditionFluentImpl,247,0,56,0,39,0,49,0,21,0
Fabric8 :: Kubernetes Model,io.fabric8.kubernetes.api.model,ServiceAccountFluentImpl.MetadataNestedImpl,35,0,0,0,8,0,4,0,4,0
Fabric8 :: Kubernetes Model,io.fabric8.kubernetes.api.model,DoneableHandler,51,0,0,0,7,0,4,0,4,0
Fabric8 :: Kubernetes Model,io.fabric8.kubernetes.api.model,WatchEventFluentImpl.LimitRangeItemObjectNestedImpl,35,0,0,0,8,0,4,0,4,0
Fabric8 :: Kubernetes Model,io.fabric8.kubernetes.api.model,ServicePortBuilder,210,81,29,1,44,18,23,5,8,5
Fabric8 :: Kubernetes Model,io.fabric8.kubernetes.api.model,ComponentStatusListFluentImpl.ItemsNestedImpl,43,0,0,0,10,0,4,0,4,0
Fabric8 :: Kubernetes Model,io.fabric8.kubernetes.api.model,CinderVolumeSourceBuilder,268,0,30,0,58,0,28,0,13,0
Fabric8 :: Kubernetes Model,io.fabric8.kubernetes.api.model,Toleration,329,0,54,0,30,0,45,0,18,0
Fabric8 :: Kubernetes Model,io.fabric8.kubernetes.api.model,ServiceAccountBuilder,314,0,30,0,66,0,28,0,13,0
Fabric8 :: Kubernetes Model,io.fabric8.kubernetes.api.model,DoneableReplicationController.new Function() {...},8,0,0,0,2,0,2,0,2,0
Fabric8 :: Kubernetes Model,io.fabric8.kubernetes.api.model,Affinity,237,0,38,0,22,0,33,0,14,0
Fabric8 :: Kubernetes Model,io.fabric8.kubernetes.api.model,DoneableDownwardAPIVolumeFile,51,0,0,0,7,0,4,0,4,0
Fabric8 :: Kubernetes Model,io.fabric8.kubernetes.api.model,DoneablePodSpec.new Function() {...},8,0,0,0,2,0,2,0,2,0
Fabric8 :: Kubernetes Model,io.fabric8.kubernetes.api.model,WatchEventFluentImpl.HostPathVolumeSourceObjectNestedImpl,35,0,0,0,8,0,4,0,4,0
Fabric8 :: Kubernetes Model,io.fabric8.kubernetes.api.model,ExecConfig,303,0,46,0,28,0,39,0,16,0
Fabric8 :: Kubernetes Model,io.fabric8.kubernetes.api.model,SecretBuilder,231,83,29,1,49,17,24,4,9,4
Fabric8 :: Kubernetes Model,io.fabric8.kubernetes.api.model,PersistentVolumeClaimListFluentImpl,727,0,112,0,73,0,97,0,41,0
Fabric8 :: Kubernetes Model,io.fabric8.kubernetes.api.model,AzureFileVolumeSourceBuilder,245,0,30,0,54,0,28,0,13,0
Fabric8 :: Kubernetes Model,io.fabric8.kubernetes.api.model,DoneableVolume.new Function() {...},8,0,0,0,2,0,2,0,2,0
Fabric8 :: Kubernetes Model,io.fabric8.kubernetes.api.model,WatchEventFluentImpl.ExternalMetricStatusObjectNestedImpl,35,0,0,0,8,0,4,0,4,0
Fabric8 :: Kubernetes Model,io.fabric8.kubernetes.api.model,DownwardAPIVolumeFileBuilder,268,0,30,0,58,0,28,0,13,0
Fabric8 :: Kubernetes Model,io.fabric8.kubernetes.api.model,DoneableSysctl,51,0,0,0,7,0,4,0,4,0
Fabric8 :: Kubernetes Model,io.fabric8.kubernetes.api.model,ConfigMapProjection,247,0,38,0,23,0,33,0,14,0
Fabric8 :: Kubernetes Model,io.fabric8.kubernetes.api.model,PodsMetricStatusBuilder,245,0,30,0,54,0,28,0,13,0
Fabric8 :: Kubernetes Model,io.fabric8.kubernetes.api.model,NamespaceListFluentImpl.MetadataNestedImpl,35,0,0,0,8,0,4,0,4,0
Fabric8 :: Kubernetes Model,io.fabric8.kubernetes.api.model,WatchEventFluentImpl.CronJobListObjectNestedImpl,35,0,0,0,8,0,4,0,4,0
Fabric8 :: Kubernetes Model,io.fabric8.kubernetes.api.model,DoneableReplicationControllerCondition,51,0,0,0,7,0,4,0,4,0
Fabric8 :: Kubernetes Model,io.fabric8.kubernetes.api.model,DoneableSecretVolumeSource.new Function() {...},8,0,0,0,2,0,2,0,2,0
Fabric8 :: Kubernetes Model,io.fabric8.kubernetes.api.model,KubernetesListFluentImpl,48,3,8,0,11,2,6,1,2,1
Fabric8 :: Kubernetes Model,io.fabric8.kubernetes.api.model,WatchEventFluentImpl.IngressObjectNestedImpl,35,0,0,0,8,0,4,0,4,0
Fabric8 :: Kubernetes Model,io.fabric8.kubernetes.api.model,WatchEventFluentImpl.JobObjectNestedImpl,35,0,0,0,8,0,4,0,4,0
Fabric8 :: Kubernetes Model,io.fabric8.kubernetes.api.model,LimitRangeSpecFluentImpl,539,0,78,0,50,0,64,0,25,0
Fabric8 :: Kubernetes Model,io.fabric8.kubernetes.api.model,TypedLocalObjectReferenceBuilder,245,0,30,0,54,0,28,0,13,0
Fabric8 :: Kubernetes Model,io.fabric8.kubernetes.api.model,WatchEventFluentImpl.NamedContextObjectNestedImpl,35,0,0,0,8,0,4,0,4,0
Fabric8 :: Kubernetes Model,io.fabric8.kubernetes.api.model,DoneablePersistentVolumeClaimCondition.new Function() {...},8,0,0,0,2,0,2,0,2,0
Fabric8 :: Kubernetes Model,io.fabric8.kubernetes.api.model,PodsMetricSourceFluentImpl.SelectorNestedImpl,35,0,0,0,8,0,4,0,4,0
Fabric8 :: Kubernetes Model,io.fabric8.kubernetes.api.model,DoneableHorizontalPodAutoscalerStatus,51,0,0,0,7,0,4,0,4,0
Fabric8 :: Kubernetes Model,io.fabric8.kubernetes.api.model,WatchEventFluentImpl.RoleObjectNestedImpl,35,0,0,0,8,0,4,0,4,0
Fabric8 :: Kubernetes Model,io.fabric8.kubernetes.api.model,ResourceRequirementsFluentImpl,236,63,80,8,25,10,52,9,10,7
Fabric8 :: Kubernetes Model,io.fabric8.kubernetes.api.model,WatchEventFluentImpl.TypeMetaObjectNestedImpl,35,0,0,0,8,0,4,0,4,0
Fabric8 :: Kubernetes Model,io.fabric8.kubernetes.api.model,WatchEventFluentImpl.ImageStreamListObjectNestedImpl,35,0,0,0,8,0,4,0,4,0
Fabric8 :: Kubernetes Model,io.fabric8.kubernetes.api.model,PodListFluentImpl.ItemsNestedImpl,43,0,0,0,10,0,4,0,4,0
Fabric8 :: Kubernetes Model,io.fabric8.kubernetes.api.model,NFSVolumeSource,237,0,38,0,22,0,33,0,14,0
Fabric8 :: Kubernetes Model,io.fabric8.kubernetes.api.model,DoneableVolumeDevice.new Function() {...},8,0,0,0,2,0,2,0,2,0
Fabric8 :: Kubernetes Model,io.fabric8.kubernetes.api.model,RBDPersistentVolumeSource,477,0,78,0,43,0,63,0,24,0
Fabric8 :: Kubernetes Model,io.fabric8.kubernetes.api.model,NodeSpecFluentImpl.ConfigSourceNestedImpl,35,0,0,0,8,0,4,0,4,0
Fabric8 :: Kubernetes Model,io.fabric8.kubernetes.api.model,WatchEventFluentImpl.NodeSystemInfoObjectNestedImpl,35,0,0,0,8,0,4,0,4,0
Fabric8 :: Kubernetes Model,io.fabric8.kubernetes.api.model,KubeSchemaFluentImpl.EndpointsNestedImpl,35,0,0,0,8,0,4,0,4,0
Fabric8 :: Kubernetes Model,io.fabric8.kubernetes.api.model,WatchEventFluentImpl.PodSecurityPolicySpecObjectNestedImpl,35,0,0,0,8,0,4,0,4,0
Fabric8 :: Kubernetes Model,io.fabric8.kubernetes.api.model,BaseKubernetesListFluentImpl.ConfigMapItemsNestedImpl,43,0,0,0,10,0,4,0,4,0
Fabric8 :: Kubernetes Model,io.fabric8.kubernetes.api.model,NamedExtensionFluentImpl.BuildConfigExtensionNestedImpl,35,0,0,0,8,0,4,0,4,0
Fabric8 :: Kubernetes Model,io.fabric8.kubernetes.api.model,WatchEventFluentImpl.BuildSourceObjectNestedImpl,35,0,0,0,8,0,4,0,4,0
Fabric8 :: Kubernetes Model,io.fabric8.kubernetes.api.model,DoneableAffinity.new Function() {...},8,0,0,0,2,0,2,0,2,0
Fabric8 :: Kubernetes Model,io.fabric8.kubernetes.api.model,WatchEventFluentImpl.MutatingWebhookConfigurationObjectNestedImpl,35,0,0,0,8,0,4,0,4,0
Fabric8 :: Kubernetes Model,io.fabric8.kubernetes.api.model,KubeSchemaFluentImpl.ServiceAccountNestedImpl,35,0,0,0,8,0,4,0,4,0
Fabric8 :: Kubernetes Model,io.fabric8.kubernetes.api.model,DoneableHorizontalPodAutoscalerStatus.new Function() {...},8,0,0,0,2,0,2,0,2,0
Fabric8 :: Kubernetes Model,io.fabric8.kubernetes.api.model,DoneableBaseKubernetesList.new Function() {...},8,0,0,0,2,0,2,0,2,0
Fabric8 :: Kubernetes Model,io.fabric8.kubernetes.api.model,WatchEventFluentImpl.NamedAuthInfoObjectNestedImpl,35,0,0,0,8,0,4,0,4,0
Fabric8 :: Kubernetes Model,io.fabric8.kubernetes.api.model,WatchEventFluentImpl.InfoObjectNestedImpl,35,0,0,0,8,0,4,0,4,0
Fabric8 :: Kubernetes Model,io.fabric8.kubernetes.api.model,MetricSpecFluentImpl.ResourceNestedImpl,35,0,0,0,8,0,4,0,4,0
Fabric8 :: Kubernetes Model,io.fabric8.kubernetes.api.model,SessionAffinityConfigFluentImpl,145,0,26,0,22,0,26,0,13,0
Fabric8 :: Kubernetes Model,io.fabric8.kubernetes.api.model,DoneableGlusterfsPersistentVolumeSource,51,0,0,0,7,0,4,0,4,0
Fabric8 :: Kubernetes Model,io.fabric8.kubernetes.api.model,OwnerReference,375,0,62,0,34,0,51,0,20,0
Fabric8 :: Kubernetes Model,io.fabric8.kubernetes.api.model,KubeSchemaFluentImpl.EventsEventNestedImpl,35,0,0,0,8,0,4,0,4,0
Fabric8 :: Kubernetes Model,io.fabric8.kubernetes.api.model,WatchEventFluentImpl.SysctlObjectNestedImpl,35,0,0,0,8,0,4,0,4,0
Fabric8 :: Kubernetes Model,io.fabric8.kubernetes.api.model,DoneableConfig.new Function() {...},8,0,0,0,2,0,2,0,2,0
Fabric8 :: Kubernetes Model,io.fabric8.kubernetes.api.model,TCPSocketActionFluentImpl.PortNestedImpl,35,0,0,0,8,0,4,0,4,0
Fabric8 :: Kubernetes Model,io.fabric8.kubernetes.api.model,KubeSchemaFluentImpl.TemplateNestedImpl,35,0,0,0,8,0,4,0,4,0
Fabric8 :: Kubernetes Model,io.fabric8.kubernetes.api.model,AuthInfoBuilder,498,0,30,0,98,0,28,0,13,0
Fabric8 :: Kubernetes Model,io.fabric8.kubernetes.api.model,BaseKubernetesListFluentImpl.EventItemsNestedImpl,43,0,0,0,10,0,4,0,4,0
Fabric8 :: Kubernetes Model,io.fabric8.kubernetes.api.model,DoneableComponentCondition.new Function() {...},8,0,0,0,2,0,2,0,2,0
Fabric8 :: Kubernetes Model,io.fabric8.kubernetes.api.model,BaseKubernetesListFluentImpl.PodItemsNestedImpl,19,24,0,0,5,5,2,2,2,2
Fabric8 :: Kubernetes Model,io.fabric8.kubernetes.api.model,WatchEventFluentImpl.JobConditionObjectNestedImpl,35,0,0,0,8,0,4,0,4,0
Fabric8 :: Kubernetes Model,io.fabric8.kubernetes.api.model,PodTemplateFluentImpl.MetadataNestedImpl,35,0,0,0,8,0,4,0,4,0
Fabric8 :: Kubernetes Model,io.fabric8.kubernetes.api.model,WatchEventFluentImpl.ReplicaSetSpecObjectNestedImpl,35,0,0,0,8,0,4,0,4,0
Fabric8 :: Kubernetes Model,io.fabric8.kubernetes.api.model,WatchEventFluentImpl.EventListObjectNestedImpl,35,0,0,0,8,0,4,0,4,0
Fabric8 :: Kubernetes Model,io.fabric8.kubernetes.api.model,WatchEventFluentImpl.PolicyRuleObjectNestedImpl,35,0,0,0,8,0,4,0,4,0
Fabric8 :: Kubernetes Model,io.fabric8.kubernetes.api.model,DoneablePreferences.new Function() {...},8,0,0,0,2,0,2,0,2,0
Fabric8 :: Kubernetes Model,io.fabric8.kubernetes.api.model,NodeListFluentImpl.ItemsNestedImpl,43,0,0,0,10,0,4,0,4,0
Fabric8 :: Kubernetes Model,io.fabric8.kubernetes.api.model,DoneableDaemonEndpoint,51,0,0,0,7,0,4,0,4,0
Fabric8 :: Kubernetes Model,io.fabric8.kubernetes.api.model,NodeCondition,375,0,62,0,34,0,51,0,20,0
Fabric8 :: Kubernetes Model,io.fabric8.kubernetes.api.model,DoneableISCSIPersistentVolumeSource.new Function() {...},8,0,0,0,2,0,2,0,2,0
Fabric8 :: Kubernetes Model,io.fabric8.kubernetes.api.model,DoneableKubernetesList.new Function() {...},8,0,0,0,2,0,2,0,2,0
Fabric8 :: Kubernetes Model,io.fabric8.kubernetes.api.model,ExternalMetricStatusFluentImpl.MetricSelectorNestedImpl,35,0,0,0,8,0,4,0,4,0
Fabric8 :: Kubernetes Model,io.fabric8.kubernetes.api.model,SecretKeySelector,237,0,38,0,22,0,33,0,14,0
Fabric8 :: Kubernetes Model,io.fabric8.kubernetes.api.model,WatchEventFluentImpl.ServicePortObjectNestedImpl,35,0,0,0,8,0,4,0,4,0
Fabric8 :: Kubernetes Model,io.fabric8.kubernetes.api.model,ListMetaBuilder,215,30,30,0,45,9,26,2,11,2
Fabric8 :: Kubernetes Model,io.fabric8.kubernetes.api.model,DoneableReplicationControllerList,51,0,0,0,7,0,4,0,4,0
Fabric8 :: Kubernetes Model,io.fabric8.kubernetes.api.model,GitRepoVolumeSource,237,0,38,0,22,0,33,0,14,0
Fabric8 :: Kubernetes Model,io.fabric8.kubernetes.api.model,VolumeFluentImpl.PersistentVolumeClaimNestedImpl,13,22,0,0,3,5,1,3,1,3
Fabric8 :: Kubernetes Model,io.fabric8.kubernetes.api.model,DoneableNodeSystemInfo,51,0,0,0,7,0,4,0,4,0
Fabric8 :: Kubernetes Model,io.fabric8.kubernetes.api.model,LabelSelectorRequirementFluentImpl,395,0,70,0,42,0,58,0,23,0
Fabric8 :: Kubernetes Model,io.fabric8.kubernetes.api.model,PodTemplateListBuilder,268,0,30,0,58,0,28,0,13,0
Fabric8 :: Kubernetes Model,io.fabric8.kubernetes.api.model,LoadBalancerIngress,191,0,30,0,18,0,27,0,12,0
Fabric8 :: Kubernetes Model,io.fabric8.kubernetes.api.model,WatchEventFluentImpl.BuildConfigStatusObjectNestedImpl,35,0,0,0,8,0,4,0,4,0
Fabric8 :: Kubernetes Model,io.fabric8.kubernetes.api.model,DoneablePodList.new Function() {...},8,0,0,0,2,0,2,0,2,0
Fabric8 :: Kubernetes Model,io.fabric8.kubernetes.api.model,LoadBalancerIngressBuilder,222,0,30,0,50,0,28,0,13,0
Fabric8 :: Kubernetes Model,io.fabric8.kubernetes.api.model,WatchEventFluentImpl.ObjectFieldSelectorObjectNestedImpl,35,0,0,0,8,0,4,0,4,0
Fabric8 :: Kubernetes Model,io.fabric8.kubernetes.api.model,ObjectMetricSourceFluentImpl.SelectorNestedImpl,35,0,0,0,8,0,4,0,4,0
Fabric8 :: Kubernetes Model,io.fabric8.kubernetes.api.model,DoneableResourceQuota.new Function() {...},8,0,0,0,2,0,2,0,2,0
Fabric8 :: Kubernetes Model,io.fabric8.kubernetes.api.model,WatchEventFluentImpl.NetNamespaceListObjectNestedImpl,35,0,0,0,8,0,4,0,4,0
Fabric8 :: Kubernetes Model,io.fabric8.kubernetes.api.model,KubeSchemaFluentImpl.MutatingWebhookConfigurationNestedImpl,35,0,0,0,8,0,4,0,4,0
Fabric8 :: Kubernetes Model,io.fabric8.kubernetes.api.model,KubeSchemaFluentImpl.DeploymentConfigNestedImpl,35,0,0,0,8,0,4,0,4,0
Fabric8 :: Kubernetes Model,io.fabric8.kubernetes.api.model,ClusterFluentImpl,697,0,110,0,72,0,94,0,39,0
Fabric8 :: Kubernetes Model,io.fabric8.kubernetes.api.model,DoneableKubeSchema.new Function() {...},8,0,0,0,2,0,2,0,2,0
Fabric8 :: Kubernetes Model,io.fabric8.kubernetes.api.model,NamedExtensionFluentImpl.CronJobExtensionNestedImpl,35,0,0,0,8,0,4,0,4,0
Fabric8 :: Kubernetes Model,io.fabric8.kubernetes.api.model,DeleteOptionsFluentImpl.PreconditionsNestedImpl,35,0,0,0,8,0,4,0,4,0
Fabric8 :: Kubernetes Model,io.fabric8.kubernetes.api.model,WatchEventFluentImpl.NamespaceListObjectNestedImpl,35,0,0,0,8,0,4,0,4,0
Fabric8 :: Kubernetes Model,io.fabric8.kubernetes.api.model,DoneablePodTemplateSpec,51,0,0,0,7,0,4,0,4,0
Fabric8 :: Kubernetes Model,io.fabric8.kubernetes.api.model,PersistentVolumeFluentImpl,433,0,78,0,56,0,76,0,37,0
Fabric8 :: Kubernetes Model,io.fabric8.kubernetes.api.model,BaseKubernetesListFluentImpl.BindingItemsNestedImpl,43,0,0,0,10,0,4,0,4,0
Fabric8 :: Kubernetes Model,io.fabric8.kubernetes.api.model,EndpointPortBuilder,245,0,30,0,54,0,28,0,13,0
Fabric8 :: Kubernetes Model,io.fabric8.kubernetes.api.model,PodsMetricSource,237,0,38,0,22,0,33,0,14,0
Fabric8 :: Kubernetes Model,io.fabric8.kubernetes.api.model,WatchEventFluentImpl.StepInfoObjectNestedImpl,35,0,0,0,8,0,4,0,4,0
Fabric8 :: Kubernetes Model,io.fabric8.kubernetes.api.model,WatchEventFluentImpl.CinderPersistentVolumeSourceObjectNestedImpl,35,0,0,0,8,0,4,0,4,0
Fabric8 :: Kubernetes Model,io.fabric8.kubernetes.api.model,DoneableContext.new Function() {...},8,0,0,0,2,0,2,0,2,0
Fabric8 :: Kubernetes Model,io.fabric8.kubernetes.api.model,DoneableNamespace,51,0,0,0,7,0,4,0,4,0
Fabric8 :: Kubernetes Model,io.fabric8.kubernetes.api.model,PersistentVolumeSpecFluentImpl.ClaimRefNestedImpl,35,0,0,0,8,0,4,0,4,0
Fabric8 :: Kubernetes Model,io.fabric8.kubernetes.api.model,StorageOSPersistentVolumeSourceFluentImpl.SecretRefNestedImpl,35,0,0,0,8,0,4,0,4,0
Fabric8 :: Kubernetes Model,io.fabric8.kubernetes.api.model,BaseKubernetesListFluentImpl.ScaleItemsNestedImpl,43,0,0,0,10,0,4,0,4,0
Fabric8 :: Kubernetes Model,io.fabric8.kubernetes.api.model,NamedClusterBuilder,222,0,30,0,50,0,28,0,13,0
Fabric8 :: Kubernetes Model,io.fabric8.kubernetes.api.model,WatchEventFluentImpl.HTTPHeaderObjectNestedImpl,35,0,0,0,8,0,4,0,4,0
Fabric8 :: Kubernetes Model,io.fabric8.kubernetes.api.model,DoneableScaleIOPersistentVolumeSource.new Function() {...},8,0,0,0,2,0,2,0,2,0
Fabric8 :: Kubernetes Model,io.fabric8.kubernetes.api.model,ResourceQuotaFluentImpl.StatusNestedImpl,35,0,0,0,8,0,4,0,4,0
Fabric8 :: Kubernetes Model,io.fabric8.kubernetes.api.model,DoneablePatch,51,0,0,0,7,0,4,0,4,0
Fabric8 :: Kubernetes Model,io.fabric8.kubernetes.api.model,WatchEventFluentImpl.RawExtensionObjectNestedImpl,35,0,0,0,8,0,4,0,4,0
Fabric8 :: Kubernetes Model,io.fabric8.kubernetes.api.model,PodTemplateListFluentImpl.MetadataNestedImpl,35,0,0,0,8,0,4,0,4,0
Fabric8 :: Kubernetes Model,io.fabric8.kubernetes.api.model,BaseKubernetesListFluentImpl.ImageSignatureItemsNestedImpl,43,0,0,0,10,0,4,0,4,0
Fabric8 :: Kubernetes Model,io.fabric8.kubernetes.api.model,ConfigMapListBuilder,268,0,30,0,58,0,28,0,13,0
Fabric8 :: Kubernetes Model,io.fabric8.kubernetes.api.model,HostPathVolumeSourceBuilder,222,0,30,0,50,0,28,0,13,0
Fabric8 :: Kubernetes Model,io.fabric8.kubernetes.api.model,ConfigMapListFluentImpl.ItemsNestedImpl,43,0,0,0,10,0,4,0,4,0
Fabric8 :: Kubernetes Model,io.fabric8.kubernetes.api.model,PodSecurityContextFluentImpl.SeLinuxOptionsNestedImpl,35,0,0,0,8,0,4,0,4,0
Fabric8 :: Kubernetes Model,io.fabric8.kubernetes.api.model,KubeSchemaFluentImpl.K8sSubjectAccessReviewNestedImpl,35,0,0,0,8,0,4,0,4,0
Fabric8 :: Kubernetes Model,io.fabric8.kubernetes.api.model,HorizontalPodAutoscalerListFluentImpl.ItemsNestedImpl,43,0,0,0,10,0,4,0,4,0
Fabric8 :: Kubernetes Model,io.fabric8.kubernetes.api.model,WatchEventFluentImpl.NodeSelectorRequirementObjectNestedImpl,35,0,0,0,8,0,4,0,4,0
Fabric8 :: Kubernetes Model,io.fabric8.kubernetes.api.model,PodConditionBuilder,314,0,30,0,66,0,28,0,13,0
Fabric8 :: Kubernetes Model,io.fabric8.kubernetes.api.model,ExternalMetricSourceFluentImpl.TargetValueNestedImpl,35,0,0,0,8,0,4,0,4,0
Fabric8 :: Kubernetes Model,io.fabric8.kubernetes.api.model,Preferences,201,0,30,0,19,0,27,0,12,0
Fabric8 :: Kubernetes Model,io.fabric8.kubernetes.api.model,AttachedVolume,191,0,30,0,18,0,27,0,12,0
Fabric8 :: Kubernetes Model,io.fabric8.kubernetes.api.model,LabelSelector,105,96,26,4,3,16,18,9,3,9
Fabric8 :: Kubernetes Model,io.fabric8.kubernetes.api.model,KubeSchemaFluentImpl.DeploymentConfigListNestedImpl,35,0,0,0,8,0,4,0,4,0
Fabric8 :: Kubernetes Model,io.fabric8.kubernetes.api.model,WatchEventFluentImpl.CrossVersionObjectReferenceNestedImpl,35,0,0,0,8,0,4,0,4,0
Fabric8 :: Kubernetes Model,io.fabric8.kubernetes.api.model,KubeSchemaFluentImpl.OAuthAuthorizeTokenNestedImpl,35,0,0,0,8,0,4,0,4,0
Fabric8 :: Kubernetes Model,io.fabric8.kubernetes.api.model,ContainerStateFluentImpl,367,0,62,0,47,0,63,0,32,0
Fabric8 :: Kubernetes Model,io.fabric8.kubernetes.api.model,ConfigBuilder,360,0,30,0,74,0,28,0,13,0
Fabric8 :: Kubernetes Model,io.fabric8.kubernetes.api.model,WatchEventFluentImpl.RoleBindingObjectNestedImpl,35,0,0,0,8,0,4,0,4,0
Fabric8 :: Kubernetes Model,io.fabric8.kubernetes.api.model,DoneableDownwardAPIProjection.new Function() {...},8,0,0,0,2,0,2,0,2,0
Fabric8 :: Kubernetes Model,io.fabric8.kubernetes.api.model,ContainerImage,201,0,30,0,19,0,27,0,12,0
Fabric8 :: Kubernetes Model,io.fabric8.kubernetes.api.model,BaseKubernetesListFluentImpl.CronJobItemsNestedImpl,43,0,0,0,10,0,4,0,4,0
Fabric8 :: Kubernetes Model,io.fabric8.kubernetes.api.model,WatchEventFluentImpl.GroupRestrictionObjectNestedImpl,35,0,0,0,8,0,4,0,4,0
Fabric8 :: Kubernetes Model,io.fabric8.kubernetes.api.model,DoneableWeightedPodAffinityTerm,51,0,0,0,7,0,4,0,4,0
Fabric8 :: Kubernetes Model,io.fabric8.kubernetes.api.model,DoneableKubernetesList,51,0,0,0,7,0,4,0,4,0
Fabric8 :: Kubernetes Model,io.fabric8.kubernetes.api.model,WatchEventFluentImpl.RunAsGroupStrategyOptionsObjectNestedImpl,35,0,0,0,8,0,4,0,4,0
Fabric8 :: Kubernetes Model,io.fabric8.kubernetes.api.model,PersistentVolumeClaimConditionBuilder,314,0,30,0,66,0,28,0,13,0
Fabric8 :: Kubernetes Model,io.fabric8.kubernetes.api.model,ContainerFluentImpl,3335,766,540,72,284,90,449,79,163,59
Fabric8 :: Kubernetes Model,io.fabric8.kubernetes.api.model,WatchEventFluentImpl.ObjectMetricStatusObjectNestedImpl,35,0,0,0,8,0,4,0,4,0
Fabric8 :: Kubernetes Model,io.fabric8.kubernetes.api.model,WatchEventFluentImpl.StatefulSetConditionObjectNestedImpl,35,0,0,0,8,0,4,0,4,0
Fabric8 :: Kubernetes Model,io.fabric8.kubernetes.api.model,Context,293,0,46,0,27,0,39,0,16,0
Fabric8 :: Kubernetes Model,io.fabric8.kubernetes.api.model,WatchEventFluentImpl.BuildConfigSpecObjectNestedImpl,35,0,0,0,8,0,4,0,4,0
Fabric8 :: Kubernetes Model,io.fabric8.kubernetes.api.model,KubeSchemaFluentImpl.OAuthAuthorizeTokenListNestedImpl,35,0,0,0,8,0,4,0,4,0
Fabric8 :: Kubernetes Model,io.fabric8.kubernetes.api.model,TopologySelectorTermFluentImpl,539,0,78,0,50,0,64,0,25,0
Fabric8 :: Kubernetes Model,io.fabric8.kubernetes.api.model,WatchEventFluentImpl.OpenshiftRoleBindingRestrictionObjectNestedImpl,35,0,0,0,8,0,4,0,4,0
Fabric8 :: Kubernetes Model,io.fabric8.kubernetes.api.model,KubeSchemaFluentImpl.UserListNestedImpl,35,0,0,0,8,0,4,0,4,0
Fabric8 :: Kubernetes Model,io.fabric8.kubernetes.api.model,PodAffinityFluentImpl,1047,0,148,0,91,0,121,0,47,0
Fabric8 :: Kubernetes Model,io.fabric8.kubernetes.api.model,DoneableConfigMapVolumeSource.new Function() {...},8,0,0,0,2,0,2,0,2,0
Fabric8 :: Kubernetes Model,io.fabric8.kubernetes.api.model,WatchEventFluentImpl.AdmissionResponseObjectNestedImpl,35,0,0,0,8,0,4,0,4,0
Fabric8 :: Kubernetes Model,io.fabric8.kubernetes.api.model,DoneableEmptyDirVolumeSource.new Function() {...},8,0,0,0,2,0,2,0,2,0
Fabric8 :: Kubernetes Model,io.fabric8.kubernetes.api.model,FlockerVolumeSource,191,0,30,0,18,0,27,0,12,0
Fabric8 :: Kubernetes Model,io.fabric8.kubernetes.api.model,EnvVarSourceFluentImpl.SecretKeyRefNestedImpl,35,0,0,0,8,0,4,0,4,0
Fabric8 :: Kubernetes Model,io.fabric8.kubernetes.api.model,DoneableServicePort,51,0,0,0,7,0,4,0,4,0
Fabric8 :: Kubernetes Model,io.fabric8.kubernetes.api.model,KubeSchemaFluentImpl.ValidatingWebhookConfigurationListNestedImpl,35,0,0,0,8,0,4,0,4,0
Fabric8 :: Kubernetes Model,io.fabric8.kubernetes.api.model,PersistentVolumeClaimSpecFluentImpl,761,0,132,0,84,0,120,0,54,0
Fabric8 :: Kubernetes Model,io.fabric8.kubernetes.api.model,BaseKubernetesListFluentImpl.PodTemplateItemsNestedImpl,43,0,0,0,10,0,4,0,4,0
Fabric8 :: Kubernetes Model,io.fabric8.kubernetes.api.model,ConfigMapNodeConfigSourceFluentImpl,211,0,48,0,34,0,42,0,18,0
Fabric8 :: Kubernetes Model,io.fabric8.kubernetes.api.model,AffinityFluentImpl.NodeAffinityNestedImpl,35,0,0,0,8,0,4,0,4,0
Fabric8 :: Kubernetes Model,io.fabric8.kubernetes.api.model,LabelSelectorFluentImpl.MatchExpressionsNestedImpl,43,0,0,0,10,0,4,0,4,0
Fabric8 :: Kubernetes Model,io.fabric8.kubernetes.api.model,LifecycleFluentImpl.PostStartNestedImpl,13,22,0,0,3,5,1,3,1,3
Fabric8 :: Kubernetes Model,io.fabric8.kubernetes.api.model,DoneableCSIPersistentVolumeSource.new Function() {...},8,0,0,0,2,0,2,0,2,0
Fabric8 :: Kubernetes Model,io.fabric8.kubernetes.api.model,SecretProjectionFluentImpl,639,0,94,0,63,0,81,0,34,0
Fabric8 :: Kubernetes Model,io.fabric8.kubernetes.api.model,NamedExtensionFluentImpl.ImageExtensionNestedImpl,35,0,0,0,8,0,4,0,4,0
Fabric8 :: Kubernetes Model,io.fabric8.kubernetes.api.model,AuthInfoFluentImpl.AuthProviderNestedImpl,35,0,0,0,8,0,4,0,4,0
Fabric8 :: Kubernetes Model,io.fabric8.kubernetes.api.model,WatchEventFluentImpl.ImageChangeCauseObjectNestedImpl,35,0,0,0,8,0,4,0,4,0
Fabric8 :: Kubernetes Model,io.fabric8.kubernetes.api.model,WatchEventFluentImpl.ModelSupplementalGroupsStrategyOptionsObjectNestedImpl,35,0,0,0,8,0,4,0,4,0
Fabric8 :: Kubernetes Model,io.fabric8.kubernetes.api.model,PersistentVolumeClaimVolumeSourceBuilder,144,78,29,1,29,21,22,6,7,6
Fabric8 :: Kubernetes Model,io.fabric8.kubernetes.api.model,WatchEventFluentImpl.PersistentVolumeListObjectNestedImpl,35,0,0,0,8,0,4,0,4,0
Fabric8 :: Kubernetes Model,io.fabric8.kubernetes.api.model,VolumeNodeAffinity,145,0,22,0,14,0,21,0,10,0
Fabric8 :: Kubernetes Model,io.fabric8.kubernetes.api.model,DoneablePreferredSchedulingTerm.new Function() {...},8,0,0,0,2,0,2,0,2,0
Fabric8 :: Kubernetes Model,io.fabric8.kubernetes.api.model,DoneablePodCondition,51,0,0,0,7,0,4,0,4,0
Fabric8 :: Kubernetes Model,io.fabric8.kubernetes.api.model,DoneableBaseKubernetesList,51,0,0,0,7,0,4,0,4,0
Fabric8 :: Kubernetes Model,io.fabric8.kubernetes.api.model,DoneableDaemonEndpoint.new Function() {...},8,0,0,0,2,0,2,0,2,0
Fabric8 :: Kubernetes Model,io.fabric8.kubernetes.api.model,WatchEventFluentImpl.DaemonSetStatusObjectNestedImpl,35,0,0,0,8,0,4,0,4,0
Fabric8 :: Kubernetes Model,io.fabric8.kubernetes.api.model,KubeSchemaFluentImpl.NetNameSpaceListNestedImpl,35,0,0,0,8,0,4,0,4,0
Fabric8 :: Kubernetes Model,io.fabric8.kubernetes.api.model,LocalObjectReferenceBuilder,122,77,29,1,23,23,20,8,5,8
Fabric8 :: Kubernetes Model,io.fabric8.kubernetes.api.model,DoneableAzureFileVolumeSource,51,0,0,0,7,0,4,0,4,0
Fabric8 :: Kubernetes Model,io.fabric8.kubernetes.api.model,DoneableConfigMapNodeConfigSource.new Function() {...},8,0,0,0,2,0,2,0,2,0
Fabric8 :: Kubernetes Model,io.fabric8.kubernetes.api.model,GroupVersionKind,237,0,38,0,22,0,33,0,14,0
Fabric8 :: Kubernetes Model,io.fabric8.kubernetes.api.model,DoneableCephFSVolumeSource,51,0,0,0,7,0,4,0,4,0
Fabric8 :: Kubernetes Model,io.fabric8.kubernetes.api.model,WatchEventFluentImpl.PersistentVolumeClaimObjectNestedImpl,35,0,0,0,8,0,4,0,4,0
Fabric8 :: Kubernetes Model,io.fabric8.kubernetes.api.model,TCPSocketActionBuilder,222,0,30,0,50,0,28,0,13,0
Fabric8 :: Kubernetes Model,io.fabric8.kubernetes.api.model,BaseKubernetesListFluentImpl.DeploymentItemsNestedImpl,43,0,0,0,10,0,4,0,4,0
Fabric8 :: Kubernetes Model,io.fabric8.kubernetes.api.model,GlusterfsPersistentVolumeSourceBuilder,268,0,30,0,58,0,28,0,13,0
Fabric8 :: Kubernetes Model,io.fabric8.kubernetes.api.model,LabelSelectorRequirementBuilder,245,0,30,0,54,0,28,0,13,0
Fabric8 :: Kubernetes Model,io.fabric8.kubernetes.api.model,BaseKubernetesListFluentImpl.ResourceQuotaItemsNestedImpl,43,0,0,0,10,0,4,0,4,0
Fabric8 :: Kubernetes Model,io.fabric8.kubernetes.api.model,KubeSchemaFluentImpl.RoleNestedImpl,35,0,0,0,8,0,4,0,4,0
Fabric8 :: Kubernetes Model,io.fabric8.kubernetes.api.model,KubeSchemaFluentImpl.ConfigMapListNestedImpl,35,0,0,0,8,0,4,0,4,0
Fabric8 :: Kubernetes Model,io.fabric8.kubernetes.api.model,DoneableObjectMetricStatus,51,0,0,0,7,0,4,0,4,0
Fabric8 :: Kubernetes Model,io.fabric8.kubernetes.api.model,DoneableHorizontalPodAutoscalerList,51,0,0,0,7,0,4,0,4,0
Fabric8 :: Kubernetes Model,io.fabric8.kubernetes.api.model,LimitRangeSpecBuilder,199,0,30,0,46,0,28,0,13,0
Fabric8 :: Kubernetes Model,io.fabric8.kubernetes.api.model,WatchEventFluentImpl.PreferencesObjectNestedImpl,35,0,0,0,8,0,4,0,4,0
Fabric8 :: Kubernetes Model,io.fabric8.kubernetes.api.model,CrossVersionObjectReference,237,0,38,0,22,0,33,0,14,0
Fabric8 :: Kubernetes Model,io.fabric8.kubernetes.api.model,DoneableLimitRangeList.new Function() {...},8,0,0,0,2,0,2,0,2,0
Fabric8 :: Kubernetes Model,io.fabric8.kubernetes.api.model,VolumeFluentImpl.FlockerNestedImpl,35,0,0,0,8,0,4,0,4,0
Fabric8 :: Kubernetes Model,io.fabric8.kubernetes.api.model,VolumeFluentImpl.CinderNestedImpl,35,0,0,0,8,0,4,0,4,0
Fabric8 :: Kubernetes Model,io.fabric8.kubernetes.api.model,DoneableWatchEvent,51,0,0,0,7,0,4,0,4,0
Fabric8 :: Kubernetes Model,io.fabric8.kubernetes.api.model,WatchEventFluentImpl.SELinuxOptionsObjectNestedImpl,35,0,0,0,8,0,4,0,4,0
Fabric8 :: Kubernetes Model,io.fabric8.kubernetes.api.model,DoneableHTTPHeader,51,0,0,0,7,0,4,0,4,0
Fabric8 :: Kubernetes Model,io.fabric8.kubernetes.api.model,CephFSVolumeSource,385,0,62,0,35,0,51,0,20,0
Fabric8 :: Kubernetes Model,io.fabric8.kubernetes.api.model,DoneableExecAction.new Function() {...},8,0,0,0,2,0,2,0,2,0
Fabric8 :: Kubernetes Model,io.fabric8.kubernetes.api.model,KubeSchemaFluentImpl.ProjectListNestedImpl,35,0,0,0,8,0,4,0,4,0
Fabric8 :: Kubernetes Model,io.fabric8.kubernetes.api.model,ObjectMetricStatus,329,0,54,0,30,0,45,0,18,0
Fabric8 :: Kubernetes Model,io.fabric8.kubernetes.api.model,DoneableNodeConfigStatus.new Function() {...},8,0,0,0,2,0,2,0,2,0
Fabric8 :: Kubernetes Model,io.fabric8.kubernetes.api.model,SecretList,305,0,46,0,29,0,39,0,16,0
Fabric8 :: Kubernetes Model,io.fabric8.kubernetes.api.model,ReplicationController,112,229,31,23,13,19,32,13,7,11
Fabric8 :: Kubernetes Model,io.fabric8.kubernetes.api.model,NamedExtensionFluentImpl.OAuthAccessTokenExtensionNestedImpl,35,0,0,0,8,0,4,0,4,0
Fabric8 :: Kubernetes Model,io.fabric8.kubernetes.api.model,WatchEventFluentImpl.TaintObjectNestedImpl,35,0,0,0,8,0,4,0,4,0
Fabric8 :: Kubernetes Model,io.fabric8.kubernetes.api.model,BaseKubernetesListFluentImpl.NetNamespaceItemsNestedImpl,43,0,0,0,10,0,4,0,4,0
Fabric8 :: Kubernetes Model,io.fabric8.kubernetes.api.model,ContainerFluentImpl.LivenessProbeNestedImpl,13,22,0,0,3,5,1,3,1,3
Fabric8 :: Kubernetes Model,io.fabric8.kubernetes.api.model,WatchEventFluentImpl.TolerationObjectNestedImpl,35,0,0,0,8,0,4,0,4,0
Fabric8 :: Kubernetes Model,io.fabric8.kubernetes.api.model,LimitRangeItemFluentImpl,737,0,216,0,79,0,149,0,41,0
Fabric8 :: Kubernetes Model,io.fabric8.kubernetes.api.model,KubeSchemaFluentImpl.TolerationNestedImpl,35,0,0,0,8,0,4,0,4,0
Fabric8 :: Kubernetes Model,io.fabric8.kubernetes.api.model,PodCondition,375,0,62,0,34,0,51,0,20,0
Fabric8 :: Kubernetes Model,io.fabric8.kubernetes.api.model,DoneableNodeSystemInfo.new Function() {...},8,0,0,0,2,0,2,0,2,0
Fabric8 :: Kubernetes Model,io.fabric8.kubernetes.api.model,KubeSchemaFluentImpl.EventListNestedImpl,35,0,0,0,8,0,4,0,4,0
Fabric8 :: Kubernetes Model,io.fabric8.kubernetes.api.model,WatchEventFluentImpl.NodeSpecObjectNestedImpl,35,0,0,0,8,0,4,0,4,0
Fabric8 :: Kubernetes Model,io.fabric8.kubernetes.api.model,ReplicationControllerStatusFluentImpl.ConditionsNestedImpl,43,0,0,0,10,0,4,0,4,0
Fabric8 :: Kubernetes Model,io.fabric8.kubernetes.api.model,WatchEventFluentImpl.FlockerVolumeSourceObjectNestedImpl,35,0,0,0,8,0,4,0,4,0
Fabric8 :: Kubernetes Model,io.fabric8.kubernetes.api.model,QuantityFluentImpl,84,19,24,0,13,6,16,5,4,5
Fabric8 :: Kubernetes Model,io.fabric8.kubernetes.api.model,WatchEventFluentImpl.NamedTagEventListObjectNestedImpl,35,0,0,0,8,0,4,0,4,0
Fabric8 :: Kubernetes Model,io.fabric8.kubernetes.api.model,DoneableStatus,51,0,0,0,7,0,4,0,4,0
Fabric8 :: Kubernetes Model,io.fabric8.kubernetes.api.model,WatchEventFluentImpl.SignatureIssuerObjectNestedImpl,35,0,0,0,8,0,4,0,4,0
Fabric8 :: Kubernetes Model,io.fabric8.kubernetes.api.model,DoneableStorageOSVolumeSource.new Function() {...},8,0,0,0,2,0,2,0,2,0
Fabric8 :: Kubernetes Model,io.fabric8.kubernetes.api.model,WatchEventFluentImpl.EventSeriesObjectNestedImpl,35,0,0,0,8,0,4,0,4,0
Fabric8 :: Kubernetes Model,io.fabric8.kubernetes.api.model,WatchEventFluentImpl.CSIPersistentVolumeSourceObjectNestedImpl,35,0,0,0,8,0,4,0,4,0
Fabric8 :: Kubernetes Model,io.fabric8.kubernetes.api.model,ResourceQuotaSpecBuilder,245,0,30,0,54,0,28,0,13,0
Fabric8 :: Kubernetes Model,io.fabric8.kubernetes.api.model,DoneableServiceSpec,51,0,0,0,7,0,4,0,4,0
Fabric8 :: Kubernetes Model,io.fabric8.kubernetes.api.model,DoneableVolumeNodeAffinity.new Function() {...},8,0,0,0,2,0,2,0,2,0
Fabric8 :: Kubernetes Model,io.fabric8.kubernetes.api.model,DoneableContainer,51,0,0,0,7,0,4,0,4,0
Fabric8 :: Kubernetes Model,io.fabric8.kubernetes.api.model,KubeSchemaFluentImpl.WatchEventNestedImpl,35,0,0,0,8,0,4,0,4,0
Fabric8 :: Kubernetes Model,io.fabric8.kubernetes.api.model,ServiceFluentImpl.SpecNestedImpl,13,22,0,0,3,5,1,3,1,3
Fabric8 :: Kubernetes Model,io.fabric8.kubernetes.api.model,StorageOSVolumeSourceFluentImpl.SecretRefNestedImpl,35,0,0,0,8,0,4,0,4,0
Fabric8 :: Kubernetes Model,io.fabric8.kubernetes.api.model,StatusCause,237,0,38,0,22,0,33,0,14,0
Fabric8 :: Kubernetes Model,io.fabric8.kubernetes.api.model,PersistentVolumeSpecFluentImpl.PortworxVolumeNestedImpl,35,0,0,0,8,0,4,0,4,0
Fabric8 :: Kubernetes Model,io.fabric8.kubernetes.api.model,ResourceQuotaStatusBuilder,222,0,30,0,50,0,28,0,13,0
Fabric8 :: Kubernetes Model,io.fabric8.kubernetes.api.model,StatusCauseFluentImpl,139,0,32,0,24,0,28,0,12,0
Fabric8 :: Kubernetes Model,io.fabric8.kubernetes.api.model,WatchEventFluentImpl.CephFSVolumeSourceObjectNestedImpl,35,0,0,0,8,0,4,0,4,0
Fabric8 :: Kubernetes Model,io.fabric8.kubernetes.api.model,VolumeProjectionFluentImpl.SecretNestedImpl,35,0,0,0,8,0,4,0,4,0
Fabric8 :: Kubernetes Model,io.fabric8.kubernetes.api.model,WatchEventFluentImpl.ParameterObjectNestedImpl,35,0,0,0,8,0,4,0,4,0
Fabric8 :: Kubernetes Model,io.fabric8.kubernetes.api.model,BaseKubernetesListBuilder,268,0,30,0,58,0,28,0,13,0
Fabric8 :: Kubernetes Model,io.fabric8.kubernetes.api.model,WatchEventFluentImpl.ClusterRoleObjectNestedImpl,35,0,0,0,8,0,4,0,4,0
Fabric8 :: Kubernetes Model,io.fabric8.kubernetes.api.model,WatchEventFluentImpl.SecurityContextConstraintsObjectNestedImpl,35,0,0,0,8,0,4,0,4,0
Fabric8 :: Kubernetes Model,io.fabric8.kubernetes.api.model,WatchEventFluentImpl.DockerBuildStrategyObjectNestedImpl,35,0,0,0,8,0,4,0,4,0
Fabric8 :: Kubernetes Model,io.fabric8.kubernetes.api.model,ConfigMapVolumeSourceFluentImpl.ItemsNestedImpl,43,0,0,0,10,0,4,0,4,0
Fabric8 :: Kubernetes Model,io.fabric8.kubernetes.api.model,PodSpecFluentImpl.HostAliasesNestedImpl,43,0,0,0,10,0,4,0,4,0
Fabric8 :: Kubernetes Model,io.fabric8.kubernetes.api.model,WatchEventFluentImpl.ServiceObjectNestedImpl,35,0,0,0,8,0,4,0,4,0
Fabric8 :: Kubernetes Model,io.fabric8.kubernetes.api.model,AffinityFluentImpl.PodAffinityNestedImpl,35,0,0,0,8,0,4,0,4,0
Fabric8 :: Kubernetes Model,io.fabric8.kubernetes.api.model,WatchEventFluentImpl.PersistentVolumeStatusObjectNestedImpl,35,0,0,0,8,0,4,0,4,0
Fabric8 :: Kubernetes Model,io.fabric8.kubernetes.api.model,ResourceQuotaSpecFluentImpl.ScopeSelectorNestedImpl,35,0,0,0,8,0,4,0,4,0
Fabric8 :: Kubernetes Model,io.fabric8.kubernetes.api.model,PodAffinityTermFluentImpl,466,0,80,0,49,0,69,0,29,0
Fabric8 :: Kubernetes Model,io.fabric8.kubernetes.api.model,WatchEventFluentImpl.LabelSelectorObjectNestedImpl,35,0,0,0,8,0,4,0,4,0
Fabric8 :: Kubernetes Model,io.fabric8.kubernetes.api.model,BaseKubernetesListFluentImpl.IngressItemsNestedImpl,43,0,0,0,10,0,4,0,4,0
Fabric8 :: Kubernetes Model,io.fabric8.kubernetes.api.model,NamedExtensionFluentImpl.UserExtensionNestedImpl,35,0,0,0,8,0,4,0,4,0
Fabric8 :: Kubernetes Model,io.fabric8.kubernetes.api.model,WatchEventFluentImpl.ReplicaSetObjectNestedImpl,35,0,0,0,8,0,4,0,4,0
Fabric8 :: Kubernetes Model,io.fabric8.kubernetes.api.model,WatchEventFluentImpl.DaemonSetUpdateStrategyObjectNestedImpl,35,0,0,0,8,0,4,0,4,0
Fabric8 :: Kubernetes Model,io.fabric8.kubernetes.api.model,AzureFilePersistentVolumeSourceBuilder,268,0,30,0,58,0,28,0,13,0
Fabric8 :: Kubernetes Model,io.fabric8.kubernetes.api.model,WatchEventFluentImpl.FCVolumeSourceObjectNestedImpl,35,0,0,0,8,0,4,0,4,0
Fabric8 :: Kubernetes Model,io.fabric8.kubernetes.api.model,WatchEventFluentImpl.PodTemplateSpecObjectNestedImpl,35,0,0,0,8,0,4,0,4,0
Fabric8 :: Kubernetes Model,io.fabric8.kubernetes.api.model,DoneableISCSIVolumeSource,51,0,0,0,7,0,4,0,4,0
Fabric8 :: Kubernetes Model,io.fabric8.kubernetes.api.model,KubeSchemaFluentImpl.CronJobNestedImpl,35,0,0,0,8,0,4,0,4,0
Fabric8 :: Kubernetes Model,io.fabric8.kubernetes.api.model,Capabilities,211,0,30,0,20,0,27,0,12,0
Fabric8 :: Kubernetes Model,io.fabric8.kubernetes.api.model,WatchEventFluentImpl.CustomResourceColumnDefinitionObjectNestedImpl,35,0,0,0,8,0,4,0,4,0
Fabric8 :: Kubernetes Model,io.fabric8.kubernetes.api.model,DoneableSELinuxOptions.new Function() {...},8,0,0,0,2,0,2,0,2,0
Fabric8 :: Kubernetes Model,io.fabric8.kubernetes.api.model,WatchEventFluentImpl.ReplicationControllerConditionObjectNestedImpl,35,0,0,0,8,0,4,0,4,0
Fabric8 :: Kubernetes Model,io.fabric8.kubernetes.api.model,DoneableClientIPConfig,51,0,0,0,7,0,4,0,4,0
Fabric8 :: Kubernetes Model,io.fabric8.kubernetes.api.model,DoneableKeyToPath,51,0,0,0,7,0,4,0,4,0
Fabric8 :: Kubernetes Model,io.fabric8.kubernetes.api.model,ExecEnvVar,191,0,30,0,18,0,27,0,12,0
Fabric8 :: Kubernetes Model,io.fabric8.kubernetes.api.model,WatchEventFluentImpl.RuleObjectNestedImpl,35,0,0,0,8,0,4,0,4,0
Fabric8 :: Kubernetes Model,io.fabric8.kubernetes.api.model,RBDPersistentVolumeSourceFluentImpl.SecretRefNestedImpl,35,0,0,0,8,0,4,0,4,0
Fabric8 :: Kubernetes Model,io.fabric8.kubernetes.api.model,ScopedResourceSelectorRequirement,247,0,38,0,23,0,33,0,14,0
Fabric8 :: Kubernetes Model,io.fabric8.kubernetes.api.model,DoneableNamespaceSpec,51,0,0,0,7,0,4,0,4,0
Fabric8 :: Kubernetes Model,io.fabric8.kubernetes.api.model,WatchEventFluentImpl.ValidatingWebhookConfigurationObjectNestedImpl,35,0,0,0,8,0,4,0,4,0
Fabric8 :: Kubernetes Model,io.fabric8.kubernetes.api.model,NamespaceListFluentImpl,727,0,112,0,73,0,97,0,41,0
Fabric8 :: Kubernetes Model,io.fabric8.kubernetes.api.model,NodeSelectorRequirementBuilder,245,0,30,0,54,0,28,0,13,0
Fabric8 :: Kubernetes Model,io.fabric8.kubernetes.api.model,NamespaceBuilder,291,0,30,0,62,0,28,0,13,0
Fabric8 :: Kubernetes Model,io.fabric8.kubernetes.api.model,WatchEventFluentImpl.ClusterRoleListObjectNestedImpl,35,0,0,0,8,0,4,0,4,0
Fabric8 :: Kubernetes Model,io.fabric8.kubernetes.api.model,DoneableLocalVolumeSource,51,0,0,0,7,0,4,0,4,0
Fabric8 :: Kubernetes Model,io.fabric8.kubernetes.api.model,ExternalMetricSourceBuilder,268,0,30,0,58,0,28,0,13,0
Fabric8 :: Kubernetes Model,io.fabric8.kubernetes.api.model,CinderVolumeSourceFluentImpl.SecretRefNestedImpl,35,0,0,0,8,0,4,0,4,0
Fabric8 :: Kubernetes Model,io.fabric8.kubernetes.api.model,DoneablePodList,51,0,0,0,7,0,4,0,4,0
Fabric8 :: Kubernetes Model,io.fabric8.kubernetes.api.model,WatchEventFluentImpl.FlexPersistentVolumeSourceObjectNestedImpl,35,0,0,0,8,0,4,0,4,0
Fabric8 :: Kubernetes Model,io.fabric8.kubernetes.api.model,EnvVarSourceBuilder,164,104,29,1,33,25,22,6,7,6
Fabric8 :: Kubernetes Model,io.fabric8.kubernetes.api.model,GCEPersistentDiskVolumeSourceFluentImpl,189,0,40,0,31,0,37,0,17,0
Fabric8 :: Kubernetes Model,io.fabric8.kubernetes.api.model,LimitRangeItem,375,0,62,0,34,0,51,0,20,0
Fabric8 :: Kubernetes Model,io.fabric8.kubernetes.api.model,DoneableExternalMetricStatus,51,0,0,0,7,0,4,0,4,0
Fabric8 :: Kubernetes Model,io.fabric8.kubernetes.api.model,NodeAddressBuilder,222,0,30,0,50,0,28,0,13,0
Fabric8 :: Kubernetes Model,io.fabric8.kubernetes.api.model,ComponentStatusListFluentImpl.MetadataNestedImpl,35,0,0,0,8,0,4,0,4,0
Fabric8 :: Kubernetes Model,io.fabric8.kubernetes.api.model,PodFluentImpl,327,97,69,9,39,16,60,15,24,12
Fabric8 :: Kubernetes Model,io.fabric8.kubernetes.api.model,WatchEventFluentImpl.AttachedVolumeObjectNestedImpl,35,0,0,0,8,0,4,0,4,0
Fabric8 :: Kubernetes Model,io.fabric8.kubernetes.api.model,WatchEventFluentImpl.SecretObjectNestedImpl,35,0,0,0,8,0,4,0,4,0
Fabric8 :: Kubernetes Model,io.fabric8.kubernetes.api.model,DownwardAPIProjectionFluentImpl,539,0,78,0,50,0,64,0,25,0
Fabric8 :: Kubernetes Model,io.fabric8.kubernetes.api.model,KubeSchemaFluentImpl.ClusterRoleNestedImpl,35,0,0,0,8,0,4,0,4,0
Fabric8 :: Kubernetes Model,io.fabric8.kubernetes.api.model,EndpointSubsetBuilder,245,0,30,0,54,0,28,0,13,0
Fabric8 :: Kubernetes Model,io.fabric8.kubernetes.api.model,EnvVarSourceFluentImpl.FieldRefNestedImpl,13,22,0,0,3,5,1,3,1,3
Fabric8 :: Kubernetes Model,io.fabric8.kubernetes.api.model,EventFluentImpl.RelatedNestedImpl,35,0,0,0,8,0,4,0,4,0
Fabric8 :: Kubernetes Model,io.fabric8.kubernetes.api.model,DoneablePodAffinityTerm,51,0,0,0,7,0,4,0,4,0
Fabric8 :: Kubernetes Model,io.fabric8.kubernetes.api.model,WatchEventFluentImpl.VolumeMountObjectNestedImpl,35,0,0,0,8,0,4,0,4,0
Fabric8 :: Kubernetes Model,io.fabric8.kubernetes.api.model,ResourceMetricSource,237,0,38,0,22,0,33,0,14,0
Fabric8 :: Kubernetes Model,io.fabric8.kubernetes.api.model,MetricSpec,329,0,54,0,30,0,45,0,18,0
Fabric8 :: Kubernetes Model,io.fabric8.kubernetes.api.model,Quantity.Deserializer,0,19,0,0,0,5,0,2,0,2
Fabric8 :: Kubernetes Model,io.fabric8.kubernetes.api.model,DaemonEndpoint,145,0,22,0,14,0,21,0,10,0
Fabric8 :: Kubernetes Model,io.fabric8.kubernetes.api.model,HorizontalPodAutoscalerConditionFluentImpl,211,0,48,0,34,0,42,0,18,0
Fabric8 :: Kubernetes Model,io.fabric8.kubernetes.api.model,ExecConfigFluentImpl.EnvNestedImpl,43,0,0,0,10,0,4,0,4,0
Fabric8 :: Kubernetes Model,io.fabric8.kubernetes.api.model,DoneableNodeConfigSource,51,0,0,0,7,0,4,0,4,0
Fabric8 :: Kubernetes Model,io.fabric8.kubernetes.api.model,KubeSchemaFluentImpl.InfoNestedImpl,35,0,0,0,8,0,4,0,4,0
Fabric8 :: Kubernetes Model,io.fabric8.kubernetes.api.model,StatusFluentImpl,470,0,92,0,64,0,86,0,40,0
Fabric8 :: Kubernetes Model,io.fabric8.kubernetes.api.model,ContainerFluentImpl.ResourcesNestedImpl,13,22,0,0,3,5,1,3,1,3
Fabric8 :: Kubernetes Model,io.fabric8.kubernetes.api.model,PodAffinityTerm,247,0,38,0,23,0,33,0,14,0
Fabric8 :: Kubernetes Model,io.fabric8.kubernetes.api.model,CSIPersistentVolumeSourceFluentImpl.NodeStageSecretRefNestedImpl,35,0,0,0,8,0,4,0,4,0
Fabric8 :: Kubernetes Model,io.fabric8.kubernetes.api.model,MetricSpecFluentImpl.PodsNestedImpl,35,0,0,0,8,0,4,0,4,0
Fabric8 :: Kubernetes Model,io.fabric8.kubernetes.api.model,NFSVolumeSourceFluentImpl,153,0,32,0,26,0,30,0,14,0
Fabric8 :: Kubernetes Model,io.fabric8.kubernetes.api.model,PersistentVolumeListFluentImpl,727,0,112,0,73,0,97,0,41,0
Fabric8 :: Kubernetes Model,io.fabric8.kubernetes.api.model,HandlerBuilder,154,91,29,1,31,23,22,6,7,6
Fabric8 :: Kubernetes Model,io.fabric8.kubernetes.api.model,WatchEventFluentImpl.AggregationRuleObjectNestedImpl,35,0,0,0,8,0,4,0,4,0
Fabric8 :: Kubernetes Model,io.fabric8.kubernetes.api.model,DoneableGroupVersionKind,51,0,0,0,7,0,4,0,4,0
Fabric8 :: Kubernetes Model,io.fabric8.kubernetes.api.model,WatchEventFluentImpl.ModelLocalSubjectAccessReviewObjectNestedImpl,35,0,0,0,8,0,4,0,4,0
Fabric8 :: Kubernetes Model,io.fabric8.kubernetes.api.model,BaseKubernetesListFluentImpl.DeploymentConfigItemsNestedImpl,43,0,0,0,10,0,4,0,4,0
Fabric8 :: Kubernetes Model,io.fabric8.kubernetes.api.model,DoneableMetricSpec.new Function() {...},8,0,0,0,2,0,2,0,2,0
Fabric8 :: Kubernetes Model,io.fabric8.kubernetes.api.model,DoneableAzureDiskVolumeSource.new Function() {...},8,0,0,0,2,0,2,0,2,0
Fabric8 :: Kubernetes Model,io.fabric8.kubernetes.api.model,ContainerState,237,0,38,0,22,0,33,0,14,0
Fabric8 :: Kubernetes Model,io.fabric8.kubernetes.api.model,DoneableCluster.new Function() {...},8,0,0,0,2,0,2,0,2,0
Fabric8 :: Kubernetes Model,io.fabric8.kubernetes.api.model,DoneableGroupVersionKind.new Function() {...},8,0,0,0,2,0,2,0,2,0
Fabric8 :: Kubernetes Model,io.fabric8.kubernetes.api.model,NodeAffinityBuilder,222,0,30,0,50,0,28,0,13,0
Fabric8 :: Kubernetes Model,io.fabric8.kubernetes.api.model,Preconditions,145,0,22,0,14,0,21,0,10,0
Fabric8 :: Kubernetes Model,io.fabric8.kubernetes.api.model,HostAlias,105,96,26,4,3,16,18,9,3,9
Fabric8 :: Kubernetes Model,io.fabric8.kubernetes.api.model,DoneableComponentCondition,51,0,0,0,7,0,4,0,4,0
Fabric8 :: Kubernetes Model,io.fabric8.kubernetes.api.model,DoneableHTTPHeader.new Function() {...},8,0,0,0,2,0,2,0,2,0
Fabric8 :: Kubernetes Model,io.fabric8.kubernetes.api.model,DoneableNamespace.new Function() {...},8,0,0,0,2,0,2,0,2,0
Fabric8 :: Kubernetes Model,io.fabric8.kubernetes.api.model,NamedExtensionFluentImpl.PriorityClassExtensionNestedImpl,35,0,0,0,8,0,4,0,4,0
Fabric8 :: Kubernetes Model,io.fabric8.kubernetes.api.model,PersistentVolumeSpecFluentImpl.StorageosNestedImpl,35,0,0,0,8,0,4,0,4,0
Fabric8 :: Kubernetes Model,io.fabric8.kubernetes.api.model,KubernetesList,0,23,0,0,0,7,0,3,0,3
Fabric8 :: Kubernetes Model,io.fabric8.kubernetes.api.model,ConfigFluentImpl.UsersNestedImpl,43,0,0,0,10,0,4,0,4,0
Fabric8 :: Kubernetes Model,io.fabric8.kubernetes.api.model,PersistentVolumeClaimBuilder,291,0,30,0,62,0,28,0,13,0
Fabric8 :: Kubernetes Model,io.fabric8.kubernetes.api.model,DoneableEndpointSubset,51,0,0,0,7,0,4,0,4,0
Fabric8 :: Kubernetes Model,io.fabric8.kubernetes.api.model,InitializersFluentImpl.ResultNestedImpl,35,0,0,0,8,0,4,0,4,0
Fabric8 :: Kubernetes Model,io.fabric8.kubernetes.api.model,DoneablePersistentVolumeClaimCondition,51,0,0,0,7,0,4,0,4,0
Fabric8 :: Kubernetes Model,io.fabric8.kubernetes.api.model,EventFluentImpl.SourceNestedImpl,35,0,0,0,8,0,4,0,4,0
Fabric8 :: Kubernetes Model,io.fabric8.kubernetes.api.model,WatchEventFluentImpl.ConfigMapListObjectNestedImpl,35,0,0,0,8,0,4,0,4,0
Fabric8 :: Kubernetes Model,io.fabric8.kubernetes.api.model,DoneableResourceQuotaStatus.new Function() {...},8,0,0,0,2,0,2,0,2,0
Fabric8 :: Kubernetes Model,io.fabric8.kubernetes.api.model,DoneablePodsMetricSource,51,0,0,0,7,0,4,0,4,0
Fabric8 :: Kubernetes Model,io.fabric8.kubernetes.api.model,NamedExtensionFluentImpl.OAuthAuthorizeTokenExtensionNestedImpl,35,0,0,0,8,0,4,0,4,0
Fabric8 :: Kubernetes Model,io.fabric8.kubernetes.api.model,DoneableWeightedPodAffinityTerm.new Function() {...},8,0,0,0,2,0,2,0,2,0
Fabric8 :: Kubernetes Model,io.fabric8.kubernetes.api.model,WatchEventFluentImpl.ContainerStateTerminatedObjectNestedImpl,35,0,0,0,8,0,4,0,4,0
Fabric8 :: Kubernetes Model,io.fabric8.kubernetes.api.model,DoneableNodeSpec,51,0,0,0,7,0,4,0,4,0
Fabric8 :: Kubernetes Model,io.fabric8.kubernetes.api.model,WatchEventFluentImpl.JobStatusObjectNestedImpl,35,0,0,0,8,0,4,0,4,0
Fabric8 :: Kubernetes Model,io.fabric8.kubernetes.api.model,WatchEventFluentImpl.ServiceReferenceObjectNestedImpl,35,0,0,0,8,0,4,0,4,0
Fabric8 :: Kubernetes Model,io.fabric8.kubernetes.api.model,WatchEventFluentImpl.ComponentStatusObjectNestedImpl,35,0,0,0,8,0,4,0,4,0
Fabric8 :: Kubernetes Model,io.fabric8.kubernetes.api.model,WatchEventFluentImpl.OAuthAuthorizeTokenObjectNestedImpl,35,0,0,0,8,0,4,0,4,0
Fabric8 :: Kubernetes Model,io.fabric8.kubernetes.api.model,KubeSchemaFluentImpl.DaemonSetNestedImpl,35,0,0,0,8,0,4,0,4,0
Fabric8 :: Kubernetes Model,io.fabric8.kubernetes.api.model,WatchEventFluentImpl.LabelSelectorRequirementObjectNestedImpl,35,0,0,0,8,0,4,0,4,0
Fabric8 :: Kubernetes Model,io.fabric8.kubernetes.api.model,Node,160,181,47,7,12,20,34,11,7,11
Fabric8 :: Kubernetes Model,io.fabric8.kubernetes.api.model,WatchEventFluentImpl.StorageClassListObjectNestedImpl,35,0,0,0,8,0,4,0,4,0
Fabric8 :: Kubernetes Model,io.fabric8.kubernetes.api.model,QuantityBuilder,171,53,29,1,37,14,24,4,9,4
Fabric8 :: Kubernetes Model,io.fabric8.kubernetes.api.model,KubeSchemaFluentImpl.ModelSubjectAccessReviewNestedImpl,35,0,0,0,8,0,4,0,4,0
Fabric8 :: Kubernetes Model,io.fabric8.kubernetes.api.model,NamedExtensionFluentImpl.DeploymentExtensionNestedImpl,35,0,0,0,8,0,4,0,4,0
Fabric8 :: Kubernetes Model,io.fabric8.kubernetes.api.model,ReplicationControllerStatusFluentImpl,749,0,118,0,78,0,102,0,43,0
Fabric8 :: Kubernetes Model,io.fabric8.kubernetes.api.model,DoneableHostPathVolumeSource,51,0,0,0,7,0,4,0,4,0
Fabric8 :: Kubernetes Model,io.fabric8.kubernetes.api.model,PreferencesFluentImpl,589,0,86,0,57,0,73,0,30,0
Fabric8 :: Kubernetes Model,io.fabric8.kubernetes.api.model,NodeConfigSource,145,0,22,0,14,0,21,0,10,0
Fabric8 :: Kubernetes Model,io.fabric8.kubernetes.api.model,DoneableEndpointPort.new Function() {...},8,0,0,0,2,0,2,0,2,0
Fabric8 :: Kubernetes Model,io.fabric8.kubernetes.api.model,DoneableHostPathVolumeSource.new Function() {...},8,0,0,0,2,0,2,0,2,0
Fabric8 :: Kubernetes Model,io.fabric8.kubernetes.api.model,FlockerVolumeSourceBuilder,222,0,30,0,50,0,28,0,13,0
Fabric8 :: Kubernetes Model,io.fabric8.kubernetes.api.model,DoneableEnvVarSource.new Function() {...},8,0,0,0,2,0,2,0,2,0
Fabric8 :: Kubernetes Model,io.fabric8.kubernetes.api.model,DoneableAttachedVolume,51,0,0,0,7,0,4,0,4,0
Fabric8 :: Kubernetes Model,io.fabric8.kubernetes.api.model,ReplicationControllerList,157,148,40,6,5,24,27,12,4,12
Fabric8 :: Kubernetes Model,io.fabric8.kubernetes.api.model,WatchEventFluentImpl.AWSElasticBlockStoreVolumeSourceObjectNestedImpl,35,0,0,0,8,0,4,0,4,0
Fabric8 :: Kubernetes Model,io.fabric8.kubernetes.api.model,ReplicationControllerStatus,385,0,62,0,35,0,51,0,20,0
Fabric8 :: Kubernetes Model,io.fabric8.kubernetes.api.model,WatchEventFluentImpl.GitRepoVolumeSourceObjectNestedImpl,35,0,0,0,8,0,4,0,4,0
Fabric8 :: Kubernetes Model,io.fabric8.kubernetes.api.model,EnvVarSource,165,118,40,6,9,17,29,10,6,10
Fabric8 :: Kubernetes Model,io.fabric8.kubernetes.api.model,ContainerBuilder,322,337,29,1,63,63,20,8,5,8
Fabric8 :: Kubernetes Model,io.fabric8.kubernetes.api.model,EnvVarBuilder,142,103,29,1,27,27,20,8,5,8
Fabric8 :: Kubernetes Model,io.fabric8.kubernetes.api.model,VolumeFluentImpl.QuobyteNestedImpl,35,0,0,0,8,0,4,0,4,0
Fabric8 :: Kubernetes Model,io.fabric8.kubernetes.api.model,NamespaceStatusBuilder,199,0,30,0,46,0,28,0,13,0
Fabric8 :: Kubernetes Model,io.fabric8.kubernetes.api.model,ServiceSpec,362,365,103,15,1,64,61,32,2,32
Fabric8 :: Kubernetes Model,io.fabric8.kubernetes.api.model,DoneableRBDVolumeSource.new Function() {...},8,0,0,0,2,0,2,0,2,0
[...]
Fabric8 :: Kubernetes Model,io.fabric8.kubernetes.api.model.apps,StatefulSetFluentImpl.MetadataNestedImpl,35,0,0,0,8,0,4,0,4,0
Fabric8 :: Kubernetes Model,io.fabric8.kubernetes.api.model.apps,DeploymentConditionFluentImpl,247,0,56,0,39,0,49,0,21,0
Fabric8 :: Kubernetes Model,io.fabric8.kubernetes.api.model.apps,DoneableDaemonSetSpec.new Function() {...},8,0,0,0,2,0,2,0,2,0
Fabric8 :: Kubernetes Model,io.fabric8.kubernetes.api.model.apps,DeploymentFluentImpl.StatusNestedImpl,35,0,0,0,8,0,4,0,4,0
Fabric8 :: Kubernetes Model,io.fabric8.kubernetes.api.model.apps,DoneableDeployment.new Function() {...},8,0,0,0,2,0,2,0,2,0
Fabric8 :: Kubernetes Model,io.fabric8.kubernetes.api.model.apps,StatefulSetBuilder,291,0,30,0,62,0,28,0,13,0
Fabric8 :: Kubernetes Model,io.fabric8.kubernetes.api.model.apps,DaemonSetListBuilder,268,0,30,0,58,0,28,0,13,0
Fabric8 :: Kubernetes Model,io.fabric8.kubernetes.api.model.apps,StatefulSetSpec,477,0,78,0,43,0,63,0,24,0
Fabric8 :: Kubernetes Model,io.fabric8.kubernetes.api.model.apps,DoneableReplicaSetStatus.new Function() {...},8,0,0,0,2,0,2,0,2,0
Fabric8 :: Kubernetes Model,io.fabric8.kubernetes.api.model.apps,ReplicaSetListFluentImpl.MetadataNestedImpl,35,0,0,0,8,0,4,0,4,0
Fabric8 :: Kubernetes Model,io.fabric8.kubernetes.api.model.apps,RollingUpdateDaemonSetFluentImpl,152,0,26,0,23,0,27,0,14,0
Fabric8 :: Kubernetes Model,io.fabric8.kubernetes.api.model.apps,StatefulSetSpecFluentImpl.SelectorNestedImpl,35,0,0,0,8,0,4,0,4,0
Fabric8 :: Kubernetes Model,io.fabric8.kubernetes.api.model.apps,DeploymentStrategyFluentImpl.RollingUpdateNestedImpl,13,22,0,0,3,5,1,3,1,3
Fabric8 :: Kubernetes Model,io.fabric8.kubernetes.api.model.apps,DaemonSetFluentImpl,424,0,78,0,55,0,75,0,36,0
Fabric8 :: Kubernetes Model,io.fabric8.kubernetes.api.model.apps,DaemonSetSpec,329,0,54,0,30,0,45,0,18,0
Fabric8 :: Kubernetes Model,io.fabric8.kubernetes.api.model.apps,DoneableStatefulSetStatus.new Function() {...},8,0,0,0,2,0,2,0,2,0
Fabric8 :: Kubernetes Model,io.fabric8.kubernetes.api.model.apps,DoneableDaemonSet.new Function() {...},8,0,0,0,2,0,2,0,2,0
Fabric8 :: Kubernetes Model,io.fabric8.kubernetes.api.model.apps,DeploymentFluentImpl.MetadataNestedImpl,13,22,0,0,3,5,1,3,1,3
Fabric8 :: Kubernetes Model,io.fabric8.kubernetes.api.model.apps,Deployment,181,160,47,7,5,27,31,14,4,14
Fabric8 :: Kubernetes Model,io.fabric8.kubernetes.api.model.apps,DeploymentStrategyBuilder,144,78,29,1,29,21,22,6,7,6
Fabric8 :: Kubernetes Model,io.fabric8.kubernetes.api.model.apps,DoneableRollingUpdateStatefulSetStrategy,51,0,0,0,7,0,4,0,4,0
Fabric8 :: Kubernetes Model,io.fabric8.kubernetes.api.model.apps,ReplicaSetStatusBuilder,314,0,30,0,66,0,28,0,13,0
Fabric8 :: Kubernetes Model,io.fabric8.kubernetes.api.model.apps,DoneableDaemonSet,51,0,0,0,7,0,4,0,4,0
Fabric8 :: Kubernetes Model,io.fabric8.kubernetes.api.model.apps,DeploymentList,157,148,40,6,5,24,27,12,4,12
Fabric8 :: Kubernetes Model,io.fabric8.kubernetes.api.model.apps,DaemonSet,341,0,54,0,32,0,45,0,18,0
Fabric8 :: Kubernetes Model,io.fabric8.kubernetes.api.model.apps,DoneableDaemonSetCondition.new Function() {...},8,0,0,0,2,0,2,0,2,0
Fabric8 :: Kubernetes Model,io.fabric8.kubernetes.api.model.apps,DoneableReplicaSetList.new Function() {...},8,0,0,0,2,0,2,0,2,0
Fabric8 :: Kubernetes Model,io.fabric8.kubernetes.api.model.apps,ReplicaSetStatus,385,0,62,0,35,0,51,0,20,0
Fabric8 :: Kubernetes Model,io.fabric8.kubernetes.api.model.apps,DoneableDeploymentStrategy.new Function() {...},8,0,0,0,2,0,2,0,2,0
Fabric8 :: Kubernetes Model,io.fabric8.kubernetes.api.model.apps,StatefulSetFluentImpl.SpecNestedImpl,35,0,0,0,8,0,4,0,4,0
Fabric8 :: Kubernetes Model,io.fabric8.kubernetes.api.model.apps,StatefulSetSpecFluentImpl,1004,0,164,0,106,0,146,0,64,0
Fabric8 :: Kubernetes Model,io.fabric8.kubernetes.api.model.apps,DoneableDeploymentStatus.new Function() {...},8,0,0,0,2,0,2,0,2,0
Fabric8 :: Kubernetes Model,io.fabric8.kubernetes.api.model.apps,DeploymentFluentImpl.SpecNestedImpl,13,22,0,0,3,5,1,3,1,3
Fabric8 :: Kubernetes Model,io.fabric8.kubernetes.api.model.apps,ReplicaSetFluentImpl.StatusNestedImpl,35,0,0,0,8,0,4,0,4,0
Fabric8 :: Kubernetes Model,io.fabric8.kubernetes.api.model.apps,DeploymentStatusBuilder,360,0,30,0,74,0,28,0,13,0
Fabric8 :: Kubernetes Model,io.fabric8.kubernetes.api.model.apps,DaemonSetFluentImpl.StatusNestedImpl,35,0,0,0,8,0,4,0,4,0
Fabric8 :: Kubernetes Model,io.fabric8.kubernetes.api.model.apps,StatefulSetSpecFluentImpl.VolumeClaimTemplatesNestedImpl,43,0,0,0,10,0,4,0,4,0
Fabric8 :: Kubernetes Model,io.fabric8.kubernetes.api.model.apps,RollingUpdateDeploymentFluentImpl,210,63,38,6,29,8,40,7,20,5
Fabric8 :: Kubernetes Model,io.fabric8.kubernetes.api.model.apps,ReplicaSetSpecFluentImpl.TemplateNestedImpl,35,0,0,0,8,0,4,0,4,0
Fabric8 :: Kubernetes Model,io.fabric8.kubernetes.api.model.apps,DeploymentBuilder,216,75,29,1,46,16,24,4,9,4
Fabric8 :: Kubernetes Model,io.fabric8.kubernetes.api.model.apps,ReplicaSetListBuilder,201,67,29,1,43,15,24,4,9,4
Fabric8 :: Kubernetes Model,io.fabric8.kubernetes.api.model.apps,ReplicaSetConditionFluentImpl,211,0,48,0,34,0,42,0,18,0
Fabric8 :: Kubernetes Model,io.fabric8.kubernetes.api.model.apps,StatefulSetListFluentImpl.MetadataNestedImpl,35,0,0,0,8,0,4,0,4,0
Fabric8 :: Kubernetes Model,io.fabric8.kubernetes.api.model.apps,DaemonSetStatusFluentImpl,893,0,150,0,98,0,130,0,55,0
Fabric8 :: Kubernetes Model,io.fabric8.kubernetes.api.model.apps,StatefulSetSpecFluentImpl.UpdateStrategyNestedImpl,35,0,0,0,8,0,4,0,4,0
Fabric8 :: Kubernetes Model,io.fabric8.kubernetes.api.model.apps,DeploymentStrategyFluentImpl,128,46,31,3,18,8,25,7,9,6
Fabric8 :: Kubernetes Model,io.fabric8.kubernetes.api.model.apps,DeploymentSpecBuilder,204,156,29,1,41,33,22,6,7,6
Fabric8 :: Kubernetes Model,io.fabric8.kubernetes.api.model.apps,DoneableDaemonSetList,51,0,0,0,7,0,4,0,4,0
Fabric8 :: Kubernetes Model,io.fabric8.kubernetes.api.model.apps,RollingUpdateStatefulSetStrategyBuilder,199,0,30,0,46,0,28,0,13,0
Fabric8 :: Kubernetes Model,io.fabric8.kubernetes.api.model.apps,DeploymentSpecFluentImpl.SelectorNestedImpl,13,22,0,0,3,5,1,3,1,3
Fabric8 :: Kubernetes Model,io.fabric8.kubernetes.api.model.apps,StatefulSetList,305,0,46,0,29,0,39,0,16,0
Fabric8 :: Kubernetes Model,io.fabric8.kubernetes.api.model.apps,DeploymentStatusFluentImpl.ConditionsNestedImpl,43,0,0,0,10,0,4,0,4,0
Fabric8 :: Kubernetes Model,io.fabric8.kubernetes.api.model.apps,StatefulSetSpecBuilder,360,0,30,0,74,0,28,0,13,0
Fabric8 :: Kubernetes Model,io.fabric8.kubernetes.api.model.apps,DoneableDaemonSetList.new Function() {...},8,0,0,0,2,0,2,0,2,0
Fabric8 :: Kubernetes Model,io.fabric8.kubernetes.api.model.apps,DeploymentSpecFluentImpl.StrategyNestedImpl,13,22,0,0,3,5,1,3,1,3
Fabric8 :: Kubernetes Model,io.fabric8.kubernetes.api.model.apps,DoneableStatefulSetCondition,51,0,0,0,7,0,4,0,4,0
Fabric8 :: Kubernetes Model,io.fabric8.kubernetes.api.model.apps,RollingUpdateStatefulSetStrategy,145,0,22,0,14,0,21,0,10,0
Fabric8 :: Kubernetes Model,io.fabric8.kubernetes.api.model.apps,DaemonSetUpdateStrategy,191,0,30,0,18,0,27,0,12,0
Fabric8 :: Kubernetes Model,io.fabric8.kubernetes.api.model.apps,DoneableStatefulSetUpdateStrategy,51,0,0,0,7,0,4,0,4,0
Fabric8 :: Kubernetes Model,io.fabric8.kubernetes.api.model.apps,DoneableRollingUpdateDeployment.new Function() {...},8,0,0,0,2,0,2,0,2,0
Fabric8 :: Kubernetes Model,io.fabric8.kubernetes.api.model.apps,StatefulSetUpdateStrategyBuilder,222,0,30,0,50,0,28,0,13,0
Fabric8 :: Kubernetes Model,io.fabric8.kubernetes.api.model.apps,DaemonSetListFluentImpl.ItemsNestedImpl,43,0,0,0,10,0,4,0,4,0
Fabric8 :: Kubernetes Model,io.fabric8.kubernetes.api.model.apps,RollingUpdateDaemonSetBuilder,199,0,30,0,46,0,28,0,13,0
Fabric8 :: Kubernetes Model,io.fabric8.kubernetes.api.model.apps,StatefulSetConditionBuilder,291,0,30,0,62,0,28,0,13,0
Fabric8 :: Kubernetes Model,io.fabric8.kubernetes.api.model.apps,DaemonSetSpecFluentImpl.TemplateNestedImpl,35,0,0,0,8,0,4,0,4,0
Fabric8 :: Kubernetes Model,io.fabric8.kubernetes.api.model.apps,DoneableReplicaSet,51,0,0,0,7,0,4,0,4,0
Fabric8 :: Kubernetes Model,io.fabric8.kubernetes.api.model.apps,StatefulSetFluentImpl,424,0,78,0,55,0,75,0,36,0
Fabric8 :: Kubernetes Model,io.fabric8.kubernetes.api.model.apps,DeploymentSpec,242,225,68,10,1,41,41,22,2,22
Fabric8 :: Kubernetes Model,io.fabric8.kubernetes.api.model.apps,DoneableDaemonSetCondition,51,0,0,0,7,0,4,0,4,0
Fabric8 :: Kubernetes Model,io.fabric8.kubernetes.api.model.apps,RollingUpdateDeployment,105,86,26,4,3,15,18,9,3,9
Fabric8 :: Kubernetes Model,io.fabric8.kubernetes.api.model.apps,DaemonSetStatusBuilder,406,0,30,0,82,0,28,0,13,0
Fabric8 :: Kubernetes Model,io.fabric8.kubernetes.api.model.apps,DaemonSetList,305,0,46,0,29,0,39,0,16,0
Fabric8 :: Kubernetes Model,io.fabric8.kubernetes.api.model.apps,DoneableReplicaSetSpec,51,0,0,0,7,0,4,0,4,0
Fabric8 :: Kubernetes Model,io.fabric8.kubernetes.api.model.apps,DoneableDeploymentList.new Function() {...},8,0,0,0,2,0,2,0,2,0
Fabric8 :: Kubernetes Model,io.fabric8.kubernetes.api.model.apps,DoneableDeploymentSpec.new Function() {...},8,0,0,0,2,0,2,0,2,0
Fabric8 :: Kubernetes Model,io.fabric8.kubernetes.api.model.apps,StatefulSetUpdateStrategyFluentImpl,181,0,34,0,27,0,33,0,16,0
Fabric8 :: Kubernetes Model,io.fabric8.kubernetes.api.model.apps,DoneableReplicaSetCondition,51,0,0,0,7,0,4,0,4,0
Fabric8 :: Kubernetes Model,io.fabric8.kubernetes.api.model.apps,StatefulSetUpdateStrategyFluentImpl.RollingUpdateNestedImpl,35,0,0,0,8,0,4,0,4,0
Fabric8 :: Kubernetes Model,io.fabric8.kubernetes.api.model.apps,DeploymentStatusFluentImpl,805,0,134,0,87,0,115,0,48,0
Fabric8 :: Kubernetes Model,io.fabric8.kubernetes.api.model.apps,DeploymentConditionBuilder,314,0,30,0,66,0,28,0,13,0
Fabric8 :: Kubernetes Model,io.fabric8.kubernetes.api.model.apps,DaemonSetUpdateStrategyFluentImpl.RollingUpdateNestedImpl,35,0,0,0,8,0,4,0,4,0
Fabric8 :: Kubernetes Model,io.fabric8.kubernetes.api.model.apps,RollingUpdateDaemonSet,145,0,22,0,14,0,21,0,10,0
Fabric8 :: Kubernetes Model,io.fabric8.kubernetes.api.model.apps,StatefulSetFluentImpl.StatusNestedImpl,35,0,0,0,8,0,4,0,4,0
Fabric8 :: Kubernetes Model,io.fabric8.kubernetes.api.model.apps,StatefulSetCondition,329,0,54,0,30,0,45,0,18,0
Fabric8 :: Kubernetes Model,io.fabric8.kubernetes.api.model.apps,DoneableReplicaSetStatus,51,0,0,0,7,0,4,0,4,0
Fabric8 :: Kubernetes Model,io.fabric8.kubernetes.api.model.apps,RollingUpdateStatefulSetStrategyFluentImpl,67,0,16,0,14,0,14,0,6,0
Fabric8 :: Kubernetes Model,io.fabric8.kubernetes.api.model.apps,StatefulSetListFluentImpl,727,0,112,0,73,0,97,0,41,0
Fabric8 :: Kubernetes Model,io.fabric8.kubernetes.api.model.apps,StatefulSet,341,0,54,0,32,0,45,0,18,0
Fabric8 :: Kubernetes Model,io.fabric8.kubernetes.api.model.apps,RollingUpdateDeploymentFluentImpl.MaxUnavailableNestedImpl,35,0,0,0,8,0,4,0,4,0
Fabric8 :: Kubernetes Model,io.fabric8.kubernetes.api.model.apps,DeploymentListFluentImpl.MetadataNestedImpl,35,0,0,0,8,0,4,0,4,0
Fabric8 :: Kubernetes Model,io.fabric8.kubernetes.api.model.apps,DaemonSetSpecBuilder,291,0,30,0,62,0,28,0,13,0
Fabric8 :: Kubernetes Model,io.fabric8.kubernetes.api.model.apps,DaemonSetUpdateStrategyFluentImpl,174,0,34,0,26,0,32,0,15,0
Fabric8 :: Kubernetes Model,io.fabric8.kubernetes.api.model.apps,DaemonSetBuilder,291,0,30,0,62,0,28,0,13,0
Fabric8 :: Kubernetes Model,io.fabric8.kubernetes.api.model.apps,RollingUpdateDeploymentFluentImpl.MaxSurgeNestedImpl,35,0,0,0,8,0,4,0,4,0
Fabric8 :: Kubernetes Model,io.fabric8.kubernetes.api.model.apps,DoneableDaemonSetSpec,51,0,0,0,7,0,4,0,4,0
Fabric8 :: Kubernetes Model,io.fabric8.kubernetes.api.model.apps,ReplicaSetStatusFluentImpl.ConditionsNestedImpl,43,0,0,0,10,0,4,0,4,0
Fabric8 :: Kubernetes Model,io.fabric8.kubernetes.api.model.apps,ReplicaSetSpecFluentImpl,317,0,60,0,43,0,57,0,27,0
Fabric8 :: Kubernetes Model,io.fabric8.kubernetes.api.model.apps,StatefulSetUpdateStrategy,191,0,30,0,18,0,27,0,12,0
Fabric8 :: Kubernetes Model,io.fabric8.kubernetes.api.model.apps,ReplicaSet,341,0,54,0,32,0,45,0,18,0
Fabric8 :: Kubernetes Model,io.fabric8.kubernetes.api.model.apps,ReplicaSetFluentImpl.SpecNestedImpl,35,0,0,0,8,0,4,0,4,0
Fabric8 :: Kubernetes Model,io.fabric8.kubernetes.api.model.apps,ReplicaSetListFluentImpl.ItemsNestedImpl,43,0,0,0,10,0,4,0,4,0
Fabric8 :: Kubernetes Model,io.fabric8.kubernetes.api.model.apps,DoneableStatefulSet.new Function() {...},8,0,0,0,2,0,2,0,2,0
Fabric8 :: Kubernetes Model,io.fabric8.kubernetes.api.model.apps,DoneableDeployment,51,0,0,0,7,0,4,0,4,0
Fabric8 :: Kubernetes Model,io.fabric8.kubernetes.api.model.apps,RollingUpdateDeploymentBuilder,144,78,29,1,29,21,22,6,7,6
Fabric8 :: Kubernetes Model,io.fabric8.kubernetes.api.model.apps,StatefulSetStatusBuilder,383,0,30,0,78,0,28,0,13,0
Fabric8 :: Kubernetes Model,io.fabric8.kubernetes.api.model.apps,DoneableDaemonSetUpdateStrategy.new Function() {...},8,0,0,0,2,0,2,0,2,0
Fabric8 :: Kubernetes Model,io.fabric8.kubernetes.api.model.apps,StatefulSetStatusFluentImpl,857,0,142,0,93,0,123,0,52,0
Fabric8 :: Kubernetes Model,io.fabric8.kubernetes.api.model.apps,ReplicaSetListFluentImpl,660,67,105,7,59,14,87,10,31,10
Fabric8 :: Kubernetes Model,io.fabric8.kubernetes.api.model.apps,DaemonSetCondition,329,0,54,0,30,0,45,0,18,0
Fabric8 :: Kubernetes Model,io.fabric8.kubernetes.api.model.apps,DaemonSetSpecFluentImpl.UpdateStrategyNestedImpl,35,0,0,0,8,0,4,0,4,0
Fabric8 :: Kubernetes Model,io.fabric8.kubernetes.api.model.apps,DoneableDaemonSetStatus.new Function() {...},8,0,0,0,2,0,2,0,2,0
Fabric8 :: Kubernetes Model,io.fabric8.kubernetes.api.model.apps,DoneableReplicaSetSpec.new Function() {...},8,0,0,0,2,0,2,0,2,0
Fabric8 :: Kubernetes Model,io.fabric8.kubernetes.api.model.apps,DoneableStatefulSetStatus,51,0,0,0,7,0,4,0,4,0
Fabric8 :: Kubernetes Model,io.fabric8.kubernetes.api.model.apps,DoneableDeploymentStrategy,51,0,0,0,7,0,4,0,4,0
Fabric8 :: Kubernetes Model,io.fabric8.kubernetes.api.model.apps,DeploymentSpecFluentImpl.TemplateNestedImpl,13,22,0,0,3,5,1,3,1,3
Fabric8 :: Kubernetes Model,io.fabric8.kubernetes.api.model.apps,DoneableRollingUpdateStatefulSetStrategy.new Function() {...},8,0,0,0,2,0,2,0,2,0
Fabric8 :: Kubernetes Model,io.fabric8.kubernetes.api.model.apps,ReplicaSetStatusFluentImpl,749,0,118,0,78,0,102,0,43,0
Fabric8 :: Kubernetes Model,io.fabric8.kubernetes.api.model.apps,ReplicaSetSpecBuilder,268,0,30,0,58,0,28,0,13,0
Fabric8 :: Kubernetes Model,io.fabric8.kubernetes.api.model.apps,DeploymentFluentImpl,320,104,70,8,38,17,60,15,23,13
Fabric8 :: Kubernetes Model,io.fabric8.kubernetes.api.model.apps,DoneableDeploymentCondition.new Function() {...},8,0,0,0,2,0,2,0,2,0
Fabric8 :: Kubernetes Model,io.fabric8.kubernetes.api.model.apps,DeploymentListFluentImpl.ItemsNestedImpl,43,0,0,0,10,0,4,0,4,0
Fabric8 :: Kubernetes Model,io.fabric8.kubernetes.api.model.apps,DoneableStatefulSetUpdateStrategy.new Function() {...},8,0,0,0,2,0,2,0,2,0
Fabric8 :: Kubernetes Model,io.fabric8.kubernetes.api.model.apps,DoneableDeploymentList,51,0,0,0,7,0,4,0,4,0
Fabric8 :: Kubernetes Model,io.fabric8.kubernetes.api.model.apps,DoneableRollingUpdateDaemonSet.new Function() {...},8,0,0,0,2,0,2,0,2,0
Fabric8 :: Kubernetes Model,io.fabric8.kubernetes.api.model.apps,DoneableReplicaSetList,51,0,0,0,7,0,4,0,4,0
Fabric8 :: Kubernetes Model,io.fabric8.kubernetes.api.model.apps,DeploymentSpecFluentImpl,398,148,93,9,48,24,75,23,27,20
Fabric8 :: Kubernetes Model,io.fabric8.kubernetes.api.model.apps,ReplicaSetList,157,148,40,6,5,24,27,12,4,12
Fabric8 :: Kubernetes Model,io.fabric8.kubernetes.api.model.apps,DoneableDaemonSetUpdateStrategy,51,0,0,0,7,0,4,0,4,0
Fabric8 :: Kubernetes Model,io.fabric8.kubernetes.api.model.apps,DaemonSetUpdateStrategyBuilder,222,0,30,0,50,0,28,0,13,0
Fabric8 :: Kubernetes Model,io.fabric8.kubernetes.api.model.apps,DaemonSetConditionBuilder,291,0,30,0,62,0,28,0,13,0
Fabric8 :: Kubernetes Model,io.fabric8.kubernetes.api.model.apps,DoneableDeploymentCondition,51,0,0,0,7,0,4,0,4,0
Fabric8 :: Kubernetes Model,io.fabric8.kubernetes.api.model.apps,DeploymentListFluentImpl,660,67,105,7,59,14,87,10,31,10
Fabric8 :: Kubernetes Model,io.fabric8.kubernetes.api.model.apps,DaemonSetSpecFluentImpl.SelectorNestedImpl,35,0,0,0,8,0,4,0,4,0
Fabric8 :: Kubernetes Model,io.fabric8.kubernetes.api.model.apps,DoneableStatefulSetCondition.new Function() {...},8,0,0,0,2,0,2,0,2,0
Fabric8 :: Kubernetes Model,io.fabric8.kubernetes.api.model.apps,DeploymentListBuilder,201,67,29,1,43,15,24,4,9,4
Fabric8 :: Kubernetes Model,io.fabric8.kubernetes.api.model.apps,DoneableRollingUpdateDeployment,51,0,0,0,7,0,4,0,4,0
Fabric8 :: Kubernetes Model,io.fabric8.kubernetes.api.model.apps,DaemonSetFluentImpl.MetadataNestedImpl,35,0,0,0,8,0,4,0,4,0
Fabric8 :: Kubernetes Model,io.fabric8.kubernetes.api.model.apps,StatefulSetStatusFluentImpl.ConditionsNestedImpl,43,0,0,0,10,0,4,0,4,0
Fabric8 :: Kubernetes Model,io.fabric8.kubernetes.api.model.apps,DoneableDaemonSetStatus,51,0,0,0,7,0,4,0,4,0
Fabric8 :: Kubernetes Model,io.fabric8.kubernetes.api.model.apps,ReplicaSetConditionBuilder,291,0,30,0,62,0,28,0,13,0
Fabric8 :: Kubernetes Model,io.fabric8.kubernetes.api.model.apps,StatefulSetListBuilder,268,0,30,0,58,0,28,0,13,0
Fabric8 :: Kubernetes Model,io.fabric8.kubernetes.api.model.apps,DoneableStatefulSet,51,0,0,0,7,0,4,0,4,0
Fabric8 :: Kubernetes Model,io.fabric8.kubernetes.api.model.apps,DaemonSetStatus,569,0,94,0,51,0,75,0,28,0
Fabric8 :: Kubernetes Model,io.fabric8.kubernetes.api.model.apps,DeploymentCondition,375,0,62,0,34,0,51,0,20,0
Fabric8 :: Kubernetes Model,io.fabric8.kubernetes.api.model.apps,DoneableStatefulSetList,51,0,0,0,7,0,4,0,4,0
Fabric8 :: Kubernetes Model,io.fabric8.kubernetes.api.model.apps,DaemonSetConditionFluentImpl,211,0,48,0,34,0,42,0,18,0
Fabric8 :: Kubernetes Model,io.fabric8.kubernetes.api.model.apps,DoneableStatefulSetSpec,51,0,0,0,7,0,4,0,4,0
Fabric8 :: Kubernetes Model,io.fabric8.kubernetes.api.model.apps,ReplicaSetFluentImpl,424,0,78,0,55,0,75,0,36,0
Fabric8 :: Kubernetes Model,io.fabric8.kubernetes.api.model.apps,DoneableReplicaSet.new Function() {...},8,0,0,0,2,0,2,0,2,0
Fabric8 :: Kubernetes Model,io.fabric8.kubernetes.api.model.apps,DaemonSetListFluentImpl,727,0,112,0,73,0,97,0,41,0
Fabric8 :: Kubernetes Model,io.fabric8.kubernetes.api.model.apps,DaemonSetStatusFluentImpl.ConditionsNestedImpl,43,0,0,0,10,0,4,0,4,0
Fabric8 :: Kubernetes Model,io.fabric8.kubernetes.api.model.apps,StatefulSetConditionFluentImpl,211,0,48,0,34,0,42,0,18,0
Fabric8 :: Kubernetes Model,io.fabric8.kubernetes.api.model.apps,DoneableDeploymentSpec,51,0,0,0,7,0,4,0,4,0
Fabric8 :: Kubernetes Model,io.fabric8.kubernetes.api.model.apps,DeploymentStatus,477,0,78,0,43,0,63,0,24,0
Fabric8 :: Kubernetes Model,io.fabric8.kubernetes.api.model.apps,DoneableReplicaSetCondition.new Function() {...},8,0,0,0,2,0,2,0,2,0
Fabric8 :: Kubernetes Model,io.fabric8.kubernetes.api.model.apps,DeploymentStrategy,105,86,26,4,3,15,18,9,3,9
Fabric8 :: Kubernetes Model,io.fabric8.kubernetes.api.model.apps,RollingUpdateDaemonSetFluentImpl.MaxUnavailableNestedImpl,35,0,0,0,8,0,4,0,4,0
Fabric8 :: Kubernetes Model,io.fabric8.kubernetes.api.model.apps,ReplicaSetSpec,283,0,46,0,26,0,39,0,16,0
Fabric8 :: Kubernetes Model,io.fabric8.kubernetes.api.model.apps,ReplicaSetBuilder,291,0,30,0,62,0,28,0,13,0
Fabric8 :: Kubernetes Model,io.fabric8.kubernetes.api.model.apps,ReplicaSetFluentImpl.MetadataNestedImpl,35,0,0,0,8,0,4,0,4,0
Fabric8 :: Kubernetes Model,io.fabric8.kubernetes.api.model.apps,DoneableStatefulSetSpec.new Function() {...},8,0,0,0,2,0,2,0,2,0
Fabric8 :: Kubernetes Model,io.fabric8.kubernetes.api.model.apps,ReplicaSetSpecFluentImpl.SelectorNestedImpl,35,0,0,0,8,0,4,0,4,0
Fabric8 :: Kubernetes Model,io.fabric8.kubernetes.api.model.apps,DaemonSetFluentImpl.SpecNestedImpl,35,0,0,0,8,0,4,0,4,0
Fabric8 :: Kubernetes Model,io.fabric8.kubernetes.api.model.apps,DoneableStatefulSetList.new Function() {...},8,0,0,0,2,0,2,0,2,0
Fabric8 :: Kubernetes Model,io.fabric8.kubernetes.api.model.apps,DaemonSetListFluentImpl.MetadataNestedImpl,35,0,0,0,8,0,4,0,4,0
